<?xml version="1.0" encoding="UTF-8"?>
<coverage generated="1697034674613" clover="3.2.0">
  <project timestamp="1697034674613" name="All files">
    <metrics statements="1388" coveredstatements="791" conditionals="1103" coveredconditionals="489" methods="323" coveredmethods="187" elements="2814" coveredelements="1467" complexity="0" loc="1388" ncloc="1388" packages="15" files="38" classes="38"/>
    <package name="src">
      <metrics statements="0" coveredstatements="0" conditionals="0" coveredconditionals="0" methods="0" coveredmethods="0"/>
      <file name="index.js" path="/Users/fernandoleemons/Leemons/bubbles/packages/calendars/src/index.js">
        <metrics statements="0" coveredstatements="0" conditionals="0" coveredconditionals="0" methods="0" coveredmethods="0"/>
      </file>
    </package>
    <package name="src.BigCalendar">
      <metrics statements="122" coveredstatements="70" conditionals="130" coveredconditionals="80" methods="32" coveredmethods="21"/>
      <file name="BigCalendar.constants.js" path="/Users/fernandoleemons/Leemons/bubbles/packages/calendars/src/BigCalendar/BigCalendar.constants.js">
        <metrics statements="7" coveredstatements="7" conditionals="0" coveredconditionals="0" methods="0" coveredmethods="0"/>
        <line num="5" count="1" type="stmt"/>
        <line num="6" count="1" type="stmt"/>
        <line num="7" count="1" type="stmt"/>
        <line num="8" count="1" type="stmt"/>
        <line num="10" count="1" type="stmt"/>
        <line num="12" count="1" type="stmt"/>
        <line num="46" count="1" type="stmt"/>
      </file>
      <file name="BigCalendar.js" path="/Users/fernandoleemons/Leemons/bubbles/packages/calendars/src/BigCalendar/BigCalendar.js">
        <metrics statements="74" coveredstatements="54" conditionals="46" coveredconditionals="37" methods="20" coveredmethods="13"/>
        <line num="27" count="1" type="stmt"/>
        <line num="65" count="28" type="stmt"/>
        <line num="66" count="28" type="stmt"/>
        <line num="67" count="28" type="stmt"/>
        <line num="68" count="28" type="stmt"/>
        <line num="70" count="28" type="stmt"/>
        <line num="86" count="28" type="cond" truecount="1" falsecount="1"/>
        <line num="87" count="0" type="stmt"/>
        <line num="88" count="0" type="stmt"/>
        <line num="90" count="28" type="stmt"/>
        <line num="91" count="28" type="stmt"/>
        <line num="94" count="28" type="cond" truecount="1" falsecount="1"/>
        <line num="95" count="0" type="stmt"/>
        <line num="101" count="28" type="stmt"/>
        <line num="102" count="10" type="stmt"/>
        <line num="106" count="1142" type="stmt"/>
        <line num="114" count="28" type="stmt"/>
        <line num="115" count="26" type="stmt"/>
        <line num="116" count="26" type="cond" truecount="2" falsecount="0"/>
        <line num="117" count="16" type="stmt"/>
        <line num="118" count="176" type="cond" truecount="1" falsecount="1"/>
        <line num="119" count="0" type="stmt"/>
        <line num="123" count="0" type="stmt"/>
        <line num="146" count="0" type="stmt"/>
        <line num="147" count="0" type="stmt"/>
        <line num="148" count="0" type="stmt"/>
        <line num="149" count="0" type="stmt"/>
        <line num="150" count="0" type="stmt"/>
        <line num="157" count="176" type="stmt"/>
        <line num="162" count="176" type="stmt"/>
        <line num="167" count="176" type="cond" truecount="4" falsecount="0"/>
        <line num="168" count="29" type="stmt"/>
        <line num="173" count="26" type="stmt"/>
        <line num="179" count="28" type="stmt"/>
        <line num="180" count="0" type="stmt"/>
        <line num="181" count="0" type="stmt"/>
        <line num="184" count="28" type="stmt"/>
        <line num="185" count="17" type="stmt"/>
        <line num="186" count="17" type="cond" truecount="4" falsecount="0"/>
        <line num="187" count="1" type="stmt"/>
        <line num="188" count="1" type="stmt"/>
        <line num="189" count="1" type="stmt"/>
        <line num="193" count="16" type="cond" truecount="4" falsecount="0"/>
        <line num="194" count="1" type="stmt"/>
        <line num="195" count="1" type="stmt"/>
        <line num="196" count="1" type="stmt"/>
        <line num="200" count="15" type="cond" truecount="1" falsecount="1"/>
        <line num="201" count="0" type="stmt"/>
        <line num="204" count="17" type="cond" truecount="1" falsecount="1"/>
        <line num="205" count="17" type="stmt"/>
        <line num="206" count="17" type="stmt"/>
        <line num="207" count="17" type="stmt"/>
        <line num="208" count="17" type="stmt"/>
        <line num="212" count="28" type="stmt"/>
        <line num="213" count="1" type="stmt"/>
        <line num="214" count="1" type="stmt"/>
        <line num="217" count="28" type="stmt"/>
        <line num="218" count="0" type="stmt"/>
        <line num="219" count="0" type="stmt"/>
        <line num="225" count="28" type="stmt"/>
        <line num="226" count="10" type="cond" truecount="3" falsecount="1"/>
        <line num="227" count="0" type="stmt"/>
        <line num="228" count="0" type="stmt"/>
        <line num="229" count="0" type="stmt"/>
        <line num="231" count="10" type="stmt"/>
        <line num="232" count="10" type="cond" truecount="2" falsecount="2"/>
        <line num="233" count="0" type="stmt"/>
        <line num="234" count="0" type="stmt"/>
        <line num="242" count="28" type="stmt"/>
        <line num="248" count="28" type="stmt"/>
        <line num="257" count="30" type="stmt"/>
        <line num="305" count="1" type="stmt"/>
        <line num="306" count="1" type="stmt"/>
        <line num="311" count="1" type="stmt"/>
      </file>
      <file name="BigCalendar.stories.js" path="/Users/fernandoleemons/Leemons/bubbles/packages/calendars/src/BigCalendar/BigCalendar.stories.js">
        <metrics statements="32" coveredstatements="0" conditionals="2" coveredconditionals="0" methods="4" coveredmethods="0"/>
        <line num="33" count="0" type="stmt"/>
        <line num="35" count="0" type="stmt"/>
        <line num="37" count="0" type="stmt"/>
        <line num="38" count="0" type="cond" truecount="0" falsecount="2"/>
        <line num="39" count="0" type="stmt"/>
        <line num="54" count="0" type="stmt"/>
        <line num="57" count="0" type="stmt"/>
        <line num="59" count="0" type="stmt"/>
        <line num="66" count="0" type="stmt"/>
        <line num="68" count="0" type="stmt"/>
        <line num="70" count="0" type="stmt"/>
        <line num="84" count="0" type="stmt"/>
        <line num="85" count="0" type="stmt"/>
        <line num="86" count="0" type="stmt"/>
        <line num="87" count="0" type="stmt"/>
        <line num="88" count="0" type="stmt"/>
        <line num="89" count="0" type="stmt"/>
        <line num="90" count="0" type="stmt"/>
        <line num="91" count="0" type="stmt"/>
        <line num="93" count="0" type="stmt"/>
        <line num="94" count="0" type="stmt"/>
        <line num="96" count="0" type="stmt"/>
        <line num="106" count="0" type="stmt"/>
        <line num="107" count="0" type="stmt"/>
        <line num="108" count="0" type="stmt"/>
        <line num="109" count="0" type="stmt"/>
        <line num="110" count="0" type="stmt"/>
        <line num="111" count="0" type="stmt"/>
        <line num="112" count="0" type="stmt"/>
        <line num="115" count="0" type="stmt"/>
        <line num="147" count="0" type="stmt"/>
        <line num="149" count="0" type="stmt"/>
      </file>
      <file name="BigCalendar.styles.js" path="/Users/fernandoleemons/Leemons/bubbles/packages/calendars/src/BigCalendar/BigCalendar.styles.js">
        <metrics statements="9" coveredstatements="9" conditionals="82" coveredconditionals="43" methods="8" coveredmethods="8"/>
        <line num="5" count="28" type="stmt"/>
        <line num="35" count="28" type="stmt"/>
        <line num="104" count="28" type="stmt"/>
        <line num="127" count="28" type="stmt"/>
        <line num="133" count="28" type="stmt"/>
        <line num="178" count="28" type="stmt"/>
        <line num="282" count="28" type="stmt"/>
        <line num="386" count="1" type="stmt"/>
        <line num="387" count="28" type="stmt"/>
      </file>
      <file name="index.js" path="/Users/fernandoleemons/Leemons/bubbles/packages/calendars/src/BigCalendar/index.js">
        <metrics statements="0" coveredstatements="0" conditionals="0" coveredconditionals="0" methods="0" coveredmethods="0"/>
      </file>
    </package>
    <package name="src.BigCalendar.addons">
      <metrics statements="138" coveredstatements="121" conditionals="70" coveredconditionals="38" methods="45" coveredmethods="40"/>
      <file name="LuxonLocalizer.js" path="/Users/fernandoleemons/Leemons/bubbles/packages/calendars/src/BigCalendar/addons/LuxonLocalizer.js">
        <metrics statements="138" coveredstatements="121" conditionals="70" coveredconditionals="38" methods="45" coveredmethods="40"/>
        <line num="6" count="6102" type="cond" truecount="2" falsecount="0"/>
        <line num="9" count="1" type="stmt"/>
        <line num="10" count="2" type="stmt"/>
        <line num="11" count="2" type="cond" truecount="1" falsecount="1"/>
        <line num="12" count="2" type="stmt"/>
        <line num="13" count="2" type="stmt"/>
        <line num="18" count="1" type="stmt"/>
        <line num="19" count="2" type="stmt"/>
        <line num="21" count="1" type="stmt"/>
        <line num="22" count="0" type="stmt"/>
        <line num="24" count="1" type="stmt"/>
        <line num="25" count="0" type="stmt"/>
        <line num="27" count="1" type="stmt"/>
        <line num="29" count="1" type="stmt"/>
        <line num="54" count="7892" type="cond" truecount="2" falsecount="0"/>
        <line num="55" count="7892" type="cond" truecount="1" falsecount="1"/>
        <line num="56" count="0" type="stmt"/>
        <line num="57" count="7892" type="cond" truecount="2" falsecount="0"/>
        <line num="58" count="1790" type="stmt"/>
        <line num="60" count="7892" type="stmt"/>
        <line num="68" count="0" type="stmt"/>
        <line num="72" count="1305" type="stmt"/>
        <line num="77" count="3750" type="stmt"/>
        <line num="78" count="3750" type="cond" truecount="2" falsecount="0"/>
        <line num="79" count="3750" type="cond" truecount="2" falsecount="0"/>
        <line num="80" count="3750" type="stmt"/>
        <line num="88" count="45" type="stmt"/>
        <line num="89" count="45" type="cond" truecount="1" falsecount="1"/>
        <line num="90" count="0" type="stmt"/>
        <line num="92" count="45" type="cond" truecount="1" falsecount="1"/>
        <line num="93" count="45" type="stmt"/>
        <line num="95" count="0" type="cond" truecount="0" falsecount="2"/>
        <line num="96" count="0" type="stmt"/>
        <line num="100" count="45" type="stmt"/>
        <line num="101" count="45" type="cond" truecount="1" falsecount="1"/>
        <line num="102" count="45" type="cond" truecount="1" falsecount="1"/>
        <line num="103" count="0" type="stmt"/>
        <line num="105" count="45" type="cond" truecount="1" falsecount="1"/>
        <line num="106" count="45" type="stmt"/>
        <line num="108" count="0" type="cond" truecount="0" falsecount="2"/>
        <line num="109" count="0" type="stmt"/>
        <line num="114" count="1937" type="stmt"/>
        <line num="115" count="1937" type="cond" truecount="1" falsecount="1"/>
        <line num="116" count="1937" type="stmt"/>
        <line num="117" count="1937" type="cond" truecount="2" falsecount="0"/>
        <line num="119" count="0" type="stmt"/>
        <line num="123" count="5" type="stmt"/>
        <line num="128" count="318" type="stmt"/>
        <line num="133" count="78" type="stmt"/>
        <line num="134" count="78" type="cond" truecount="1" falsecount="1"/>
        <line num="135" count="78" type="stmt"/>
        <line num="136" count="78" type="cond" truecount="2" falsecount="0"/>
        <line num="138" count="0" type="stmt"/>
        <line num="142" count="39" type="stmt"/>
        <line num="146" count="1682" type="stmt"/>
        <line num="148" count="1682" type="stmt"/>
        <line num="152" count="1622" type="stmt"/>
        <line num="156" count="168" type="stmt"/>
        <line num="157" count="168" type="stmt"/>
        <line num="161" count="39" type="stmt"/>
        <line num="162" count="39" type="stmt"/>
        <line num="166" count="31" type="stmt"/>
        <line num="167" count="31" type="stmt"/>
        <line num="171" count="1830" type="stmt"/>
        <line num="172" count="1830" type="stmt"/>
        <line num="176" count="180" type="stmt"/>
        <line num="177" count="180" type="stmt"/>
        <line num="178" count="180" type="stmt"/>
        <line num="179" count="180" type="stmt"/>
        <line num="180" count="180" type="cond" truecount="2" falsecount="0"/>
        <line num="184" count="31" type="stmt"/>
        <line num="185" count="31" type="stmt"/>
        <line num="186" count="31" type="stmt"/>
        <line num="187" count="31" type="stmt"/>
        <line num="191" count="31" type="stmt"/>
        <line num="192" count="31" type="stmt"/>
        <line num="193" count="31" type="stmt"/>
        <line num="194" count="31" type="stmt"/>
        <line num="198" count="40" type="cond" truecount="2" falsecount="2"/>
        <line num="200" count="40" type="stmt"/>
        <line num="201" count="40" type="stmt"/>
        <line num="202" count="40" type="stmt"/>
        <line num="213" count="1763" type="stmt"/>
        <line num="214" count="1763" type="stmt"/>
        <line num="220" count="33" type="stmt"/>
        <line num="221" count="33" type="stmt"/>
        <line num="222" count="33" type="stmt"/>
        <line num="224" count="33" type="stmt"/>
        <line num="225" count="277" type="stmt"/>
        <line num="226" count="277" type="stmt"/>
        <line num="229" count="33" type="stmt"/>
        <line num="233" count="50" type="stmt"/>
        <line num="234" count="50" type="stmt"/>
        <line num="236" count="50" type="cond" truecount="1" falsecount="1"/>
        <line num="240" count="101" type="stmt"/>
        <line num="242" count="101" type="stmt"/>
        <line num="243" count="101" type="stmt"/>
        <line num="244" count="101" type="stmt"/>
        <line num="250" count="39" type="stmt"/>
        <line num="251" count="39" type="stmt"/>
        <line num="255" count="39" type="stmt"/>
        <line num="256" count="39" type="stmt"/>
        <line num="260" count="37" type="stmt"/>
        <line num="261" count="37" type="stmt"/>
        <line num="262" count="37" type="stmt"/>
        <line num="264" count="37" type="stmt"/>
        <line num="265" count="1323" type="stmt"/>
        <line num="266" count="1323" type="stmt"/>
        <line num="269" count="37" type="stmt"/>
        <line num="283" count="980" type="stmt"/>
        <line num="290" count="20" type="stmt"/>
        <line num="294" count="20" type="stmt"/>
        <line num="295" count="20" type="stmt"/>
        <line num="296" count="20" type="stmt"/>
        <line num="303" count="31" type="stmt"/>
        <line num="307" count="31" type="stmt"/>
        <line num="315" count="0" type="stmt"/>
        <line num="317" count="0" type="stmt"/>
        <line num="319" count="0" type="stmt"/>
        <line num="321" count="0" type="stmt"/>
        <line num="331" count="160" type="stmt"/>
        <line num="333" count="160" type="stmt"/>
        <line num="335" count="160" type="stmt"/>
        <line num="336" count="160" type="cond" truecount="1" falsecount="1"/>
        <line num="340" count="160" type="cond" truecount="2" falsecount="0"/>
        <line num="347" count="2581" type="stmt"/>
        <line num="348" count="2581" type="stmt"/>
        <line num="349" count="2581" type="stmt"/>
        <line num="364" count="10" type="stmt"/>
        <line num="365" count="10" type="cond" truecount="1" falsecount="1"/>
        <line num="366" count="10" type="stmt"/>
        <line num="367" count="10" type="stmt"/>
        <line num="369" count="10" type="stmt"/>
        <line num="370" count="10" type="cond" truecount="1" falsecount="1"/>
        <line num="373" count="10" type="stmt"/>
        <line num="375" count="1305" type="cond" truecount="1" falsecount="1"/>
        <line num="376" count="1305" type="stmt"/>
        <line num="378" count="0" type="stmt"/>
      </file>
    </package>
    <package name="src.BigCalendar.components">
      <metrics statements="26" coveredstatements="8" conditionals="34" coveredconditionals="1" methods="3" coveredmethods="1"/>
      <file name="EventWrapper.constants.js" path="/Users/fernandoleemons/Leemons/bubbles/packages/calendars/src/BigCalendar/components/EventWrapper.constants.js">
        <metrics statements="3" coveredstatements="3" conditionals="2" coveredconditionals="0" methods="1" coveredmethods="0"/>
        <line num="4" count="1" type="stmt"/>
        <line num="6" count="1" type="cond" truecount="0" falsecount="2"/>
        <line num="8" count="1" type="stmt"/>
      </file>
      <file name="EventWrapper.js" path="/Users/fernandoleemons/Leemons/bubbles/packages/calendars/src/BigCalendar/components/EventWrapper.js">
        <metrics statements="22" coveredstatements="4" conditionals="32" coveredconditionals="1" methods="1" coveredmethods="1"/>
        <line num="8" count="1" type="stmt"/>
        <line num="28" count="31" type="cond" truecount="1" falsecount="1"/>
        <line num="29" count="31" type="stmt"/>
        <line num="32" count="0" type="stmt"/>
        <line num="34" count="0" type="stmt"/>
        <line num="35" count="0" type="stmt"/>
        <line num="36" count="0" type="stmt"/>
        <line num="37" count="0" type="stmt"/>
        <line num="39" count="0" type="stmt"/>
        <line num="41" count="0" type="stmt"/>
        <line num="43" count="0" type="stmt"/>
        <line num="44" count="0" type="cond" truecount="0" falsecount="2"/>
        <line num="46" count="0" type="cond" truecount="0" falsecount="2"/>
        <line num="68" count="0" type="cond" truecount="0" falsecount="2"/>
        <line num="69" count="0" type="stmt"/>
        <line num="70" count="0" type="stmt"/>
        <line num="93" count="0" type="cond" truecount="0" falsecount="2"/>
        <line num="94" count="0" type="stmt"/>
        <line num="95" count="0" type="cond" truecount="0" falsecount="4"/>
        <line num="96" count="0" type="stmt"/>
        <line num="99" count="0" type="stmt"/>
        <line num="138" count="1" type="stmt"/>
      </file>
      <file name="EventWrapper.styles.js" path="/Users/fernandoleemons/Leemons/bubbles/packages/calendars/src/BigCalendar/components/EventWrapper.styles.js">
        <metrics statements="1" coveredstatements="1" conditionals="0" coveredconditionals="0" methods="1" coveredmethods="0"/>
        <line num="4" count="1" type="stmt"/>
      </file>
    </package>
    <package name="src.BigCalendar.components.AgentView">
      <metrics statements="111" coveredstatements="96" conditionals="78" coveredconditionals="47" methods="17" coveredmethods="14"/>
      <file name="AgentView.constants.js" path="/Users/fernandoleemons/Leemons/bubbles/packages/calendars/src/BigCalendar/components/AgentView/AgentView.constants.js">
        <metrics statements="3" coveredstatements="0" conditionals="0" coveredconditionals="0" methods="0" coveredmethods="0"/>
        <line num="3" count="0" type="stmt"/>
        <line num="16" count="0" type="stmt"/>
        <line num="21" count="0" type="stmt"/>
      </file>
      <file name="AgentView.js" path="/Users/fernandoleemons/Leemons/bubbles/packages/calendars/src/BigCalendar/components/AgentView/AgentView.js">
        <metrics statements="108" coveredstatements="96" conditionals="78" coveredconditionals="47" methods="17" coveredmethods="14"/>
        <line num="17" count="1" type="stmt"/>
        <line num="19" count="1" type="stmt"/>
        <line num="20" count="93" type="stmt"/>
        <line num="21" count="93" type="stmt"/>
        <line num="22" count="93" type="cond" truecount="2" falsecount="0"/>
        <line num="23" count="93" type="stmt"/>
        <line num="39" count="2" type="stmt"/>
        <line num="40" count="2" type="stmt"/>
        <line num="41" count="2" type="stmt"/>
        <line num="42" count="2" type="stmt"/>
        <line num="43" count="2" type="stmt"/>
        <line num="45" count="2" type="stmt"/>
        <line num="46" count="1" type="stmt"/>
        <line num="47" count="1" type="stmt"/>
        <line num="48" count="1" type="stmt"/>
        <line num="54" count="2" type="stmt"/>
        <line num="55" count="2" type="stmt"/>
        <line num="58" count="2" type="stmt"/>
        <line num="59" count="62" type="stmt"/>
        <line num="67" count="93" type="stmt"/>
        <line num="69" count="62" type="stmt"/>
        <line num="70" count="8" type="stmt"/>
        <line num="71" count="8" type="stmt"/>
        <line num="72" count="8" type="stmt"/>
        <line num="74" count="8" type="stmt"/>
        <line num="76" count="8" type="cond" truecount="2" falsecount="0"/>
        <line num="77" count="8" type="stmt"/>
        <line num="78" count="8" type="cond" truecount="1" falsecount="1"/>
        <line num="79" count="8" type="stmt"/>
        <line num="80" count="8" type="stmt"/>
        <line num="81" count="8" type="stmt"/>
        <line num="84" count="8" type="cond" truecount="1" falsecount="1"/>
        <line num="104" count="8" type="cond" truecount="1" falsecount="1"/>
        <line num="105" count="8" type="stmt"/>
        <line num="107" count="8" type="stmt"/>
        <line num="112" count="8" type="stmt"/>
        <line num="113" count="8" type="stmt"/>
        <line num="114" count="8" type="stmt"/>
        <line num="116" count="8" type="stmt"/>
        <line num="140" count="8" type="cond" truecount="1" falsecount="1"/>
        <line num="141" count="0" type="stmt"/>
        <line num="142" count="8" type="cond" truecount="3" falsecount="1"/>
        <line num="143" count="0" type="stmt"/>
        <line num="146" count="8" type="stmt"/>
        <line num="154" count="0" type="cond" truecount="0" falsecount="2"/>
        <line num="155" count="0" type="cond" truecount="0" falsecount="2"/>
        <line num="184" count="2" type="stmt"/>
        <line num="185" count="8" type="stmt"/>
        <line num="186" count="8" type="stmt"/>
        <line num="187" count="8" type="stmt"/>
        <line num="189" count="8" type="stmt"/>
        <line num="190" count="8" type="stmt"/>
        <line num="192" count="8" type="cond" truecount="1" falsecount="1"/>
        <line num="193" count="8" type="cond" truecount="1" falsecount="1"/>
        <line num="194" count="0" type="stmt"/>
        <line num="195" count="8" type="cond" truecount="1" falsecount="1"/>
        <line num="196" count="0" type="stmt"/>
        <line num="197" count="8" type="cond" truecount="2" falsecount="0"/>
        <line num="198" count="2" type="stmt"/>
        <line num="199" count="6" type="cond" truecount="2" falsecount="0"/>
        <line num="200" count="2" type="stmt"/>
        <line num="204" count="8" type="stmt"/>
        <line num="205" count="8" type="stmt"/>
        <line num="206" count="8" type="cond" truecount="2" falsecount="0"/>
        <line num="207" count="6" type="stmt"/>
        <line num="208" count="6" type="stmt"/>
        <line num="210" count="8" type="cond" truecount="2" falsecount="0"/>
        <line num="211" count="6" type="stmt"/>
        <line num="212" count="6" type="stmt"/>
        <line num="215" count="8" type="cond" truecount="1" falsecount="1"/>
        <line num="220" count="8" type="stmt"/>
        <line num="241" count="2" type="stmt"/>
        <line num="242" count="2" type="cond" truecount="1" falsecount="1"/>
        <line num="244" count="2" type="stmt"/>
        <line num="245" count="2" type="stmt"/>
        <line num="247" count="2" type="cond" truecount="1" falsecount="1"/>
        <line num="249" count="2" type="stmt"/>
        <line num="251" count="2" type="stmt"/>
        <line num="252" count="2" type="stmt"/>
        <line num="254" count="2" type="stmt"/>
        <line num="256" count="2" type="cond" truecount="2" falsecount="2"/>
        <line num="257" count="2" type="stmt"/>
        <line num="258" count="2" type="stmt"/>
        <line num="261" count="2" type="cond" truecount="1" falsecount="1"/>
        <line num="262" count="0" type="stmt"/>
        <line num="263" count="0" type="stmt"/>
        <line num="265" count="2" type="stmt"/>
        <line num="269" count="2" type="stmt"/>
        <line num="270" count="2" type="stmt"/>
        <line num="272" count="2" type="stmt"/>
        <line num="274" count="2" type="stmt"/>
        <line num="275" count="4" type="stmt"/>
        <line num="284" count="2" type="stmt"/>
        <line num="286" count="2" type="stmt"/>
        <line num="305" count="62" type="stmt"/>
        <line num="316" count="1" type="stmt"/>
        <line num="329" count="1" type="stmt"/>
        <line num="333" count="1" type="cond" truecount="1" falsecount="0"/>
        <line num="334" count="1" type="stmt"/>
        <line num="335" count="1" type="stmt"/>
        <line num="338" count="1" type="cond" truecount="0" falsecount="1"/>
        <line num="339" count="0" type="cond" truecount="0" falsecount="3"/>
        <line num="341" count="0" type="stmt"/>
        <line num="344" count="0" type="stmt"/>
        <line num="347" count="0" type="stmt"/>
        <line num="351" count="1" type="cond" truecount="0" falsecount="1"/>
        <line num="352" count="2" type="stmt"/>
        <line num="353" count="2" type="stmt"/>
      </file>
    </package>
    <package name="src.BigCalendar.components.Date">
      <metrics statements="130" coveredstatements="61" conditionals="71" coveredconditionals="27" methods="34" coveredmethods="16"/>
      <file name="BackgroundCells.js" path="/Users/fernandoleemons/Leemons/bubbles/packages/calendars/src/BigCalendar/components/Date/BackgroundCells.js">
        <metrics statements="80" coveredstatements="22" conditionals="45" coveredconditionals="12" methods="22" coveredmethods="7"/>
        <line num="14" count="64" type="stmt"/>
        <line num="16" count="64" type="stmt"/>
        <line num="22" count="64" type="cond" truecount="1" falsecount="1"/>
        <line num="26" count="64" type="stmt"/>
        <line num="30" count="12" type="cond" truecount="2" falsecount="2"/>
        <line num="32" count="12" type="cond" truecount="3" falsecount="1"/>
        <line num="36" count="0" type="stmt"/>
        <line num="37" count="0" type="cond" truecount="0" falsecount="2"/>
        <line num="38" count="0" type="stmt"/>
        <line num="43" count="0" type="stmt"/>
        <line num="44" count="0" type="stmt"/>
        <line num="45" count="0" type="stmt"/>
        <line num="46" count="0" type="cond" truecount="0" falsecount="2"/>
        <line num="47" count="0" type="stmt"/>
        <line num="62" count="76" type="stmt"/>
        <line num="64" count="76" type="stmt"/>
        <line num="65" count="76" type="stmt"/>
        <line num="67" count="76" type="stmt"/>
        <line num="68" count="0" type="stmt"/>
        <line num="69" count="0" type="stmt"/>
        <line num="71" count="0" type="stmt"/>
        <line num="72" count="0" type="stmt"/>
        <line num="73" count="0" type="stmt"/>
        <line num="75" count="0" type="stmt"/>
        <line num="78" count="76" type="stmt"/>
        <line num="80" count="76" type="stmt"/>
        <line num="81" count="0" type="stmt"/>
        <line num="82" count="0" type="stmt"/>
        <line num="83" count="0" type="stmt"/>
        <line num="84" count="0" type="stmt"/>
        <line num="85" count="0" type="cond" truecount="0" falsecount="2"/>
        <line num="86" count="0" type="stmt"/>
        <line num="90" count="76" type="stmt"/>
        <line num="93" count="510" type="cond" truecount="1" falsecount="2"/>
        <line num="94" count="510" type="stmt"/>
        <line num="96" count="510" type="cond" truecount="1" falsecount="1"/>
        <line num="97" count="510" type="stmt"/>
        <line num="99" count="510" type="stmt"/>
        <line num="101" count="510" type="stmt"/>
        <line num="103" count="510" type="stmt"/>
        <line num="112" count="0" type="stmt"/>
        <line num="116" count="0" type="stmt"/>
        <line num="139" count="0" type="stmt"/>
        <line num="140" count="0" type="stmt"/>
        <line num="144" count="0" type="stmt"/>
        <line num="145" count="0" type="cond" truecount="0" falsecount="2"/>
        <line num="146" count="0" type="stmt"/>
        <line num="147" count="0" type="stmt"/>
        <line num="149" count="0" type="cond" truecount="0" falsecount="2"/>
        <line num="150" count="0" type="stmt"/>
        <line num="152" count="0" type="stmt"/>
        <line num="161" count="0" type="stmt"/>
        <line num="162" count="0" type="stmt"/>
        <line num="165" count="0" type="stmt"/>
        <line num="166" count="0" type="stmt"/>
        <line num="168" count="0" type="stmt"/>
        <line num="169" count="0" type="stmt"/>
        <line num="171" count="0" type="cond" truecount="0" falsecount="2"/>
        <line num="172" count="0" type="stmt"/>
        <line num="173" count="0" type="stmt"/>
        <line num="175" count="0" type="cond" truecount="0" falsecount="2"/>
        <line num="176" count="0" type="stmt"/>
        <line num="177" count="0" type="stmt"/>
        <line num="180" count="0" type="stmt"/>
        <line num="187" count="0" type="stmt"/>
        <line num="188" count="0" type="cond" truecount="0" falsecount="2"/>
        <line num="190" count="0" type="stmt"/>
        <line num="193" count="0" type="stmt"/>
        <line num="195" count="0" type="stmt"/>
        <line num="197" count="0" type="stmt"/>
        <line num="198" count="0" type="stmt"/>
        <line num="199" count="0" type="stmt"/>
        <line num="200" count="0" type="stmt"/>
        <line num="201" count="0" type="stmt"/>
        <line num="206" count="64" type="cond" truecount="1" falsecount="1"/>
        <line num="207" count="0" type="stmt"/>
        <line num="208" count="0" type="stmt"/>
        <line num="212" count="0" type="cond" truecount="0" falsecount="4"/>
        <line num="213" count="0" type="cond" truecount="0" falsecount="2"/>
        <line num="225" count="1" type="stmt"/>
      </file>
      <file name="DateContentRow.js" path="/Users/fernandoleemons/Leemons/bubbles/packages/calendars/src/BigCalendar/components/Date/DateContentRow.js">
        <metrics statements="50" coveredstatements="39" conditionals="26" coveredconditionals="15" methods="12" coveredmethods="9"/>
        <line num="18" count="55" type="stmt"/>
        <line num="20" count="54" type="stmt"/>
        <line num="23" count="54" type="stmt"/>
        <line num="24" count="0" type="stmt"/>
        <line num="26" count="0" type="stmt"/>
        <line num="29" count="54" type="stmt"/>
        <line num="30" count="0" type="stmt"/>
        <line num="31" count="0" type="stmt"/>
        <line num="32" count="0" type="stmt"/>
        <line num="35" count="0" type="cond" truecount="0" falsecount="2"/>
        <line num="37" count="0" type="stmt"/>
        <line num="38" count="0" type="stmt"/>
        <line num="41" count="54" type="stmt"/>
        <line num="42" count="252" type="stmt"/>
        <line num="45" count="54" type="stmt"/>
        <line num="46" count="124" type="stmt"/>
        <line num="49" count="54" type="stmt"/>
        <line num="50" count="0" type="stmt"/>
        <line num="51" count="0" type="cond" truecount="0" falsecount="2"/>
        <line num="55" count="12" type="stmt"/>
        <line num="56" count="12" type="cond" truecount="1" falsecount="1"/>
        <line num="57" count="12" type="stmt"/>
        <line num="59" count="12" type="stmt"/>
        <line num="62" count="54" type="stmt"/>
        <line num="63" count="944" type="stmt"/>
        <line num="64" count="944" type="stmt"/>
        <line num="65" count="944" type="stmt"/>
        <line num="67" count="944" type="stmt"/>
        <line num="75" count="54" type="stmt"/>
        <line num="76" count="62" type="stmt"/>
        <line num="77" count="62" type="stmt"/>
        <line num="78" count="62" type="stmt"/>
        <line num="128" count="138" type="stmt"/>
        <line num="130" count="138" type="stmt"/>
        <line num="141" count="138" type="cond" truecount="2" falsecount="0"/>
        <line num="143" count="76" type="stmt"/>
        <line num="144" count="76" type="stmt"/>
        <line num="146" count="76" type="stmt"/>
        <line num="147" count="31" type="cond" truecount="1" falsecount="1"/>
        <line num="148" count="0" type="stmt"/>
        <line num="150" count="31" type="stmt"/>
        <line num="154" count="76" type="stmt"/>
        <line num="159" count="76" type="stmt"/>
        <line num="161" count="76" type="cond" truecount="1" falsecount="1"/>
        <line num="162" count="76" type="stmt"/>
        <line num="164" count="76" type="stmt"/>
        <line num="188" count="76" type="stmt"/>
        <line num="230" count="35" type="stmt"/>
        <line num="257" count="1" type="stmt"/>
        <line num="289" count="1" type="stmt"/>
      </file>
    </package>
    <package name="src.BigCalendar.components.DayView">
      <metrics statements="147" coveredstatements="54" conditionals="108" coveredconditionals="30" methods="37" coveredmethods="15"/>
      <file name="DayColumn.js" path="/Users/fernandoleemons/Leemons/bubbles/packages/calendars/src/BigCalendar/components/DayView/DayColumn.js">
        <metrics statements="128" coveredstatements="40" conditionals="94" coveredconditionals="22" methods="31" coveredmethods="10"/>
        <line num="21" count="8" type="stmt"/>
        <line num="23" count="8" type="stmt"/>
        <line num="26" count="8" type="stmt"/>
        <line num="28" count="8" type="stmt"/>
        <line num="32" count="8" type="cond" truecount="1" falsecount="1"/>
        <line num="34" count="8" type="cond" truecount="1" falsecount="1"/>
        <line num="35" count="0" type="stmt"/>
        <line num="40" count="8" type="stmt"/>
        <line num="41" count="8" type="stmt"/>
        <line num="45" count="8" type="cond" truecount="2" falsecount="2"/>
        <line num="46" count="8" type="cond" truecount="3" falsecount="1"/>
        <line num="48" count="8" type="stmt"/>
        <line num="52" count="8" type="stmt"/>
        <line num="53" count="8" type="stmt"/>
        <line num="55" count="8" type="cond" truecount="3" falsecount="1"/>
        <line num="56" count="0" type="stmt"/>
        <line num="58" count="0" type="cond" truecount="0" falsecount="2"/>
        <line num="60" count="0" type="cond" truecount="0" falsecount="3"/>
        <line num="64" count="0" type="stmt"/>
        <line num="66" count="8" type="cond" truecount="1" falsecount="1"/>
        <line num="70" count="0" type="stmt"/>
        <line num="79" count="0" type="cond" truecount="0" falsecount="4"/>
        <line num="80" count="0" type="stmt"/>
        <line num="83" count="0" type="stmt"/>
        <line num="84" count="0" type="stmt"/>
        <line num="85" count="0" type="stmt"/>
        <line num="86" count="0" type="stmt"/>
        <line num="91" count="8" type="stmt"/>
        <line num="92" count="8" type="stmt"/>
        <line num="96" count="0" type="stmt"/>
        <line num="97" count="0" type="stmt"/>
        <line num="99" count="0" type="cond" truecount="0" falsecount="4"/>
        <line num="100" count="0" type="stmt"/>
        <line num="101" count="0" type="stmt"/>
        <line num="102" count="0" type="stmt"/>
        <line num="104" count="0" type="stmt"/>
        <line num="119" count="16" type="stmt"/>
        <line num="121" count="16" type="stmt"/>
        <line num="122" count="16" type="stmt"/>
        <line num="124" count="16" type="stmt"/>
        <line num="126" count="16" type="stmt"/>
        <line num="128" count="16" type="cond" truecount="2" falsecount="0"/>
        <line num="130" count="16" type="stmt"/>
        <line num="145" count="384" type="stmt"/>
        <line num="185" count="8" type="stmt"/>
        <line num="197" count="32" type="stmt"/>
        <line num="199" count="32" type="stmt"/>
        <line num="200" count="32" type="stmt"/>
        <line num="202" count="32" type="stmt"/>
        <line num="212" count="32" type="stmt"/>
        <line num="213" count="0" type="stmt"/>
        <line num="214" count="0" type="stmt"/>
        <line num="215" count="0" type="stmt"/>
        <line num="218" count="0" type="stmt"/>
        <line num="219" count="0" type="stmt"/>
        <line num="221" count="0" type="cond" truecount="0" falsecount="2"/>
        <line num="222" count="0" type="cond" truecount="0" falsecount="2"/>
        <line num="224" count="0" type="cond" truecount="0" falsecount="4"/>
        <line num="225" count="0" type="stmt"/>
        <line num="227" count="0" type="cond" truecount="0" falsecount="2"/>
        <line num="228" count="0" type="cond" truecount="0" falsecount="2"/>
        <line num="230" count="0" type="stmt"/>
        <line num="243" count="0" type="stmt"/>
        <line num="244" count="0" type="stmt"/>
        <line num="246" count="0" type="stmt"/>
        <line num="253" count="8" type="stmt"/>
        <line num="254" count="0" type="stmt"/>
        <line num="255" count="0" type="stmt"/>
        <line num="256" count="0" type="stmt"/>
        <line num="260" count="0" type="stmt"/>
        <line num="261" count="0" type="stmt"/>
        <line num="262" count="0" type="cond" truecount="0" falsecount="2"/>
        <line num="263" count="0" type="stmt"/>
        <line num="264" count="0" type="stmt"/>
        <line num="266" count="0" type="cond" truecount="0" falsecount="2"/>
        <line num="267" count="0" type="cond" truecount="0" falsecount="2"/>
        <line num="272" count="0" type="stmt"/>
        <line num="275" count="0" type="cond" truecount="0" falsecount="2"/>
        <line num="280" count="0" type="stmt"/>
        <line num="284" count="0" type="stmt"/>
        <line num="285" count="0" type="stmt"/>
        <line num="287" count="0" type="cond" truecount="0" falsecount="2"/>
        <line num="288" count="0" type="stmt"/>
        <line num="291" count="0" type="stmt"/>
        <line num="292" count="0" type="cond" truecount="0" falsecount="2"/>
        <line num="293" count="0" type="stmt"/>
        <line num="294" count="0" type="cond" truecount="0" falsecount="2"/>
        <line num="295" count="0" type="stmt"/>
        <line num="298" count="0" type="stmt"/>
        <line num="303" count="0" type="stmt"/>
        <line num="312" count="0" type="stmt"/>
        <line num="313" count="0" type="cond" truecount="0" falsecount="2"/>
        <line num="314" count="0" type="stmt"/>
        <line num="315" count="0" type="stmt"/>
        <line num="322" count="0" type="stmt"/>
        <line num="325" count="0" type="stmt"/>
        <line num="326" count="0" type="stmt"/>
        <line num="328" count="0" type="stmt"/>
        <line num="329" count="0" type="cond" truecount="0" falsecount="2"/>
        <line num="331" count="0" type="stmt"/>
        <line num="334" count="0" type="stmt"/>
        <line num="336" count="0" type="stmt"/>
        <line num="338" count="0" type="stmt"/>
        <line num="339" count="0" type="cond" truecount="0" falsecount="2"/>
        <line num="340" count="0" type="stmt"/>
        <line num="341" count="0" type="stmt"/>
        <line num="345" count="0" type="stmt"/>
        <line num="346" count="0" type="cond" truecount="0" falsecount="2"/>
        <line num="347" count="0" type="stmt"/>
        <line num="352" count="8" type="stmt"/>
        <line num="353" count="8" type="cond" truecount="1" falsecount="1"/>
        <line num="354" count="0" type="stmt"/>
        <line num="355" count="0" type="stmt"/>
        <line num="358" count="8" type="stmt"/>
        <line num="359" count="0" type="stmt"/>
        <line num="360" count="0" type="stmt"/>
        <line num="362" count="0" type="stmt"/>
        <line num="363" count="0" type="stmt"/>
        <line num="364" count="0" type="stmt"/>
        <line num="367" count="0" type="stmt"/>
        <line num="378" count="8" type="stmt"/>
        <line num="379" count="0" type="stmt"/>
        <line num="382" count="8" type="stmt"/>
        <line num="383" count="0" type="stmt"/>
        <line num="386" count="8" type="stmt"/>
        <line num="387" count="0" type="stmt"/>
        <line num="391" count="1" type="stmt"/>
        <line num="431" count="1" type="stmt"/>
      </file>
      <file name="DayEventLayout.js" path="/Users/fernandoleemons/Leemons/bubbles/packages/calendars/src/BigCalendar/components/DayView/DayEventLayout.js">
        <metrics statements="7" coveredstatements="6" conditionals="8" coveredconditionals="6" methods="2" coveredmethods="2"/>
        <line num="6" count="1" type="stmt"/>
        <line num="12" count="32" type="cond" truecount="4" falsecount="0"/>
        <line num="20" count="32" type="stmt"/>
        <line num="22" count="32" type="cond" truecount="1" falsecount="1"/>
        <line num="24" count="32" type="cond" truecount="1" falsecount="1"/>
        <line num="26" count="0" type="stmt"/>
        <line num="29" count="32" type="stmt"/>
      </file>
      <file name="DayView.js" path="/Users/fernandoleemons/Leemons/bubbles/packages/calendars/src/BigCalendar/components/DayView/DayView.js">
        <metrics statements="12" coveredstatements="8" conditionals="6" coveredconditionals="2" methods="4" coveredmethods="3"/>
        <line num="22" count="1" type="stmt"/>
        <line num="23" count="1" type="stmt"/>
        <line num="25" count="1" type="stmt"/>
        <line num="39" count="1" type="stmt"/>
        <line num="47" count="1" type="stmt"/>
        <line num="48" count="2" type="stmt"/>
        <line num="51" count="1" type="stmt"/>
        <line num="52" count="0" type="cond" truecount="0" falsecount="3"/>
        <line num="54" count="0" type="stmt"/>
        <line num="57" count="0" type="stmt"/>
        <line num="60" count="0" type="stmt"/>
        <line num="64" count="1" type="stmt"/>
      </file>
    </package>
    <package name="src.BigCalendar.components.DayView.layout-algorithms">
      <metrics statements="124" coveredstatements="9" conditionals="61" coveredconditionals="0" methods="15" coveredmethods="2"/>
      <file name="no-overlap.js" path="/Users/fernandoleemons/Leemons/bubbles/packages/calendars/src/BigCalendar/components/DayView/layout-algorithms/no-overlap.js">
        <metrics statements="58" coveredstatements="0" conditionals="28" coveredconditionals="0" methods="3" coveredmethods="0"/>
        <line num="5" count="0" type="stmt"/>
        <line num="6" count="0" type="cond" truecount="0" falsecount="2"/>
        <line num="7" count="0" type="cond" truecount="0" falsecount="2"/>
        <line num="9" count="0" type="stmt"/>
        <line num="10" count="0" type="stmt"/>
        <line num="11" count="0" type="cond" truecount="0" falsecount="2"/>
        <line num="13" count="0" type="stmt"/>
        <line num="17" count="0" type="stmt"/>
        <line num="24" count="0" type="stmt"/>
        <line num="25" count="0" type="stmt"/>
        <line num="26" count="0" type="stmt"/>
        <line num="27" count="0" type="cond" truecount="0" falsecount="4"/>
        <line num="28" count="0" type="cond" truecount="0" falsecount="2"/>
        <line num="31" count="0" type="stmt"/>
        <line num="32" count="0" type="stmt"/>
        <line num="33" count="0" type="stmt"/>
        <line num="34" count="0" type="stmt"/>
        <line num="35" count="0" type="stmt"/>
        <line num="36" count="0" type="stmt"/>
        <line num="39" count="0" type="stmt"/>
        <line num="40" count="0" type="stmt"/>
        <line num="41" count="0" type="stmt"/>
        <line num="42" count="0" type="stmt"/>
        <line num="44" count="0" type="stmt"/>
        <line num="45" count="0" type="stmt"/>
        <line num="46" count="0" type="stmt"/>
        <line num="47" count="0" type="stmt"/>
        <line num="50" count="0" type="cond" truecount="0" falsecount="6"/>
        <line num="52" count="0" type="stmt"/>
        <line num="53" count="0" type="stmt"/>
        <line num="58" count="0" type="stmt"/>
        <line num="59" count="0" type="stmt"/>
        <line num="60" count="0" type="stmt"/>
        <line num="61" count="0" type="stmt"/>
        <line num="63" count="0" type="stmt"/>
        <line num="64" count="0" type="cond" truecount="0" falsecount="2"/>
        <line num="66" count="0" type="stmt"/>
        <line num="69" count="0" type="stmt"/>
        <line num="70" count="0" type="stmt"/>
        <line num="72" count="0" type="cond" truecount="0" falsecount="2"/>
        <line num="74" count="0" type="stmt"/>
        <line num="75" count="0" type="stmt"/>
        <line num="76" count="0" type="stmt"/>
        <line num="77" count="0" type="stmt"/>
        <line num="79" count="0" type="stmt"/>
        <line num="82" count="0" type="stmt"/>
        <line num="83" count="0" type="stmt"/>
        <line num="84" count="0" type="stmt"/>
        <line num="87" count="0" type="stmt"/>
        <line num="88" count="0" type="stmt"/>
        <line num="89" count="0" type="stmt"/>
        <line num="90" count="0" type="cond" truecount="0" falsecount="2"/>
        <line num="92" count="0" type="cond" truecount="0" falsecount="2"/>
        <line num="97" count="0" type="cond" truecount="0" falsecount="2"/>
        <line num="98" count="0" type="stmt"/>
        <line num="99" count="0" type="stmt"/>
        <line num="100" count="0" type="stmt"/>
        <line num="103" count="0" type="stmt"/>
      </file>
      <file name="overlap.js" path="/Users/fernandoleemons/Leemons/bubbles/packages/calendars/src/BigCalendar/components/DayView/layout-algorithms/overlap.js">
        <metrics statements="66" coveredstatements="9" conditionals="33" coveredconditionals="0" methods="12" coveredmethods="2"/>
        <line num="5" count="0" type="stmt"/>
        <line num="10" count="0" type="stmt"/>
        <line num="11" count="0" type="stmt"/>
        <line num="12" count="0" type="stmt"/>
        <line num="13" count="0" type="stmt"/>
        <line num="14" count="0" type="stmt"/>
        <line num="15" count="0" type="stmt"/>
        <line num="16" count="0" type="stmt"/>
        <line num="25" count="0" type="cond" truecount="0" falsecount="2"/>
        <line num="27" count="0" type="stmt"/>
        <line num="28" count="0" type="stmt"/>
        <line num="32" count="0" type="stmt"/>
        <line num="35" count="0" type="stmt"/>
        <line num="39" count="0" type="cond" truecount="0" falsecount="2"/>
        <line num="40" count="0" type="stmt"/>
        <line num="44" count="0" type="stmt"/>
        <line num="52" count="0" type="stmt"/>
        <line num="53" count="0" type="stmt"/>
        <line num="56" count="0" type="cond" truecount="0" falsecount="2"/>
        <line num="57" count="0" type="stmt"/>
        <line num="61" count="0" type="cond" truecount="0" falsecount="2"/>
        <line num="62" count="0" type="cond" truecount="0" falsecount="2"/>
        <line num="66" count="0" type="stmt"/>
        <line num="67" count="0" type="stmt"/>
        <line num="68" count="0" type="cond" truecount="0" falsecount="2"/>
        <line num="73" count="0" type="cond" truecount="0" falsecount="2"/>
        <line num="76" count="0" type="cond" truecount="0" falsecount="2"/>
        <line num="79" count="0" type="stmt"/>
        <line num="80" count="0" type="stmt"/>
        <line num="81" count="0" type="stmt"/>
        <line num="89" count="0" type="stmt"/>
        <line num="98" count="32" type="stmt"/>
        <line num="100" count="32" type="stmt"/>
        <line num="101" count="32" type="stmt"/>
        <line num="102" count="0" type="stmt"/>
        <line num="103" count="0" type="stmt"/>
        <line num="105" count="0" type="stmt"/>
        <line num="106" count="0" type="stmt"/>
        <line num="109" count="0" type="cond" truecount="0" falsecount="2"/>
        <line num="114" count="0" type="cond" truecount="0" falsecount="2"/>
        <line num="115" count="0" type="stmt"/>
        <line num="116" count="0" type="stmt"/>
        <line num="120" count="0" type="stmt"/>
        <line num="124" count="32" type="stmt"/>
        <line num="136" count="32" type="stmt"/>
        <line num="137" count="32" type="stmt"/>
        <line num="142" count="32" type="stmt"/>
        <line num="143" count="32" type="stmt"/>
        <line num="144" count="0" type="stmt"/>
        <line num="147" count="0" type="stmt"/>
        <line num="148" count="0" type="cond" truecount="0" falsecount="2"/>
        <line num="152" count="0" type="cond" truecount="0" falsecount="2"/>
        <line num="153" count="0" type="stmt"/>
        <line num="154" count="0" type="stmt"/>
        <line num="155" count="0" type="stmt"/>
        <line num="159" count="0" type="stmt"/>
        <line num="163" count="0" type="stmt"/>
        <line num="164" count="0" type="cond" truecount="0" falsecount="2"/>
        <line num="165" count="0" type="cond" truecount="0" falsecount="2"/>
        <line num="166" count="0" type="stmt"/>
        <line num="170" count="0" type="cond" truecount="0" falsecount="2"/>
        <line num="172" count="0" type="stmt"/>
        <line num="173" count="0" type="stmt"/>
        <line num="176" count="0" type="stmt"/>
        <line num="177" count="0" type="stmt"/>
        <line num="182" count="32" type="stmt"/>
      </file>
    </package>
    <package name="src.BigCalendar.components.Event">
      <metrics statements="199" coveredstatements="99" conditionals="319" coveredconditionals="148" methods="25" coveredmethods="12"/>
      <file name="EventCell.js" path="/Users/fernandoleemons/Leemons/bubbles/packages/calendars/src/BigCalendar/components/Event/EventCell.js">
        <metrics statements="87" coveredstatements="65" conditionals="243" coveredconditionals="130" methods="11" coveredmethods="8"/>
        <line num="10" count="1" type="stmt"/>
        <line num="30" count="39" type="stmt"/>
        <line num="70" count="39" type="cond" truecount="2" falsecount="2"/>
        <line num="71" count="0" type="cond" truecount="0" falsecount="4"/>
        <line num="75" count="39" type="cond" truecount="2" falsecount="2"/>
        <line num="76" count="0" type="stmt"/>
        <line num="77" count="0" type="stmt"/>
        <line num="88" count="39" type="stmt"/>
        <line num="92" count="39" type="stmt"/>
        <line num="108" count="1" type="stmt"/>
        <line num="109" count="62" type="stmt"/>
        <line num="111" count="62" type="stmt"/>
        <line num="121" count="62" type="stmt"/>
        <line num="159" count="1" type="stmt"/>
        <line num="179" count="31" type="stmt"/>
        <line num="197" count="31" type="stmt"/>
        <line num="198" count="31" type="cond" truecount="1" falsecount="1"/>
        <line num="199" count="31" type="stmt"/>
        <line num="208" count="31" type="stmt"/>
        <line num="209" count="31" type="stmt"/>
        <line num="210" count="31" type="cond" truecount="1" falsecount="1"/>
        <line num="211" count="0" type="stmt"/>
        <line num="213" count="31" type="cond" truecount="1" falsecount="1"/>
        <line num="214" count="0" type="stmt"/>
        <line num="218" count="31" type="stmt"/>
        <line num="277" count="31" type="stmt"/>
        <line num="306" count="32" type="stmt"/>
        <line num="307" count="31" type="stmt"/>
        <line num="309" count="31" type="stmt"/>
        <line num="311" count="31" type="stmt"/>
        <line num="312" count="31" type="stmt"/>
        <line num="313" count="31" type="stmt"/>
        <line num="314" count="31" type="stmt"/>
        <line num="315" count="31" type="stmt"/>
        <line num="316" count="31" type="cond" truecount="2" falsecount="0"/>
        <line num="317" count="31" type="cond" truecount="2" falsecount="0"/>
        <line num="318" count="31" type="stmt"/>
        <line num="321" count="31" type="cond" truecount="3" falsecount="0"/>
        <line num="323" count="31" type="stmt"/>
        <line num="325" count="31" type="stmt"/>
        <line num="329" count="31" type="cond" truecount="1" falsecount="1"/>
        <line num="330" count="31" type="stmt"/>
        <line num="332" count="31" type="stmt"/>
        <line num="333" count="31" type="stmt"/>
        <line num="335" count="31" type="cond" truecount="1" falsecount="1"/>
        <line num="336" count="31" type="cond" truecount="2" falsecount="0"/>
        <line num="338" count="31" type="stmt"/>
        <line num="357" count="31" type="stmt"/>
        <line num="383" count="31" type="cond" truecount="1" falsecount="1"/>
        <line num="384" count="0" type="stmt"/>
        <line num="385" count="31" type="cond" truecount="3" falsecount="1"/>
        <line num="386" count="0" type="stmt"/>
        <line num="389" count="31" type="stmt"/>
        <line num="390" count="31" type="stmt"/>
        <line num="392" count="31" type="cond" truecount="2" falsecount="0"/>
        <line num="393" count="28" type="cond" truecount="5" falsecount="0"/>
        <line num="394" count="26" type="stmt"/>
        <line num="400" count="28" type="cond" truecount="4" falsecount="0"/>
        <line num="401" count="25" type="stmt"/>
        <line num="408" count="3" type="stmt"/>
        <line num="412" count="31" type="stmt"/>
        <line num="418" count="31" type="stmt"/>
        <line num="467" count="31" type="cond" truecount="1" falsecount="1"/>
        <line num="468" count="31" type="cond" truecount="1" falsecount="1"/>
        <line num="471" count="31" type="stmt"/>
        <line num="482" count="1" type="cond" truecount="1" falsecount="1"/>
        <line num="483" count="1" type="cond" truecount="2" falsecount="0"/>
        <line num="487" count="0" type="cond" truecount="0" falsecount="2"/>
        <line num="488" count="0" type="cond" truecount="0" falsecount="2"/>
        <line num="492" count="0" type="cond" truecount="0" falsecount="2"/>
        <line num="493" count="0" type="cond" truecount="0" falsecount="2"/>
        <line num="503" count="31" type="cond" truecount="1" falsecount="1"/>
        <line num="511" count="31" type="stmt"/>
        <line num="512" count="31" type="cond" truecount="1" falsecount="1"/>
        <line num="513" count="0" type="cond" truecount="0" falsecount="2"/>
        <line num="514" count="0" type="cond" truecount="0" falsecount="2"/>
        <line num="515" count="0" type="stmt"/>
        <line num="516" count="0" type="cond" truecount="0" falsecount="2"/>
        <line num="517" count="0" type="stmt"/>
        <line num="520" count="0" type="stmt"/>
        <line num="521" count="0" type="stmt"/>
        <line num="522" count="0" type="cond" truecount="0" falsecount="2"/>
        <line num="523" count="0" type="stmt"/>
        <line num="525" count="0" type="stmt"/>
        <line num="528" count="31" type="stmt"/>
        <line num="533" count="0" type="stmt"/>
        <line num="563" count="1" type="stmt"/>
      </file>
      <file name="EventEndingRow.js" path="/Users/fernandoleemons/Leemons/bubbles/packages/calendars/src/BigCalendar/components/Event/EventEndingRow.js">
        <metrics statements="39" coveredstatements="4" conditionals="14" coveredconditionals="0" methods="10" coveredmethods="0"/>
        <line num="9" count="1" type="cond" truecount="0" falsecount="2"/>
        <line num="10" count="1" type="stmt"/>
        <line num="11" count="0" type="stmt"/>
        <line num="18" count="0" type="stmt"/>
        <line num="19" count="0" type="stmt"/>
        <line num="21" count="0" type="stmt"/>
        <line num="22" count="0" type="stmt"/>
        <line num="23" count="0" type="stmt"/>
        <line num="25" count="0" type="stmt"/>
        <line num="26" count="0" type="stmt"/>
        <line num="29" count="0" type="cond" truecount="0" falsecount="2"/>
        <line num="31" count="0" type="cond" truecount="0" falsecount="2"/>
        <line num="32" count="0" type="stmt"/>
        <line num="34" count="0" type="stmt"/>
        <line num="37" count="0" type="stmt"/>
        <line num="39" count="0" type="cond" truecount="0" falsecount="2"/>
        <line num="40" count="0" type="stmt"/>
        <line num="42" count="0" type="cond" truecount="0" falsecount="2"/>
        <line num="43" count="0" type="stmt"/>
        <line num="46" count="0" type="stmt"/>
        <line num="49" count="0" type="stmt"/>
        <line num="51" count="0" type="cond" truecount="0" falsecount="2"/>
        <line num="52" count="0" type="stmt"/>
        <line num="55" count="0" type="stmt"/>
        <line num="57" count="0" type="stmt"/>
        <line num="61" count="0" type="stmt"/>
        <line num="69" count="0" type="stmt"/>
        <line num="71" count="0" type="stmt"/>
        <line num="72" count="0" type="stmt"/>
        <line num="74" count="0" type="stmt"/>
        <line num="79" count="0" type="stmt"/>
        <line num="80" count="0" type="stmt"/>
        <line num="82" count="0" type="cond" truecount="0" falsecount="2"/>
        <line num="87" count="0" type="stmt"/>
        <line num="97" count="0" type="stmt"/>
        <line num="98" count="0" type="stmt"/>
        <line num="99" count="0" type="stmt"/>
        <line num="103" count="1" type="stmt"/>
        <line num="110" count="1" type="stmt"/>
      </file>
      <file name="EventRow.js" path="/Users/fernandoleemons/Leemons/bubbles/packages/calendars/src/BigCalendar/components/Event/EventRow.js">
        <metrics statements="27" coveredstatements="14" conditionals="10" coveredconditionals="3" methods="2" coveredmethods="2"/>
        <line num="16" count="36" type="stmt"/>
        <line num="18" count="35" type="stmt"/>
        <line num="20" count="35" type="stmt"/>
        <line num="21" count="31" type="stmt"/>
        <line num="22" count="31" type="stmt"/>
        <line num="23" count="31" type="cond" truecount="1" falsecount="1"/>
        <line num="24" count="0" type="stmt"/>
        <line num="26" count="0" type="stmt"/>
        <line num="27" count="0" type="stmt"/>
        <line num="30" count="0" type="stmt"/>
        <line num="33" count="0" type="stmt"/>
        <line num="34" count="0" type="stmt"/>
        <line num="35" count="0" type="cond" truecount="0" falsecount="2"/>
        <line num="36" count="0" type="stmt"/>
        <line num="39" count="0" type="stmt"/>
        <line num="41" count="0" type="stmt"/>
        <line num="43" count="0" type="stmt"/>
        <line num="45" count="0" type="stmt"/>
        <line num="46" count="0" type="stmt"/>
        <line num="61" count="31" type="stmt"/>
        <line num="62" count="31" type="cond" truecount="2" falsecount="0"/>
        <line num="63" count="31" type="stmt"/>
        <line num="70" count="31" type="stmt"/>
        <line num="72" count="31" type="stmt"/>
        <line num="75" count="35" type="stmt"/>
        <line num="80" count="1" type="stmt"/>
        <line num="85" count="1" type="stmt"/>
      </file>
      <file name="EventRowMixin.js" path="/Users/fernandoleemons/Leemons/bubbles/packages/calendars/src/BigCalendar/components/Event/EventRowMixin.js">
        <metrics statements="46" coveredstatements="16" conditionals="52" coveredconditionals="15" methods="2" coveredmethods="2"/>
        <line num="9" count="1" type="stmt"/>
        <line num="46" count="31" type="stmt"/>
        <line num="48" count="31" type="stmt"/>
        <line num="49" count="31" type="stmt"/>
        <line num="51" count="31" type="stmt"/>
        <line num="76" count="47" type="stmt"/>
        <line num="78" count="47" type="cond" truecount="1" falsecount="2"/>
        <line num="79" count="47" type="cond" truecount="1" falsecount="2"/>
        <line num="81" count="47" type="stmt"/>
        <line num="89" count="47" type="cond" truecount="2" falsecount="2"/>
        <line num="90" count="0" type="stmt"/>
        <line num="91" count="0" type="stmt"/>
        <line num="92" count="0" type="stmt"/>
        <line num="93" count="0" type="stmt"/>
        <line num="94" count="0" type="stmt"/>
        <line num="97" count="47" type="cond" truecount="4" falsecount="0"/>
        <line num="98" count="31" type="stmt"/>
        <line num="99" count="31" type="stmt"/>
        <line num="100" count="31" type="cond" truecount="1" falsecount="1"/>
        <line num="101" count="0" type="cond" truecount="0" falsecount="2"/>
        <line num="102" count="0" type="stmt"/>
        <line num="126" count="0" type="stmt"/>
        <line num="129" count="31" type="cond" truecount="1" falsecount="1"/>
        <line num="130" count="0" type="stmt"/>
        <line num="131" count="0" type="stmt"/>
        <line num="132" count="0" type="stmt"/>
        <line num="133" count="0" type="cond" truecount="0" falsecount="2"/>
        <line num="134" count="0" type="stmt"/>
        <line num="135" count="0" type="stmt"/>
        <line num="136" count="0" type="stmt"/>
        <line num="137" count="0" type="cond" truecount="0" falsecount="2"/>
        <line num="138" count="0" type="stmt"/>
        <line num="152" count="0" type="cond" truecount="0" falsecount="2"/>
        <line num="153" count="0" type="cond" truecount="0" falsecount="2"/>
        <line num="154" count="0" type="stmt"/>
        <line num="155" count="0" type="stmt"/>
        <line num="156" count="0" type="stmt"/>
        <line num="157" count="0" type="stmt"/>
        <line num="158" count="0" type="cond" truecount="0" falsecount="2"/>
        <line num="160" count="0" type="stmt"/>
        <line num="161" count="0" type="stmt"/>
        <line num="172" count="0" type="stmt"/>
        <line num="183" count="0" type="stmt"/>
        <line num="197" count="0" type="stmt"/>
        <line num="199" count="0" type="stmt"/>
        <line num="212" count="47" type="stmt"/>
      </file>
    </package>
    <package name="src.BigCalendar.components.MonthRangeView">
      <metrics statements="33" coveredstatements="9" conditionals="22" coveredconditionals="0" methods="10" coveredmethods="0"/>
      <file name="MonthRangeView.constants.js" path="/Users/fernandoleemons/Leemons/bubbles/packages/calendars/src/BigCalendar/components/MonthRangeView/MonthRangeView.constants.js">
        <metrics statements="2" coveredstatements="2" conditionals="0" coveredconditionals="0" methods="1" coveredmethods="0"/>
        <line num="3" count="1" type="stmt"/>
        <line num="8" count="1" type="stmt"/>
      </file>
      <file name="MonthRangeView.js" path="/Users/fernandoleemons/Leemons/bubbles/packages/calendars/src/BigCalendar/components/MonthRangeView/MonthRangeView.js">
        <metrics statements="30" coveredstatements="6" conditionals="8" coveredconditionals="0" methods="8" coveredmethods="0"/>
        <line num="11" count="1" type="stmt"/>
        <line num="12" count="0" type="stmt"/>
        <line num="14" count="0" type="stmt"/>
        <line num="15" count="0" type="cond" truecount="0" falsecount="2"/>
        <line num="16" count="0" type="stmt"/>
        <line num="17" count="0" type="stmt"/>
        <line num="21" count="0" type="stmt"/>
        <line num="23" count="0" type="stmt"/>
        <line num="24" count="0" type="stmt"/>
        <line num="30" count="0" type="stmt"/>
        <line num="33" count="0" type="stmt"/>
        <line num="34" count="0" type="stmt"/>
        <line num="35" count="0" type="stmt"/>
        <line num="36" count="0" type="stmt"/>
        <line num="37" count="0" type="cond" truecount="0" falsecount="2"/>
        <line num="38" count="0" type="cond" truecount="0" falsecount="2"/>
        <line num="39" count="0" type="stmt"/>
        <line num="40" count="0" type="stmt"/>
        <line num="41" count="0" type="stmt"/>
        <line num="43" count="0" type="stmt"/>
        <line num="44" count="0" type="stmt"/>
        <line num="45" count="0" type="stmt"/>
        <line num="71" count="1" type="stmt"/>
        <line num="72" count="0" type="stmt"/>
        <line num="73" count="0" type="stmt"/>
        <line num="74" count="0" type="stmt"/>
        <line num="77" count="1" type="stmt"/>
        <line num="79" count="1" type="stmt"/>
        <line num="81" count="1" type="stmt"/>
        <line num="82" count="1" type="stmt"/>
      </file>
      <file name="MonthRangeView.styles.js" path="/Users/fernandoleemons/Leemons/bubbles/packages/calendars/src/BigCalendar/components/MonthRangeView/MonthRangeView.styles.js">
        <metrics statements="1" coveredstatements="1" conditionals="14" coveredconditionals="0" methods="1" coveredmethods="0"/>
        <line num="4" count="1" type="stmt"/>
      </file>
    </package>
    <package name="src.BigCalendar.components.MonthView">
      <metrics statements="153" coveredstatements="100" conditionals="95" coveredconditionals="48" methods="45" coveredmethods="24"/>
      <file name="MonthView.js" path="/Users/fernandoleemons/Leemons/bubbles/packages/calendars/src/BigCalendar/components/MonthView/MonthView.js">
        <metrics statements="153" coveredstatements="100" conditionals="95" coveredconditionals="48" methods="45" coveredmethods="24"/>
        <line num="19" count="1" type="stmt"/>
        <line num="20" count="0" type="stmt"/>
        <line num="21" count="0" type="stmt"/>
        <line num="22" count="0" type="stmt"/>
        <line num="27" count="0" type="stmt"/>
        <line num="28" count="0" type="cond" truecount="0" falsecount="2"/>
        <line num="29" count="0" type="cond" truecount="0" falsecount="2"/>
        <line num="30" count="0" type="stmt"/>
        <line num="32" count="0" type="stmt"/>
        <line num="33" count="0" type="cond" truecount="0" falsecount="2"/>
        <line num="34" count="0" type="cond" truecount="0" falsecount="4"/>
        <line num="35" count="0" type="stmt"/>
        <line num="37" count="0" type="cond" truecount="0" falsecount="2"/>
        <line num="38" count="0" type="cond" truecount="0" falsecount="4"/>
        <line num="39" count="0" type="stmt"/>
        <line num="41" count="0" type="stmt"/>
        <line num="45" count="1" type="stmt"/>
        <line num="46" count="156" type="stmt"/>
        <line num="47" count="134" type="stmt"/>
        <line num="48" count="30" type="stmt"/>
        <line num="49" count="30" type="stmt"/>
        <line num="50" count="30" type="cond" truecount="2" falsecount="0"/>
        <line num="51" count="24" type="stmt"/>
        <line num="52" count="24" type="stmt"/>
        <line num="53" count="24" type="stmt"/>
        <line num="59" count="11" type="stmt"/>
        <line num="61" count="10" type="stmt"/>
        <line num="62" count="10" type="stmt"/>
        <line num="63" count="10" type="stmt"/>
        <line num="64" count="10" type="stmt"/>
        <line num="71" count="14" type="stmt"/>
        <line num="72" count="14" type="stmt"/>
        <line num="80" count="10" type="stmt"/>
        <line num="81" count="10" type="stmt"/>
        <line num="82" count="10" type="stmt"/>
        <line num="87" count="10" type="cond" truecount="1" falsecount="1"/>
        <line num="89" count="10" type="stmt"/>
        <line num="92" count="0" type="cond" truecount="0" falsecount="2"/>
        <line num="93" count="0" type="stmt"/>
        <line num="94" count="0" type="stmt"/>
        <line num="95" count="0" type="stmt"/>
        <line num="104" count="16" type="cond" truecount="2" falsecount="0"/>
        <line num="108" count="10" type="stmt"/>
        <line num="111" count="10" type="stmt"/>
        <line num="114" count="26" type="stmt"/>
        <line num="115" count="26" type="stmt"/>
        <line num="116" count="26" type="stmt"/>
        <line num="118" count="26" type="stmt"/>
        <line num="120" count="26" type="stmt"/>
        <line num="131" count="10" type="stmt"/>
        <line num="148" count="134" type="stmt"/>
        <line num="150" count="134" type="stmt"/>
        <line num="151" count="134" type="stmt"/>
        <line num="153" count="134" type="cond" truecount="2" falsecount="0"/>
        <line num="154" count="35" type="cond" truecount="2" falsecount="0"/>
        <line num="157" count="134" type="stmt"/>
        <line num="158" count="134" type="stmt"/>
        <line num="160" count="134" type="stmt"/>
        <line num="161" count="134" type="stmt"/>
        <line num="162" count="134" type="cond" truecount="2" falsecount="0"/>
        <line num="163" count="134" type="cond" truecount="2" falsecount="0"/>
        <line num="164" count="26" type="stmt"/>
        <line num="165" count="116" type="stmt"/>
        <line num="167" count="134" type="cond" truecount="2" falsecount="2"/>
        <line num="168" count="134" type="cond" truecount="2" falsecount="2"/>
        <line num="171" count="134" type="cond" truecount="1" falsecount="1"/>
        <line num="175" count="134" type="stmt"/>
        <line num="177" count="134" type="stmt"/>
        <line num="213" count="10" type="stmt"/>
        <line num="214" count="928" type="stmt"/>
        <line num="215" count="928" type="stmt"/>
        <line num="216" count="928" type="stmt"/>
        <line num="217" count="928" type="stmt"/>
        <line num="218" count="928" type="stmt"/>
        <line num="219" count="928" type="cond" truecount="2" falsecount="0"/>
        <line num="220" count="928" type="stmt"/>
        <line num="222" count="928" type="stmt"/>
        <line num="223" count="928" type="cond" truecount="4" falsecount="0"/>
        <line num="224" count="494" type="stmt"/>
        <line num="225" count="1072" type="cond" truecount="2" falsecount="0"/>
        <line num="226" count="1070" type="stmt"/>
        <line num="227" count="1070" type="cond" truecount="1" falsecount="1"/>
        <line num="228" count="1070" type="stmt"/>
        <line num="231" count="1070" type="stmt"/>
        <line num="237" count="1070" type="cond" truecount="2" falsecount="0"/>
        <line num="238" count="1070" type="stmt"/>
        <line num="243" count="928" type="stmt"/>
        <line num="273" count="0" type="stmt"/>
        <line num="280" count="26" type="stmt"/>
        <line num="281" count="26" type="cond" truecount="2" falsecount="0"/>
        <line num="282" count="26" type="stmt"/>
        <line num="283" count="26" type="stmt"/>
        <line num="284" count="26" type="cond" truecount="2" falsecount="0"/>
        <line num="285" count="7" type="cond" truecount="2" falsecount="0"/>
        <line num="288" count="26" type="stmt"/>
        <line num="289" count="26" type="stmt"/>
        <line num="291" count="26" type="stmt"/>
        <line num="292" count="180" type="cond" truecount="1" falsecount="1"/>
        <line num="295" count="180" type="stmt"/>
        <line num="304" count="0" type="cond" truecount="0" falsecount="3"/>
        <line num="305" count="0" type="stmt"/>
        <line num="307" count="0" type="stmt"/>
        <line num="313" count="0" type="stmt"/>
        <line num="317" count="0" type="stmt"/>
        <line num="341" count="12" type="stmt"/>
        <line num="347" count="10" type="stmt"/>
        <line num="348" count="0" type="stmt"/>
        <line num="350" count="0" type="stmt"/>
        <line num="351" count="0" type="stmt"/>
        <line num="354" count="10" type="stmt"/>
        <line num="355" count="0" type="stmt"/>
        <line num="356" count="0" type="stmt"/>
        <line num="357" count="0" type="stmt"/>
        <line num="360" count="10" type="stmt"/>
        <line num="361" count="1" type="stmt"/>
        <line num="362" count="1" type="stmt"/>
        <line num="365" count="10" type="stmt"/>
        <line num="366" count="0" type="stmt"/>
        <line num="367" count="0" type="stmt"/>
        <line num="370" count="10" type="stmt"/>
        <line num="371" count="0" type="stmt"/>
        <line num="372" count="0" type="stmt"/>
        <line num="375" count="10" type="stmt"/>
        <line num="376" count="0" type="stmt"/>
        <line num="378" count="0" type="stmt"/>
        <line num="380" count="0" type="cond" truecount="0" falsecount="2"/>
        <line num="381" count="0" type="stmt"/>
        <line num="383" count="0" type="stmt"/>
        <line num="386" count="0" type="cond" truecount="0" falsecount="2"/>
        <line num="387" count="0" type="cond" truecount="0" falsecount="2"/>
        <line num="390" count="0" type="stmt"/>
        <line num="393" count="10" type="stmt"/>
        <line num="394" count="0" type="stmt"/>
        <line num="400" count="0" type="stmt"/>
        <line num="402" count="0" type="stmt"/>
        <line num="404" count="0" type="stmt"/>
        <line num="406" count="0" type="stmt"/>
        <line num="407" count="0" type="stmt"/>
        <line num="408" count="0" type="stmt"/>
        <line num="410" count="0" type="stmt"/>
        <line num="421" count="1" type="stmt"/>
        <line num="422" count="1" type="stmt"/>
        <line num="426" count="1" type="stmt"/>
        <line num="473" count="1" type="stmt"/>
        <line num="474" count="2" type="stmt"/>
        <line num="475" count="2" type="stmt"/>
        <line num="476" count="2" type="stmt"/>
        <line num="479" count="1" type="stmt"/>
        <line num="480" count="1" type="cond" truecount="1" falsecount="2"/>
        <line num="482" count="0" type="stmt"/>
        <line num="485" count="1" type="stmt"/>
        <line num="488" count="0" type="stmt"/>
        <line num="492" count="24" type="stmt"/>
      </file>
    </package>
    <package name="src.BigCalendar.components.TimeGrid">
      <metrics statements="143" coveredstatements="113" conditionals="74" coveredconditionals="45" methods="39" coveredmethods="25"/>
      <file name="TimeGrid.js" path="/Users/fernandoleemons/Leemons/bubbles/packages/calendars/src/BigCalendar/components/TimeGrid/TimeGrid.js">
        <metrics statements="104" coveredstatements="84" conditionals="46" coveredconditionals="29" methods="29" coveredmethods="20"/>
        <line num="18" count="1" type="stmt"/>
        <line num="19" count="4" type="stmt"/>
        <line num="20" count="4" type="stmt"/>
        <line num="22" count="4" type="stmt"/>
        <line num="23" count="4" type="stmt"/>
        <line num="25" count="4" type="cond" truecount="2" falsecount="0"/>
        <line num="30" count="2" type="stmt"/>
        <line num="32" count="2" type="stmt"/>
        <line num="34" count="2" type="stmt"/>
        <line num="35" count="2" type="stmt"/>
        <line num="36" count="2" type="stmt"/>
        <line num="40" count="2" type="stmt"/>
        <line num="44" count="2" type="stmt"/>
        <line num="46" count="2" type="cond" truecount="1" falsecount="1"/>
        <line num="47" count="2" type="stmt"/>
        <line num="50" count="2" type="stmt"/>
        <line num="52" count="2" type="stmt"/>
        <line num="55" count="2" type="stmt"/>
        <line num="56" count="0" type="cond" truecount="0" falsecount="2"/>
        <line num="57" count="0" type="stmt"/>
        <line num="61" count="2" type="stmt"/>
        <line num="62" count="0" type="stmt"/>
        <line num="63" count="0" type="stmt"/>
        <line num="67" count="2" type="stmt"/>
        <line num="69" count="2" type="stmt"/>
        <line num="71" count="2" type="cond" truecount="1" falsecount="1"/>
        <line num="72" count="2" type="stmt"/>
        <line num="77" count="2" type="cond" truecount="1" falsecount="1"/>
        <line num="78" count="2" type="stmt"/>
        <line num="81" count="2" type="stmt"/>
        <line num="86" count="1" type="stmt"/>
        <line num="88" count="1" type="cond" truecount="1" falsecount="1"/>
        <line num="92" count="0" type="stmt"/>
        <line num="96" count="2" type="stmt"/>
        <line num="97" count="4" type="cond" truecount="2" falsecount="0"/>
        <line num="100" count="2" type="stmt"/>
        <line num="102" count="0" type="stmt"/>
        <line num="103" count="0" type="stmt"/>
        <line num="106" count="2" type="stmt"/>
        <line num="107" count="0" type="stmt"/>
        <line num="109" count="0" type="stmt"/>
        <line num="110" count="0" type="stmt"/>
        <line num="111" count="0" type="stmt"/>
        <line num="113" count="0" type="stmt"/>
        <line num="123" count="4" type="stmt"/>
        <line num="125" count="4" type="stmt"/>
        <line num="126" count="4" type="stmt"/>
        <line num="127" count="4" type="stmt"/>
        <line num="129" count="4" type="stmt"/>
        <line num="130" count="4" type="stmt"/>
        <line num="131" count="16" type="cond" truecount="1" falsecount="1"/>
        <line num="132" count="0" type="stmt"/>
        <line num="135" count="16" type="cond" truecount="1" falsecount="1"/>
        <line num="136" count="0" type="stmt"/>
        <line num="139" count="16" type="stmt"/>
        <line num="178" count="4" type="stmt"/>
        <line num="180" count="4" type="stmt"/>
        <line num="182" count="4" type="cond" truecount="2" falsecount="0"/>
        <line num="184" count="4" type="stmt"/>
        <line num="185" count="4" type="stmt"/>
        <line num="187" count="4" type="stmt"/>
        <line num="189" count="4" type="stmt"/>
        <line num="190" count="4" type="stmt"/>
        <line num="191" count="4" type="stmt"/>
        <line num="193" count="4" type="stmt"/>
        <line num="196" count="4" type="stmt"/>
        <line num="197" count="4" type="cond" truecount="1" falsecount="1"/>
        <line num="198" count="4" type="stmt"/>
        <line num="199" count="4" type="stmt"/>
        <line num="201" count="4" type="cond" truecount="1" falsecount="1"/>
        <line num="206" count="4" type="stmt"/>
        <line num="208" count="0" type="stmt"/>
        <line num="213" count="4" type="stmt"/>
        <line num="214" count="0" type="cond" truecount="0" falsecount="2"/>
        <line num="215" count="0" type="stmt"/>
        <line num="219" count="4" type="stmt"/>
        <line num="221" count="4" type="stmt"/>
        <line num="273" count="0" type="stmt"/>
        <line num="274" count="0" type="stmt"/>
        <line num="278" count="4" type="cond" truecount="2" falsecount="0"/>
        <line num="279" count="2" type="stmt"/>
        <line num="281" count="4" type="stmt"/>
        <line num="282" count="2" type="stmt"/>
        <line num="284" count="2" type="cond" truecount="2" falsecount="2"/>
        <line num="285" count="0" type="stmt"/>
        <line num="291" count="4" type="cond" truecount="2" falsecount="0"/>
        <line num="292" count="2" type="stmt"/>
        <line num="293" count="2" type="stmt"/>
        <line num="295" count="2" type="stmt"/>
        <line num="300" count="2" type="stmt"/>
        <line num="302" count="2" type="stmt"/>
        <line num="303" count="2" type="stmt"/>
        <line num="305" count="2" type="stmt"/>
        <line num="308" count="2" type="stmt"/>
        <line num="309" count="2" type="cond" truecount="1" falsecount="1"/>
        <line num="311" count="2" type="stmt"/>
        <line num="312" count="2" type="stmt"/>
        <line num="314" count="2" type="cond" truecount="1" falsecount="1"/>
        <line num="315" count="2" type="stmt"/>
        <line num="316" count="2" type="stmt"/>
        <line num="317" count="2" type="stmt"/>
        <line num="322" count="3" type="stmt"/>
        <line num="325" count="1" type="stmt"/>
        <line num="366" count="1" type="stmt"/>
      </file>
      <file name="TimeGridHeader.constants.js" path="/Users/fernandoleemons/Leemons/bubbles/packages/calendars/src/BigCalendar/components/TimeGrid/TimeGridHeader.constants.js">
        <metrics statements="2" coveredstatements="2" conditionals="0" coveredconditionals="0" methods="0" coveredmethods="0"/>
        <line num="3" count="1" type="stmt"/>
        <line num="33" count="1" type="stmt"/>
      </file>
      <file name="TimeGridHeader.js" path="/Users/fernandoleemons/Leemons/bubbles/packages/calendars/src/BigCalendar/components/TimeGrid/TimeGridHeader.js">
        <metrics statements="37" coveredstatements="27" conditionals="28" coveredconditionals="16" methods="10" coveredmethods="5"/>
        <line num="13" count="2" type="stmt"/>
        <line num="14" count="0" type="stmt"/>
        <line num="15" count="0" type="stmt"/>
        <line num="25" count="4" type="stmt"/>
        <line num="27" count="4" type="stmt"/>
        <line num="29" count="4" type="stmt"/>
        <line num="30" count="16" type="stmt"/>
        <line num="31" count="16" type="stmt"/>
        <line num="36" count="16" type="cond" truecount="2" falsecount="0"/>
        <line num="38" count="16" type="stmt"/>
        <line num="40" count="16" type="stmt"/>
        <line num="42" count="16" type="stmt"/>
        <line num="51" count="0" type="stmt"/>
        <line num="62" count="2" type="stmt"/>
        <line num="63" count="16" type="stmt"/>
        <line num="64" count="16" type="stmt"/>
        <line num="65" count="16" type="stmt"/>
        <line num="66" count="16" type="stmt"/>
        <line num="67" count="16" type="stmt"/>
        <line num="68" count="16" type="cond" truecount="2" falsecount="0"/>
        <line num="69" count="16" type="stmt"/>
        <line num="71" count="16" type="stmt"/>
        <line num="83" count="0" type="stmt"/>
        <line num="89" count="2" type="stmt"/>
        <line num="101" count="0" type="stmt"/>
        <line num="103" count="0" type="stmt"/>
        <line num="104" count="0" type="cond" truecount="0" falsecount="2"/>
        <line num="105" count="0" type="stmt"/>
        <line num="108" count="0" type="stmt"/>
        <line num="156" count="4" type="stmt"/>
        <line num="158" count="4" type="stmt"/>
        <line num="159" count="4" type="cond" truecount="1" falsecount="1"/>
        <line num="160" count="0" type="cond" truecount="0" falsecount="2"/>
        <line num="163" count="4" type="stmt"/>
        <line num="165" count="4" type="stmt"/>
        <line num="179" count="4" type="cond" truecount="1" falsecount="1"/>
        <line num="231" count="1" type="stmt"/>
      </file>
    </package>
    <package name="src.BigCalendar.components.Toolbar">
      <metrics statements="32" coveredstatements="31" conditionals="23" coveredconditionals="18" methods="14" coveredmethods="13"/>
      <file name="Toolbar.constants.js" path="/Users/fernandoleemons/Leemons/bubbles/packages/calendars/src/BigCalendar/components/Toolbar/Toolbar.constants.js">
        <metrics statements="2" coveredstatements="2" conditionals="0" coveredconditionals="0" methods="0" coveredmethods="0"/>
        <line num="3" count="1" type="stmt"/>
        <line num="21" count="1" type="stmt"/>
      </file>
      <file name="Toolbar.js" path="/Users/fernandoleemons/Leemons/bubbles/packages/calendars/src/BigCalendar/components/Toolbar/Toolbar.js">
        <metrics statements="11" coveredstatements="10" conditionals="10" coveredconditionals="7" methods="8" coveredmethods="7"/>
        <line num="24" count="1" type="stmt"/>
        <line num="41" count="29" type="stmt"/>
        <line num="42" count="29" type="stmt"/>
        <line num="51" count="1" type="stmt"/>
        <line num="58" count="0" type="stmt"/>
        <line num="64" count="1" type="stmt"/>
        <line num="75" count="29" type="stmt"/>
        <line num="76" count="29" type="stmt"/>
        <line num="97" count="1" type="cond" truecount="1" falsecount="1"/>
        <line num="107" count="3" type="stmt"/>
        <line num="129" count="1" type="stmt"/>
      </file>
      <file name="Toolbar.styles.js" path="/Users/fernandoleemons/Leemons/bubbles/packages/calendars/src/BigCalendar/components/Toolbar/Toolbar.styles.js">
        <metrics statements="1" coveredstatements="1" conditionals="0" coveredconditionals="0" methods="1" coveredmethods="1"/>
        <line num="4" count="29" type="stmt"/>
      </file>
      <file name="ViewNamesGroup.constants.js" path="/Users/fernandoleemons/Leemons/bubbles/packages/calendars/src/BigCalendar/components/Toolbar/ViewNamesGroup.constants.js">
        <metrics statements="2" coveredstatements="2" conditionals="0" coveredconditionals="0" methods="0" coveredmethods="0"/>
        <line num="3" count="1" type="stmt"/>
        <line num="11" count="1" type="stmt"/>
      </file>
      <file name="ViewNamesGroup.js" path="/Users/fernandoleemons/Leemons/bubbles/packages/calendars/src/BigCalendar/components/Toolbar/ViewNamesGroup.js">
        <metrics statements="16" coveredstatements="16" conditionals="13" coveredconditionals="11" methods="5" coveredmethods="5"/>
        <line num="5" count="1" type="stmt"/>
        <line num="6" count="46" type="stmt"/>
        <line num="7" count="46" type="stmt"/>
        <line num="9" count="46" type="stmt"/>
        <line num="10" count="29" type="stmt"/>
        <line num="11" count="29" type="cond" truecount="4" falsecount="1"/>
        <line num="12" count="116" type="stmt"/>
        <line num="14" count="29" type="stmt"/>
        <line num="17" count="46" type="stmt"/>
        <line num="19" count="46" type="stmt"/>
        <line num="20" count="3" type="stmt"/>
        <line num="21" count="3" type="cond" truecount="1" falsecount="1"/>
        <line num="24" count="46" type="cond" truecount="6" falsecount="0"/>
        <line num="25" count="18" type="stmt"/>
        <line num="40" count="28" type="stmt"/>
        <line num="43" count="1" type="stmt"/>
      </file>
    </package>
    <package name="src.BigCalendar.components.WeekView">
      <metrics statements="30" coveredstatements="20" conditionals="18" coveredconditionals="7" methods="7" coveredmethods="4"/>
      <file name="WeekView.js" path="/Users/fernandoleemons/Leemons/bubbles/packages/calendars/src/BigCalendar/components/WeekView/WeekView.js">
        <metrics statements="30" coveredstatements="20" conditionals="18" coveredconditionals="7" methods="7" coveredmethods="4"/>
        <line num="9" count="1" type="stmt"/>
        <line num="28" count="2" type="stmt"/>
        <line num="29" count="2" type="stmt"/>
        <line num="31" count="2" type="stmt"/>
        <line num="33" count="2" type="cond" truecount="1" falsecount="1"/>
        <line num="34" count="0" type="stmt"/>
        <line num="36" count="2" type="cond" truecount="2" falsecount="2"/>
        <line num="37" count="0" type="cond" truecount="0" falsecount="2"/>
        <line num="40" count="2" type="cond" truecount="1" falsecount="1"/>
        <line num="41" count="0" type="stmt"/>
        <line num="42" count="0" type="stmt"/>
        <line num="44" count="2" type="cond" truecount="1" falsecount="1"/>
        <line num="45" count="0" type="stmt"/>
        <line num="46" count="0" type="stmt"/>
        <line num="49" count="2" type="stmt"/>
        <line num="63" count="1" type="stmt"/>
        <line num="73" count="1" type="stmt"/>
        <line num="75" count="1" type="stmt"/>
        <line num="76" count="0" type="cond" truecount="0" falsecount="3"/>
        <line num="78" count="0" type="stmt"/>
        <line num="81" count="0" type="stmt"/>
        <line num="84" count="0" type="stmt"/>
        <line num="88" count="1" type="stmt"/>
        <line num="89" count="5" type="stmt"/>
        <line num="90" count="5" type="stmt"/>
        <line num="91" count="5" type="stmt"/>
        <line num="93" count="5" type="stmt"/>
        <line num="96" count="1" type="stmt"/>
        <line num="97" count="2" type="stmt"/>
        <line num="98" count="2" type="stmt"/>
      </file>
    </package>
    <package name="src.BigCalendar.mocks">
      <metrics statements="0" coveredstatements="0" conditionals="0" coveredconditionals="0" methods="0" coveredmethods="0"/>
      <file name="events-month-view.js" path="/Users/fernandoleemons/Leemons/bubbles/packages/calendars/src/BigCalendar/mocks/events-month-view.js">
        <metrics statements="0" coveredstatements="0" conditionals="0" coveredconditionals="0" methods="0" coveredmethods="0"/>
      </file>
      <file name="events.js" path="/Users/fernandoleemons/Leemons/bubbles/packages/calendars/src/BigCalendar/mocks/events.js">
        <metrics statements="0" coveredstatements="0" conditionals="0" coveredconditionals="0" methods="0" coveredmethods="0"/>
      </file>
    </package>
  </project>
</coverage>
