{"/Users/fernandoleemons/Leemons/bubbles/packages/calendars/src/index.js": {"path":"/Users/fernandoleemons/Leemons/bubbles/packages/calendars/src/index.js","statementMap":{},"fnMap":{},"branchMap":{},"s":{},"f":{},"b":{}}
,"/Users/fernandoleemons/Leemons/bubbles/packages/calendars/src/BigCalendar/BigCalendar.constants.js": {"path":"/Users/fernandoleemons/Leemons/bubbles/packages/calendars/src/BigCalendar/BigCalendar.constants.js","statementMap":{"0":{"start":{"line":5,"column":24},"end":{"line":5,"column":49}},"1":{"start":{"line":6,"column":21},"end":{"line":6,"column":48}},"2":{"start":{"line":7,"column":27},"end":{"line":7,"column":39}},"3":{"start":{"line":8,"column":30},"end":{"line":8,"column":31}},"4":{"start":{"line":10,"column":33},"end":{"line":10,"column":96}},"5":{"start":{"line":12,"column":39},"end":{"line":44,"column":1}},"6":{"start":{"line":46,"column":42},"end":{"line":65,"column":1}}},"fnMap":{},"branchMap":{},"s":{"0":1,"1":1,"2":1,"3":1,"4":1,"5":1,"6":1},"f":{},"b":{},"_coverageSchema":"1a1c01bbd47fc00a2c39e90264f33305004495a9","hash":"8291b9b32be629e7165fc0aecfd6b6288e227b70"}
,"/Users/fernandoleemons/Leemons/bubbles/packages/calendars/src/BigCalendar/BigCalendar.js": {"path":"/Users/fernandoleemons/Leemons/bubbles/packages/calendars/src/BigCalendar/BigCalendar.js","statementMap":{"0":{"start":{"line":27,"column":20},"end":{"line":303,"column":1}},"1":{"start":{"line":65,"column":36},"end":{"line":65,"column":52}},"2":{"start":{"line":66,"column":44},"end":{"line":66,"column":70}},"3":{"start":{"line":67,"column":38},"end":{"line":67,"column":52}},"4":{"start":{"line":68,"column":44},"end":{"line":68,"column":59}},"5":{"start":{"line":70,"column":4},"end":{"line":70,"column":75}},"6":{"start":{"line":70,"column":20},"end":{"line":70,"column":53}},"7":{"start":{"line":86,"column":4},"end":{"line":92,"column":5}},"8":{"start":{"line":87,"column":6},"end":{"line":87,"column":54}},"9":{"start":{"line":88,"column":6},"end":{"line":88,"column":26}},"10":{"start":{"line":90,"column":6},"end":{"line":90,"column":90}},"11":{"start":{"line":91,"column":6},"end":{"line":91,"column":25}},"12":{"start":{"line":94,"column":4},"end":{"line":96,"column":5}},"13":{"start":{"line":95,"column":6},"end":{"line":95,"column":26}},"14":{"start":{"line":101,"column":61},"end":{"line":109,"column":5}},"15":{"start":{"line":102,"column":13},"end":{"line":107,"column":7}},"16":{"start":{"line":106,"column":22},"end":{"line":106,"column":49}},"17":{"start":{"line":114,"column":19},"end":{"line":174,"column":47}},"18":{"start":{"line":115,"column":18},"end":{"line":115,"column":20}},"19":{"start":{"line":116,"column":6},"end":{"line":172,"column":7}},"20":{"start":{"line":117,"column":8},"end":{"line":171,"column":11}},"21":{"start":{"line":118,"column":10},"end":{"line":170,"column":11}},"22":{"start":{"line":119,"column":25},"end":{"line":121,"column":26}},"23":{"start":{"line":123,"column":25},"end":{"line":145,"column":14}},"24":{"start":{"line":146,"column":26},"end":{"line":146,"column":36}},"25":{"start":{"line":147,"column":12},"end":{"line":155,"column":15}},"26":{"start":{"line":148,"column":30},"end":{"line":148,"column":48}},"27":{"start":{"line":149,"column":14},"end":{"line":149,"column":92}},"28":{"start":{"line":150,"column":14},"end":{"line":154,"column":17}},"29":{"start":{"line":157,"column":26},"end":{"line":160,"column":13}},"30":{"start":{"line":162,"column":22},"end":{"line":165,"column":13}},"31":{"start":{"line":167,"column":12},"end":{"line":169,"column":13}},"32":{"start":{"line":168,"column":14},"end":{"line":168,"column":27}},"33":{"start":{"line":173,"column":6},"end":{"line":173,"column":17}},"34":{"start":{"line":179,"column":27},"end":{"line":182,"column":5}},"35":{"start":{"line":180,"column":6},"end":{"line":180,"column":24}},"36":{"start":{"line":181,"column":6},"end":{"line":181,"column":22}},"37":{"start":{"line":184,"column":30},"end":{"line":210,"column":5}},"38":{"start":{"line":185,"column":21},"end":{"line":185,"column":26}},"39":{"start":{"line":186,"column":6},"end":{"line":202,"column":7}},"40":{"start":{"line":187,"column":20},"end":{"line":187,"column":49}},"41":{"start":{"line":188,"column":8},"end":{"line":188,"column":33}},"42":{"start":{"line":189,"column":8},"end":{"line":192,"column":10}},"43":{"start":{"line":193,"column":13},"end":{"line":202,"column":7}},"44":{"start":{"line":194,"column":20},"end":{"line":194,"column":41}},"45":{"start":{"line":195,"column":8},"end":{"line":195,"column":33}},"46":{"start":{"line":196,"column":8},"end":{"line":199,"column":10}},"47":{"start":{"line":200,"column":13},"end":{"line":202,"column":7}},"48":{"start":{"line":201,"column":8},"end":{"line":201,"column":24}},"49":{"start":{"line":204,"column":6},"end":{"line":209,"column":7}},"50":{"start":{"line":205,"column":8},"end":{"line":205,"column":46}},"51":{"start":{"line":206,"column":8},"end":{"line":206,"column":44}},"52":{"start":{"line":207,"column":8},"end":{"line":207,"column":32}},"53":{"start":{"line":208,"column":8},"end":{"line":208,"column":31}},"54":{"start":{"line":212,"column":30},"end":{"line":215,"column":5}},"55":{"start":{"line":213,"column":6},"end":{"line":213,"column":24}},"56":{"start":{"line":214,"column":6},"end":{"line":214,"column":21}},"57":{"start":{"line":217,"column":31},"end":{"line":220,"column":5}},"58":{"start":{"line":218,"column":6},"end":{"line":218,"column":24}},"59":{"start":{"line":219,"column":6},"end":{"line":219,"column":21}},"60":{"start":{"line":225,"column":4},"end":{"line":237,"column":16}},"61":{"start":{"line":226,"column":6},"end":{"line":230,"column":7}},"62":{"start":{"line":227,"column":8},"end":{"line":227,"column":65}},"63":{"start":{"line":228,"column":8},"end":{"line":228,"column":81}},"64":{"start":{"line":229,"column":8},"end":{"line":229,"column":30}},"65":{"start":{"line":231,"column":6},"end":{"line":236,"column":8}},"66":{"start":{"line":232,"column":8},"end":{"line":235,"column":9}},"67":{"start":{"line":233,"column":10},"end":{"line":233,"column":70}},"68":{"start":{"line":234,"column":10},"end":{"line":234,"column":86}},"69":{"start":{"line":242,"column":28},"end":{"line":246,"column":6}},"70":{"start":{"line":248,"column":4},"end":{"line":301,"column":6}},"71":{"start":{"line":257,"column":18},"end":{"line":268,"column":20}},"72":{"start":{"line":305,"column":0},"end":{"line":305,"column":54}},"73":{"start":{"line":306,"column":0},"end":{"line":306,"column":48}},"74":{"start":{"line":311,"column":0},"end":{"line":311,"column":40}}},"fnMap":{"0":{"name":"(anonymous_0)","decl":{"start":{"line":28,"column":2},"end":{"line":28,"column":3}},"loc":{"start":{"line":64,"column":7},"end":{"line":302,"column":3}},"line":64},"1":{"name":"(anonymous_1)","decl":{"start":{"line":56,"column":18},"end":{"line":56,"column":19}},"loc":{"start":{"line":56,"column":24},"end":{"line":56,"column":26}},"line":56},"2":{"name":"(anonymous_2)","decl":{"start":{"line":57,"column":20},"end":{"line":57,"column":21}},"loc":{"start":{"line":57,"column":26},"end":{"line":57,"column":28}},"line":57},"3":{"name":"(anonymous_3)","decl":{"start":{"line":58,"column":22},"end":{"line":58,"column":23}},"loc":{"start":{"line":58,"column":28},"end":{"line":58,"column":30}},"line":58},"4":{"name":"(anonymous_4)","decl":{"start":{"line":59,"column":22},"end":{"line":59,"column":23}},"loc":{"start":{"line":59,"column":28},"end":{"line":59,"column":30}},"line":59},"5":{"name":"(anonymous_5)","decl":{"start":{"line":60,"column":19},"end":{"line":60,"column":20}},"loc":{"start":{"line":60,"column":25},"end":{"line":60,"column":27}},"line":60},"6":{"name":"(anonymous_6)","decl":{"start":{"line":61,"column":22},"end":{"line":61,"column":23}},"loc":{"start":{"line":61,"column":28},"end":{"line":61,"column":30}},"line":61},"7":{"name":"(anonymous_7)","decl":{"start":{"line":70,"column":14},"end":{"line":70,"column":15}},"loc":{"start":{"line":70,"column":20},"end":{"line":70,"column":53}},"line":70},"8":{"name":"(anonymous_8)","decl":{"start":{"line":102,"column":6},"end":{"line":102,"column":7}},"loc":{"start":{"line":102,"column":13},"end":{"line":107,"column":7}},"line":102},"9":{"name":"(anonymous_9)","decl":{"start":{"line":106,"column":16},"end":{"line":106,"column":17}},"loc":{"start":{"line":106,"column":22},"end":{"line":106,"column":49}},"line":106},"10":{"name":"(anonymous_10)","decl":{"start":{"line":114,"column":27},"end":{"line":114,"column":28}},"loc":{"start":{"line":114,"column":33},"end":{"line":174,"column":5}},"line":114},"11":{"name":"(anonymous_11)","decl":{"start":{"line":117,"column":28},"end":{"line":117,"column":29}},"loc":{"start":{"line":117,"column":36},"end":{"line":171,"column":9}},"line":117},"12":{"name":"(anonymous_12)","decl":{"start":{"line":147,"column":27},"end":{"line":147,"column":28}},"loc":{"start":{"line":147,"column":37},"end":{"line":155,"column":13}},"line":147},"13":{"name":"(anonymous_13)","decl":{"start":{"line":179,"column":27},"end":{"line":179,"column":28}},"loc":{"start":{"line":179,"column":49},"end":{"line":182,"column":5}},"line":179},"14":{"name":"(anonymous_14)","decl":{"start":{"line":184,"column":30},"end":{"line":184,"column":31}},"loc":{"start":{"line":184,"column":41},"end":{"line":210,"column":5}},"line":184},"15":{"name":"(anonymous_15)","decl":{"start":{"line":212,"column":30},"end":{"line":212,"column":31}},"loc":{"start":{"line":212,"column":38},"end":{"line":215,"column":5}},"line":212},"16":{"name":"(anonymous_16)","decl":{"start":{"line":217,"column":31},"end":{"line":217,"column":32}},"loc":{"start":{"line":217,"column":51},"end":{"line":220,"column":5}},"line":217},"17":{"name":"(anonymous_17)","decl":{"start":{"line":225,"column":14},"end":{"line":225,"column":15}},"loc":{"start":{"line":225,"column":20},"end":{"line":237,"column":5}},"line":225},"18":{"name":"(anonymous_18)","decl":{"start":{"line":231,"column":13},"end":{"line":231,"column":14}},"loc":{"start":{"line":231,"column":19},"end":{"line":236,"column":7}},"line":231},"19":{"name":"(anonymous_19)","decl":{"start":{"line":256,"column":16},"end":{"line":256,"column":17}},"loc":{"start":{"line":257,"column":18},"end":{"line":268,"column":20}},"line":257}},"branchMap":{"0":{"loc":{"start":{"line":46,"column":6},"end":{"line":46,"column":25}},"type":"default-arg","locations":[{"start":{"line":46,"column":23},"end":{"line":46,"column":25}}],"line":46},"1":{"loc":{"start":{"line":48,"column":6},"end":{"line":48,"column":29}},"type":"default-arg","locations":[{"start":{"line":48,"column":25},"end":{"line":48,"column":29}}],"line":48},"2":{"loc":{"start":{"line":49,"column":6},"end":{"line":49,"column":25}},"type":"default-arg","locations":[{"start":{"line":49,"column":20},"end":{"line":49,"column":25}}],"line":49},"3":{"loc":{"start":{"line":51,"column":6},"end":{"line":51,"column":33}},"type":"default-arg","locations":[{"start":{"line":51,"column":29},"end":{"line":51,"column":33}}],"line":51},"4":{"loc":{"start":{"line":52,"column":6},"end":{"line":52,"column":37}},"type":"default-arg","locations":[{"start":{"line":52,"column":33},"end":{"line":52,"column":37}}],"line":52},"5":{"loc":{"start":{"line":53,"column":6},"end":{"line":53,"column":36}},"type":"default-arg","locations":[{"start":{"line":53,"column":32},"end":{"line":53,"column":36}}],"line":53},"6":{"loc":{"start":{"line":56,"column":6},"end":{"line":56,"column":26}},"type":"default-arg","locations":[{"start":{"line":56,"column":18},"end":{"line":56,"column":26}}],"line":56},"7":{"loc":{"start":{"line":57,"column":6},"end":{"line":57,"column":28}},"type":"default-arg","locations":[{"start":{"line":57,"column":20},"end":{"line":57,"column":28}}],"line":57},"8":{"loc":{"start":{"line":58,"column":6},"end":{"line":58,"column":30}},"type":"default-arg","locations":[{"start":{"line":58,"column":22},"end":{"line":58,"column":30}}],"line":58},"9":{"loc":{"start":{"line":59,"column":6},"end":{"line":59,"column":30}},"type":"default-arg","locations":[{"start":{"line":59,"column":22},"end":{"line":59,"column":30}}],"line":59},"10":{"loc":{"start":{"line":60,"column":6},"end":{"line":60,"column":27}},"type":"default-arg","locations":[{"start":{"line":60,"column":19},"end":{"line":60,"column":27}}],"line":60},"11":{"loc":{"start":{"line":61,"column":6},"end":{"line":61,"column":30}},"type":"default-arg","locations":[{"start":{"line":61,"column":22},"end":{"line":61,"column":30}}],"line":61},"12":{"loc":{"start":{"line":86,"column":4},"end":{"line":92,"column":5}},"type":"if","locations":[{"start":{"line":86,"column":4},"end":{"line":92,"column":5}},{"start":{"line":89,"column":11},"end":{"line":92,"column":5}}],"line":86},"13":{"loc":{"start":{"line":94,"column":4},"end":{"line":96,"column":5}},"type":"if","locations":[{"start":{"line":94,"column":4},"end":{"line":96,"column":5}},{"start":{},"end":{}}],"line":94},"14":{"loc":{"start":{"line":116,"column":6},"end":{"line":172,"column":7}},"type":"if","locations":[{"start":{"line":116,"column":6},"end":{"line":172,"column":7}},{"start":{},"end":{}}],"line":116},"15":{"loc":{"start":{"line":118,"column":10},"end":{"line":170,"column":11}},"type":"if","locations":[{"start":{"line":118,"column":10},"end":{"line":170,"column":11}},{"start":{"line":156,"column":17},"end":{"line":170,"column":11}}],"line":118},"16":{"loc":{"start":{"line":167,"column":12},"end":{"line":169,"column":13}},"type":"if","locations":[{"start":{"line":167,"column":12},"end":{"line":169,"column":13}},{"start":{},"end":{}}],"line":167},"17":{"loc":{"start":{"line":167,"column":16},"end":{"line":167,"column":48}},"type":"binary-expr","locations":[{"start":{"line":167,"column":16},"end":{"line":167,"column":30}},{"start":{"line":167,"column":34},"end":{"line":167,"column":48}}],"line":167},"18":{"loc":{"start":{"line":186,"column":6},"end":{"line":202,"column":7}},"type":"if","locations":[{"start":{"line":186,"column":6},"end":{"line":202,"column":7}},{"start":{"line":193,"column":13},"end":{"line":202,"column":7}}],"line":186},"19":{"loc":{"start":{"line":186,"column":10},"end":{"line":186,"column":50}},"type":"binary-expr","locations":[{"start":{"line":186,"column":10},"end":{"line":186,"column":27}},{"start":{"line":186,"column":31},"end":{"line":186,"column":50}}],"line":186},"20":{"loc":{"start":{"line":193,"column":13},"end":{"line":202,"column":7}},"type":"if","locations":[{"start":{"line":193,"column":13},"end":{"line":202,"column":7}},{"start":{"line":200,"column":13},"end":{"line":202,"column":7}}],"line":193},"21":{"loc":{"start":{"line":193,"column":17},"end":{"line":193,"column":59}},"type":"binary-expr","locations":[{"start":{"line":193,"column":17},"end":{"line":193,"column":34}},{"start":{"line":193,"column":38},"end":{"line":193,"column":59}}],"line":193},"22":{"loc":{"start":{"line":200,"column":13},"end":{"line":202,"column":7}},"type":"if","locations":[{"start":{"line":200,"column":13},"end":{"line":202,"column":7}},{"start":{},"end":{}}],"line":200},"23":{"loc":{"start":{"line":204,"column":6},"end":{"line":209,"column":7}},"type":"if","locations":[{"start":{"line":204,"column":6},"end":{"line":209,"column":7}},{"start":{},"end":{}}],"line":204},"24":{"loc":{"start":{"line":226,"column":6},"end":{"line":230,"column":7}},"type":"if","locations":[{"start":{"line":226,"column":6},"end":{"line":230,"column":7}},{"start":{},"end":{}}],"line":226},"25":{"loc":{"start":{"line":226,"column":10},"end":{"line":226,"column":40}},"type":"binary-expr","locations":[{"start":{"line":226,"column":10},"end":{"line":226,"column":23}},{"start":{"line":226,"column":27},"end":{"line":226,"column":40}}],"line":226},"26":{"loc":{"start":{"line":232,"column":8},"end":{"line":235,"column":9}},"type":"if","locations":[{"start":{"line":232,"column":8},"end":{"line":235,"column":9}},{"start":{},"end":{}}],"line":232},"27":{"loc":{"start":{"line":232,"column":12},"end":{"line":232,"column":41}},"type":"binary-expr","locations":[{"start":{"line":232,"column":12},"end":{"line":232,"column":24}},{"start":{"line":232,"column":28},"end":{"line":232,"column":41}}],"line":232},"28":{"loc":{"start":{"line":255,"column":21},"end":{"line":270,"column":21}},"type":"cond-expr","locations":[{"start":{"line":256,"column":16},"end":{"line":269,"column":17}},{"start":{"line":270,"column":16},"end":{"line":270,"column":21}}],"line":255}},"s":{"0":1,"1":28,"2":28,"3":28,"4":28,"5":28,"6":10,"7":28,"8":0,"9":0,"10":28,"11":28,"12":28,"13":0,"14":28,"15":10,"16":1142,"17":28,"18":26,"19":26,"20":16,"21":176,"22":0,"23":0,"24":0,"25":0,"26":0,"27":0,"28":0,"29":176,"30":176,"31":176,"32":29,"33":26,"34":28,"35":0,"36":0,"37":28,"38":17,"39":17,"40":1,"41":1,"42":1,"43":16,"44":1,"45":1,"46":1,"47":15,"48":0,"49":17,"50":17,"51":17,"52":17,"53":17,"54":28,"55":1,"56":1,"57":28,"58":0,"59":0,"60":28,"61":10,"62":0,"63":0,"64":0,"65":10,"66":10,"67":0,"68":0,"69":28,"70":28,"71":30,"72":1,"73":1,"74":1},"f":{"0":28,"1":0,"2":0,"3":17,"4":0,"5":1,"6":0,"7":10,"8":10,"9":1142,"10":26,"11":176,"12":0,"13":0,"14":17,"15":1,"16":0,"17":10,"18":10,"19":30},"b":{"0":[28],"1":[28],"2":[28],"3":[28],"4":[28],"5":[28],"6":[28],"7":[28],"8":[28],"9":[26],"10":[28],"11":[26],"12":[0,28],"13":[0,28],"14":[16,10],"15":[0,176],"16":[29,147],"17":[176,45],"18":[1,16],"19":[17,2],"20":[1,15],"21":[16,1],"22":[0,15],"23":[17,0],"24":[0,10],"25":[10,10],"26":[0,10],"27":[10,0],"28":[28,0]},"_coverageSchema":"1a1c01bbd47fc00a2c39e90264f33305004495a9","hash":"2d271c26becb6f9114c9e7116765fdf50268c3e8"}
,"/Users/fernandoleemons/Leemons/bubbles/packages/calendars/src/BigCalendar/BigCalendar.stories.js": {"path":"/Users/fernandoleemons/Leemons/bubbles/packages/calendars/src/BigCalendar/BigCalendar.stories.js","statementMap":{"0":{"start":{"line":33,"column":20},"end":{"line":33,"column":40}},"1":{"start":{"line":35,"column":17},"end":{"line":55,"column":1}},"2":{"start":{"line":37,"column":21},"end":{"line":37,"column":26}},"3":{"start":{"line":38,"column":2},"end":{"line":53,"column":3}},"4":{"start":{"line":39,"column":4},"end":{"line":52,"column":6}},"5":{"start":{"line":54,"column":2},"end":{"line":54,"column":88}},"6":{"start":{"line":57,"column":26},"end":{"line":57,"column":43}},"7":{"start":{"line":59,"column":0},"end":{"line":64,"column":2}},"8":{"start":{"line":66,"column":27},"end":{"line":66,"column":96}},"9":{"start":{"line":66,"column":38},"end":{"line":66,"column":96}},"10":{"start":{"line":68,"column":30},"end":{"line":68,"column":57}},"11":{"start":{"line":70,"column":0},"end":{"line":82,"column":2}},"12":{"start":{"line":84,"column":30},"end":{"line":145,"column":1}},"13":{"start":{"line":85,"column":30},"end":{"line":85,"column":42}},"14":{"start":{"line":86,"column":38},"end":{"line":86,"column":50}},"15":{"start":{"line":87,"column":40},"end":{"line":87,"column":52}},"16":{"start":{"line":88,"column":38},"end":{"line":88,"column":57}},"17":{"start":{"line":89,"column":40},"end":{"line":89,"column":59}},"18":{"start":{"line":90,"column":38},"end":{"line":90,"column":52}},"19":{"start":{"line":91,"column":34},"end":{"line":91,"column":48}},"20":{"start":{"line":93,"column":24},"end":{"line":113,"column":3}},"21":{"start":{"line":94,"column":4},"end":{"line":94,"column":23}},"22":{"start":{"line":96,"column":21},"end":{"line":104,"column":5}},"23":{"start":{"line":106,"column":4},"end":{"line":106,"column":37}},"24":{"start":{"line":107,"column":4},"end":{"line":107,"column":22}},"25":{"start":{"line":108,"column":4},"end":{"line":108,"column":23}},"26":{"start":{"line":109,"column":4},"end":{"line":109,"column":30}},"27":{"start":{"line":110,"column":4},"end":{"line":110,"column":29}},"28":{"start":{"line":111,"column":4},"end":{"line":111,"column":24}},"29":{"start":{"line":112,"column":4},"end":{"line":112,"column":22}},"30":{"start":{"line":115,"column":2},"end":{"line":144,"column":4}},"31":{"start":{"line":147,"column":33},"end":{"line":147,"column":63}},"32":{"start":{"line":149,"column":0},"end":{"line":154,"column":2}}},"fnMap":{"0":{"name":"(anonymous_0)","decl":{"start":{"line":35,"column":17},"end":{"line":35,"column":18}},"loc":{"start":{"line":35,"column":28},"end":{"line":55,"column":1}},"line":35},"1":{"name":"(anonymous_1)","decl":{"start":{"line":66,"column":27},"end":{"line":66,"column":28}},"loc":{"start":{"line":66,"column":38},"end":{"line":66,"column":96}},"line":66},"2":{"name":"(anonymous_2)","decl":{"start":{"line":84,"column":30},"end":{"line":84,"column":31}},"loc":{"start":{"line":84,"column":41},"end":{"line":145,"column":1}},"line":84},"3":{"name":"(anonymous_3)","decl":{"start":{"line":93,"column":24},"end":{"line":93,"column":25}},"loc":{"start":{"line":93,"column":31},"end":{"line":113,"column":3}},"line":93}},"branchMap":{"0":{"loc":{"start":{"line":38,"column":2},"end":{"line":53,"column":3}},"type":"if","locations":[{"start":{"line":38,"column":2},"end":{"line":53,"column":3}},{"start":{},"end":{}}],"line":38}},"s":{"0":0,"1":0,"2":0,"3":0,"4":0,"5":0,"6":0,"7":0,"8":0,"9":0,"10":0,"11":0,"12":0,"13":0,"14":0,"15":0,"16":0,"17":0,"18":0,"19":0,"20":0,"21":0,"22":0,"23":0,"24":0,"25":0,"26":0,"27":0,"28":0,"29":0,"30":0,"31":0,"32":0},"f":{"0":0,"1":0,"2":0,"3":0},"b":{"0":[0,0]}}
,"/Users/fernandoleemons/Leemons/bubbles/packages/calendars/src/BigCalendar/BigCalendar.styles.js": {"path":"/Users/fernandoleemons/Leemons/bubbles/packages/calendars/src/BigCalendar/BigCalendar.styles.js","statementMap":{"0":{"start":{"line":5,"column":23},"end":{"line":33,"column":2}},"1":{"start":{"line":5,"column":49},"end":{"line":33,"column":1}},"2":{"start":{"line":35,"column":27},"end":{"line":102,"column":2}},"3":{"start":{"line":35,"column":64},"end":{"line":102,"column":1}},"4":{"start":{"line":104,"column":24},"end":{"line":125,"column":2}},"5":{"start":{"line":104,"column":61},"end":{"line":125,"column":1}},"6":{"start":{"line":127,"column":21},"end":{"line":131,"column":2}},"7":{"start":{"line":127,"column":40},"end":{"line":131,"column":1}},"8":{"start":{"line":133,"column":28},"end":{"line":176,"column":2}},"9":{"start":{"line":133,"column":60},"end":{"line":176,"column":1}},"10":{"start":{"line":178,"column":26},"end":{"line":280,"column":2}},"11":{"start":{"line":178,"column":38},"end":{"line":280,"column":1}},"12":{"start":{"line":282,"column":24},"end":{"line":384,"column":2}},"13":{"start":{"line":282,"column":36},"end":{"line":384,"column":1}},"14":{"start":{"line":386,"column":33},"end":{"line":419,"column":1}},"15":{"start":{"line":387,"column":59},"end":{"line":418,"column":3}}},"fnMap":{"0":{"name":"(anonymous_0)","decl":{"start":{"line":5,"column":23},"end":{"line":5,"column":24}},"loc":{"start":{"line":5,"column":49},"end":{"line":33,"column":1}},"line":5},"1":{"name":"(anonymous_1)","decl":{"start":{"line":35,"column":27},"end":{"line":35,"column":28}},"loc":{"start":{"line":35,"column":64},"end":{"line":102,"column":1}},"line":35},"2":{"name":"(anonymous_2)","decl":{"start":{"line":104,"column":24},"end":{"line":104,"column":25}},"loc":{"start":{"line":104,"column":61},"end":{"line":125,"column":1}},"line":104},"3":{"name":"(anonymous_3)","decl":{"start":{"line":127,"column":21},"end":{"line":127,"column":22}},"loc":{"start":{"line":127,"column":40},"end":{"line":131,"column":1}},"line":127},"4":{"name":"(anonymous_4)","decl":{"start":{"line":133,"column":28},"end":{"line":133,"column":29}},"loc":{"start":{"line":133,"column":60},"end":{"line":176,"column":1}},"line":133},"5":{"name":"(anonymous_5)","decl":{"start":{"line":178,"column":26},"end":{"line":178,"column":27}},"loc":{"start":{"line":178,"column":38},"end":{"line":280,"column":1}},"line":178},"6":{"name":"(anonymous_6)","decl":{"start":{"line":282,"column":24},"end":{"line":282,"column":25}},"loc":{"start":{"line":282,"column":36},"end":{"line":384,"column":1}},"line":282},"7":{"name":"(anonymous_7)","decl":{"start":{"line":387,"column":2},"end":{"line":387,"column":3}},"loc":{"start":{"line":387,"column":59},"end":{"line":418,"column":3}},"line":387}},"branchMap":{"0":{"loc":{"start":{"line":11,"column":12},"end":{"line":11,"column":34}},"type":"binary-expr","locations":[{"start":{"line":11,"column":12},"end":{"line":11,"column":24}},{"start":{"line":11,"column":28},"end":{"line":11,"column":34}}],"line":11},"1":{"loc":{"start":{"line":12,"column":12},"end":{"line":12,"column":30}},"type":"binary-expr","locations":[{"start":{"line":12,"column":12},"end":{"line":12,"column":24}},{"start":{"line":12,"column":28},"end":{"line":12,"column":30}}],"line":12},"2":{"loc":{"start":{"line":24,"column":13},"end":{"line":24,"column":32}},"type":"binary-expr","locations":[{"start":{"line":24,"column":13},"end":{"line":24,"column":25}},{"start":{"line":24,"column":29},"end":{"line":24,"column":32}}],"line":24},"3":{"loc":{"start":{"line":25,"column":12},"end":{"line":25,"column":34}},"type":"binary-expr","locations":[{"start":{"line":25,"column":12},"end":{"line":25,"column":24}},{"start":{"line":25,"column":28},"end":{"line":25,"column":34}}],"line":25},"4":{"loc":{"start":{"line":39,"column":18},"end":{"line":39,"column":67}},"type":"binary-expr","locations":[{"start":{"line":39,"column":18},"end":{"line":39,"column":31}},{"start":{"line":39,"column":35},"end":{"line":39,"column":67}}],"line":39},"5":{"loc":{"start":{"line":42,"column":12},"end":{"line":42,"column":61}},"type":"binary-expr","locations":[{"start":{"line":42,"column":12},"end":{"line":42,"column":25}},{"start":{"line":42,"column":29},"end":{"line":42,"column":61}}],"line":42},"6":{"loc":{"start":{"line":45,"column":12},"end":{"line":45,"column":49}},"type":"binary-expr","locations":[{"start":{"line":45,"column":12},"end":{"line":45,"column":24}},{"start":{"line":45,"column":29},"end":{"line":45,"column":48}}],"line":45},"7":{"loc":{"start":{"line":45,"column":29},"end":{"line":45,"column":48}},"type":"cond-expr","locations":[{"start":{"line":45,"column":41},"end":{"line":45,"column":43}},{"start":{"line":45,"column":46},"end":{"line":45,"column":48}}],"line":45},"8":{"loc":{"start":{"line":46,"column":15},"end":{"line":46,"column":52}},"type":"binary-expr","locations":[{"start":{"line":46,"column":15},"end":{"line":46,"column":27}},{"start":{"line":46,"column":32},"end":{"line":46,"column":51}}],"line":46},"9":{"loc":{"start":{"line":46,"column":32},"end":{"line":46,"column":51}},"type":"cond-expr","locations":[{"start":{"line":46,"column":44},"end":{"line":46,"column":46}},{"start":{"line":46,"column":49},"end":{"line":46,"column":51}}],"line":46},"10":{"loc":{"start":{"line":47,"column":15},"end":{"line":47,"column":52}},"type":"binary-expr","locations":[{"start":{"line":47,"column":15},"end":{"line":47,"column":27}},{"start":{"line":47,"column":32},"end":{"line":47,"column":51}}],"line":47},"11":{"loc":{"start":{"line":47,"column":32},"end":{"line":47,"column":51}},"type":"cond-expr","locations":[{"start":{"line":47,"column":44},"end":{"line":47,"column":46}},{"start":{"line":47,"column":49},"end":{"line":47,"column":51}}],"line":47},"12":{"loc":{"start":{"line":51,"column":15},"end":{"line":51,"column":37}},"type":"binary-expr","locations":[{"start":{"line":51,"column":15},"end":{"line":51,"column":27}},{"start":{"line":51,"column":31},"end":{"line":51,"column":37}}],"line":51},"13":{"loc":{"start":{"line":54,"column":12},"end":{"line":54,"column":34}},"type":"binary-expr","locations":[{"start":{"line":54,"column":12},"end":{"line":54,"column":24}},{"start":{"line":54,"column":28},"end":{"line":54,"column":34}}],"line":54},"14":{"loc":{"start":{"line":57,"column":12},"end":{"line":57,"column":34}},"type":"binary-expr","locations":[{"start":{"line":57,"column":12},"end":{"line":57,"column":24}},{"start":{"line":57,"column":28},"end":{"line":57,"column":34}}],"line":57},"15":{"loc":{"start":{"line":64,"column":19},"end":{"line":64,"column":68}},"type":"cond-expr","locations":[{"start":{"line":64,"column":34},"end":{"line":64,"column":50}},{"start":{"line":64,"column":53},"end":{"line":64,"column":68}}],"line":64},"16":{"loc":{"start":{"line":77,"column":12},"end":{"line":77,"column":34}},"type":"binary-expr","locations":[{"start":{"line":77,"column":12},"end":{"line":77,"column":24}},{"start":{"line":77,"column":28},"end":{"line":77,"column":34}}],"line":77},"17":{"loc":{"start":{"line":78,"column":13},"end":{"line":78,"column":35}},"type":"binary-expr","locations":[{"start":{"line":78,"column":13},"end":{"line":78,"column":25}},{"start":{"line":78,"column":29},"end":{"line":78,"column":35}}],"line":78},"18":{"loc":{"start":{"line":79,"column":20},"end":{"line":79,"column":44}},"type":"binary-expr","locations":[{"start":{"line":79,"column":20},"end":{"line":79,"column":32}},{"start":{"line":79,"column":36},"end":{"line":79,"column":44}}],"line":79},"19":{"loc":{"start":{"line":80,"column":16},"end":{"line":80,"column":40}},"type":"binary-expr","locations":[{"start":{"line":80,"column":16},"end":{"line":80,"column":28}},{"start":{"line":80,"column":32},"end":{"line":80,"column":40}}],"line":80},"20":{"loc":{"start":{"line":83,"column":16},"end":{"line":83,"column":31}},"type":"binary-expr","locations":[{"start":{"line":83,"column":16},"end":{"line":83,"column":25}},{"start":{"line":83,"column":29},"end":{"line":83,"column":31}}],"line":83},"21":{"loc":{"start":{"line":89,"column":16},"end":{"line":89,"column":38}},"type":"binary-expr","locations":[{"start":{"line":89,"column":16},"end":{"line":89,"column":28}},{"start":{"line":89,"column":32},"end":{"line":89,"column":38}}],"line":89},"22":{"loc":{"start":{"line":95,"column":16},"end":{"line":95,"column":35}},"type":"binary-expr","locations":[{"start":{"line":95,"column":16},"end":{"line":95,"column":28}},{"start":{"line":95,"column":32},"end":{"line":95,"column":35}}],"line":95},"23":{"loc":{"start":{"line":98,"column":21},"end":{"line":98,"column":64}},"type":"binary-expr","locations":[{"start":{"line":98,"column":21},"end":{"line":98,"column":34}},{"start":{"line":98,"column":38},"end":{"line":98,"column":64}}],"line":98},"24":{"loc":{"start":{"line":99,"column":11},"end":{"line":99,"column":47}},"type":"binary-expr","locations":[{"start":{"line":99,"column":11},"end":{"line":99,"column":24}},{"start":{"line":99,"column":28},"end":{"line":99,"column":47}}],"line":99},"25":{"loc":{"start":{"line":100,"column":18},"end":{"line":100,"column":36}},"type":"binary-expr","locations":[{"start":{"line":100,"column":18},"end":{"line":100,"column":31}},{"start":{"line":100,"column":35},"end":{"line":100,"column":36}}],"line":100},"26":{"loc":{"start":{"line":106,"column":41},"end":{"line":106,"column":65}},"type":"cond-expr","locations":[{"start":{"line":106,"column":56},"end":{"line":106,"column":59}},{"start":{"line":106,"column":62},"end":{"line":106,"column":65}}],"line":106},"27":{"loc":{"start":{"line":107,"column":11},"end":{"line":107,"column":67}},"type":"cond-expr","locations":[{"start":{"line":107,"column":26},"end":{"line":107,"column":45}},{"start":{"line":107,"column":48},"end":{"line":107,"column":67}}],"line":107},"28":{"loc":{"start":{"line":110,"column":18},"end":{"line":110,"column":67}},"type":"binary-expr","locations":[{"start":{"line":110,"column":18},"end":{"line":110,"column":31}},{"start":{"line":110,"column":35},"end":{"line":110,"column":67}}],"line":110},"29":{"loc":{"start":{"line":111,"column":15},"end":{"line":111,"column":48}},"type":"cond-expr","locations":[{"start":{"line":111,"column":30},"end":{"line":111,"column":38}},{"start":{"line":111,"column":41},"end":{"line":111,"column":48}}],"line":111},"30":{"loc":{"start":{"line":113,"column":12},"end":{"line":113,"column":49}},"type":"binary-expr","locations":[{"start":{"line":113,"column":12},"end":{"line":113,"column":24}},{"start":{"line":113,"column":29},"end":{"line":113,"column":48}}],"line":113},"31":{"loc":{"start":{"line":113,"column":29},"end":{"line":113,"column":48}},"type":"cond-expr","locations":[{"start":{"line":113,"column":41},"end":{"line":113,"column":43}},{"start":{"line":113,"column":46},"end":{"line":113,"column":48}}],"line":113},"32":{"loc":{"start":{"line":114,"column":19},"end":{"line":114,"column":52}},"type":"cond-expr","locations":[{"start":{"line":114,"column":47},"end":{"line":114,"column":48}},{"start":{"line":114,"column":51},"end":{"line":114,"column":52}}],"line":114},"33":{"loc":{"start":{"line":114,"column":19},"end":{"line":114,"column":44}},"type":"binary-expr","locations":[{"start":{"line":114,"column":19},"end":{"line":114,"column":31}},{"start":{"line":114,"column":35},"end":{"line":114,"column":44}}],"line":114},"34":{"loc":{"start":{"line":115,"column":16},"end":{"line":115,"column":49}},"type":"cond-expr","locations":[{"start":{"line":115,"column":44},"end":{"line":115,"column":45}},{"start":{"line":115,"column":48},"end":{"line":115,"column":49}}],"line":115},"35":{"loc":{"start":{"line":115,"column":16},"end":{"line":115,"column":41}},"type":"binary-expr","locations":[{"start":{"line":115,"column":16},"end":{"line":115,"column":28}},{"start":{"line":115,"column":32},"end":{"line":115,"column":41}}],"line":115},"36":{"loc":{"start":{"line":119,"column":18},"end":{"line":119,"column":67}},"type":"binary-expr","locations":[{"start":{"line":119,"column":18},"end":{"line":119,"column":31}},{"start":{"line":119,"column":35},"end":{"line":119,"column":67}}],"line":119},"37":{"loc":{"start":{"line":120,"column":12},"end":{"line":120,"column":49}},"type":"binary-expr","locations":[{"start":{"line":120,"column":12},"end":{"line":120,"column":24}},{"start":{"line":120,"column":29},"end":{"line":120,"column":48}}],"line":120},"38":{"loc":{"start":{"line":120,"column":29},"end":{"line":120,"column":48}},"type":"cond-expr","locations":[{"start":{"line":120,"column":41},"end":{"line":120,"column":43}},{"start":{"line":120,"column":46},"end":{"line":120,"column":48}}],"line":120},"39":{"loc":{"start":{"line":129,"column":13},"end":{"line":129,"column":51}},"type":"cond-expr","locations":[{"start":{"line":129,"column":28},"end":{"line":129,"column":33}},{"start":{"line":129,"column":36},"end":{"line":129,"column":51}}],"line":129},"40":{"loc":{"start":{"line":393,"column":20},"end":{"line":393,"column":68}},"type":"cond-expr","locations":[{"start":{"line":393,"column":35},"end":{"line":393,"column":48}},{"start":{"line":393,"column":51},"end":{"line":393,"column":68}}],"line":393}},"s":{"0":1,"1":28,"2":1,"3":28,"4":1,"5":28,"6":1,"7":28,"8":1,"9":28,"10":1,"11":28,"12":1,"13":28,"14":1,"15":28},"f":{"0":28,"1":28,"2":28,"3":28,"4":28,"5":28,"6":28,"7":28},"b":{"0":[28,0],"1":[28,0],"2":[28,0],"3":[28,0],"4":[28,28],"5":[28,28],"6":[28,0],"7":[0,0],"8":[28,0],"9":[0,0],"10":[28,0],"11":[0,0],"12":[28,0],"13":[28,0],"14":[28,0],"15":[0,28],"16":[28,0],"17":[28,0],"18":[28,0],"19":[28,0],"20":[28,0],"21":[28,0],"22":[28,0],"23":[28,28],"24":[28,28],"25":[28,28],"26":[0,28],"27":[0,28],"28":[28,28],"29":[0,28],"30":[28,0],"31":[0,0],"32":[0,28],"33":[28,0],"34":[0,28],"35":[28,0],"36":[28,28],"37":[28,0],"38":[0,0],"39":[0,28],"40":[0,28]},"_coverageSchema":"1a1c01bbd47fc00a2c39e90264f33305004495a9","hash":"ffb19cbb03b9d8195d27febc2caf2f3cc41408c6"}
,"/Users/fernandoleemons/Leemons/bubbles/packages/calendars/src/BigCalendar/index.js": {"path":"/Users/fernandoleemons/Leemons/bubbles/packages/calendars/src/BigCalendar/index.js","statementMap":{},"fnMap":{},"branchMap":{},"s":{},"f":{},"b":{}}
,"/Users/fernandoleemons/Leemons/bubbles/packages/calendars/src/BigCalendar/addons/LuxonLocalizer.js": {"path":"/Users/fernandoleemons/Leemons/bubbles/packages/calendars/src/BigCalendar/addons/LuxonLocalizer.js","statementMap":{"0":{"start":{"line":6,"column":2},"end":{"line":6,"column":45}},"1":{"start":{"line":9,"column":24},"end":{"line":16,"column":1}},"2":{"start":{"line":10,"column":20},"end":{"line":10,"column":49}},"3":{"start":{"line":11,"column":22},"end":{"line":11,"column":48}},"4":{"start":{"line":12,"column":30},"end":{"line":12,"column":49}},"5":{"start":{"line":13,"column":2},"end":{"line":15,"column":6}},"6":{"start":{"line":18,"column":24},"end":{"line":19,"column":77}},"7":{"start":{"line":19,"column":2},"end":{"line":19,"column":77}},"8":{"start":{"line":21,"column":24},"end":{"line":22,"column":77}},"9":{"start":{"line":22,"column":2},"end":{"line":22,"column":77}},"10":{"start":{"line":24,"column":29},"end":{"line":25,"column":43}},"11":{"start":{"line":25,"column":2},"end":{"line":25,"column":43}},"12":{"start":{"line":27,"column":27},"end":{"line":27,"column":95}},"13":{"start":{"line":27,"column":56},"end":{"line":27,"column":95}},"14":{"start":{"line":29,"column":23},"end":{"line":51,"column":1}},"15":{"start":{"line":54,"column":17},"end":{"line":54,"column":64}},"16":{"start":{"line":55,"column":2},"end":{"line":59,"column":3}},"17":{"start":{"line":56,"column":4},"end":{"line":56,"column":22}},"18":{"start":{"line":57,"column":9},"end":{"line":59,"column":3}},"19":{"start":{"line":58,"column":4},"end":{"line":58,"column":25}},"20":{"start":{"line":60,"column":2},"end":{"line":60,"column":18}},"21":{"start":{"line":68,"column":4},"end":{"line":68,"column":55}},"22":{"start":{"line":72,"column":4},"end":{"line":72,"column":74}},"23":{"start":{"line":77,"column":21},"end":{"line":77,"column":34}},"24":{"start":{"line":78,"column":16},"end":{"line":78,"column":92}},"25":{"start":{"line":79,"column":16},"end":{"line":79,"column":92}},"26":{"start":{"line":80,"column":4},"end":{"line":80,"column":32}},"27":{"start":{"line":88,"column":24},"end":{"line":88,"column":29}},"28":{"start":{"line":89,"column":4},"end":{"line":91,"column":5}},"29":{"start":{"line":90,"column":6},"end":{"line":90,"column":34}},"30":{"start":{"line":92,"column":4},"end":{"line":94,"column":5}},"31":{"start":{"line":93,"column":6},"end":{"line":93,"column":35}},"32":{"start":{"line":95,"column":21},"end":{"line":95,"column":84}},"33":{"start":{"line":96,"column":4},"end":{"line":96,"column":57}},"34":{"start":{"line":100,"column":24},"end":{"line":100,"column":29}},"35":{"start":{"line":101,"column":16},"end":{"line":101,"column":61}},"36":{"start":{"line":102,"column":4},"end":{"line":104,"column":5}},"37":{"start":{"line":103,"column":6},"end":{"line":103,"column":32}},"38":{"start":{"line":105,"column":4},"end":{"line":107,"column":5}},"39":{"start":{"line":106,"column":6},"end":{"line":106,"column":33}},"40":{"start":{"line":108,"column":21},"end":{"line":108,"column":93}},"41":{"start":{"line":109,"column":4},"end":{"line":109,"column":55}},"42":{"start":{"line":114,"column":21},"end":{"line":114,"column":34}},"43":{"start":{"line":115,"column":4},"end":{"line":118,"column":5}},"44":{"start":{"line":116,"column":17},"end":{"line":116,"column":42}},"45":{"start":{"line":117,"column":6},"end":{"line":117,"column":82}},"46":{"start":{"line":119,"column":4},"end":{"line":119,"column":37}},"47":{"start":{"line":123,"column":4},"end":{"line":123,"column":26}},"48":{"start":{"line":128,"column":4},"end":{"line":128,"column":44}},"49":{"start":{"line":133,"column":21},"end":{"line":133,"column":34}},"50":{"start":{"line":134,"column":4},"end":{"line":137,"column":5}},"51":{"start":{"line":135,"column":17},"end":{"line":135,"column":42}},"52":{"start":{"line":136,"column":6},"end":{"line":136,"column":78}},"53":{"start":{"line":138,"column":4},"end":{"line":138,"column":37}},"54":{"start":{"line":142,"column":4},"end":{"line":142,"column":42}},"55":{"start":{"line":146,"column":23},"end":{"line":146,"column":52}},"56":{"start":{"line":148,"column":4},"end":{"line":148,"column":24}},"57":{"start":{"line":152,"column":4},"end":{"line":152,"column":27}},"58":{"start":{"line":156,"column":23},"end":{"line":156,"column":52}},"59":{"start":{"line":157,"column":4},"end":{"line":157,"column":23}},"60":{"start":{"line":161,"column":23},"end":{"line":161,"column":52}},"61":{"start":{"line":162,"column":4},"end":{"line":162,"column":23}},"62":{"start":{"line":166,"column":23},"end":{"line":166,"column":52}},"63":{"start":{"line":167,"column":4},"end":{"line":167,"column":24}},"64":{"start":{"line":171,"column":23},"end":{"line":171,"column":52}},"65":{"start":{"line":172,"column":4},"end":{"line":172,"column":24}},"66":{"start":{"line":176,"column":21},"end":{"line":176,"column":34}},"67":{"start":{"line":177,"column":17},"end":{"line":177,"column":41}},"68":{"start":{"line":178,"column":17},"end":{"line":178,"column":46}},"69":{"start":{"line":179,"column":17},"end":{"line":179,"column":46}},"70":{"start":{"line":180,"column":4},"end":{"line":180,"column":44}},"71":{"start":{"line":184,"column":16},"end":{"line":184,"column":42}},"72":{"start":{"line":185,"column":16},"end":{"line":185,"column":42}},"73":{"start":{"line":186,"column":18},"end":{"line":186,"column":40}},"74":{"start":{"line":187,"column":4},"end":{"line":187,"column":28}},"75":{"start":{"line":191,"column":16},"end":{"line":191,"column":42}},"76":{"start":{"line":192,"column":16},"end":{"line":192,"column":42}},"77":{"start":{"line":193,"column":18},"end":{"line":193,"column":40}},"78":{"start":{"line":194,"column":4},"end":{"line":194,"column":28}},"79":{"start":{"line":198,"column":4},"end":{"line":198,"column":36}},"80":{"start":{"line":198,"column":24},"end":{"line":198,"column":36}},"81":{"start":{"line":200,"column":15},"end":{"line":200,"column":40}},"82":{"start":{"line":201,"column":15},"end":{"line":201,"column":37}},"83":{"start":{"line":202,"column":4},"end":{"line":209,"column":18}},"84":{"start":{"line":213,"column":21},"end":{"line":213,"column":34}},"85":{"start":{"line":214,"column":4},"end":{"line":216,"column":18}},"86":{"start":{"line":220,"column":21},"end":{"line":220,"column":34}},"87":{"start":{"line":221,"column":18},"end":{"line":221,"column":55}},"88":{"start":{"line":222,"column":17},"end":{"line":222,"column":19}},"89":{"start":{"line":224,"column":4},"end":{"line":227,"column":5}},"90":{"start":{"line":225,"column":6},"end":{"line":225,"column":25}},"91":{"start":{"line":226,"column":6},"end":{"line":226,"column":42}},"92":{"start":{"line":229,"column":4},"end":{"line":229,"column":16}},"93":{"start":{"line":233,"column":21},"end":{"line":233,"column":34}},"94":{"start":{"line":234,"column":18},"end":{"line":234,"column":41}},"95":{"start":{"line":236,"column":4},"end":{"line":236,"column":61}},"96":{"start":{"line":240,"column":21},"end":{"line":240,"column":34}},"97":{"start":{"line":242,"column":16},"end":{"line":242,"column":38}},"98":{"start":{"line":243,"column":16},"end":{"line":243,"column":38}},"99":{"start":{"line":244,"column":4},"end":{"line":246,"column":6}},"100":{"start":{"line":250,"column":25},"end":{"line":250,"column":49}},"101":{"start":{"line":251,"column":4},"end":{"line":251,"column":50}},"102":{"start":{"line":255,"column":23},"end":{"line":255,"column":45}},"103":{"start":{"line":256,"column":4},"end":{"line":256,"column":46}},"104":{"start":{"line":260,"column":18},"end":{"line":260,"column":39}},"105":{"start":{"line":261,"column":17},"end":{"line":261,"column":37}},"106":{"start":{"line":262,"column":17},"end":{"line":262,"column":19}},"107":{"start":{"line":264,"column":4},"end":{"line":267,"column":5}},"108":{"start":{"line":265,"column":6},"end":{"line":265,"column":25}},"109":{"start":{"line":266,"column":6},"end":{"line":266,"column":39}},"110":{"start":{"line":269,"column":4},"end":{"line":269,"column":16}},"111":{"start":{"line":283,"column":4},"end":{"line":285,"column":18}},"112":{"start":{"line":290,"column":4},"end":{"line":290,"column":39}},"113":{"start":{"line":294,"column":21},"end":{"line":294,"column":44}},"114":{"start":{"line":295,"column":16},"end":{"line":295,"column":42}},"115":{"start":{"line":296,"column":4},"end":{"line":298,"column":6}},"116":{"start":{"line":303,"column":4},"end":{"line":303,"column":28}},"117":{"start":{"line":307,"column":4},"end":{"line":307,"column":26}},"118":{"start":{"line":315,"column":22},"end":{"line":315,"column":71}},"119":{"start":{"line":317,"column":17},"end":{"line":317,"column":55}},"120":{"start":{"line":319,"column":17},"end":{"line":319,"column":55}},"121":{"start":{"line":321,"column":4},"end":{"line":327,"column":6}},"122":{"start":{"line":331,"column":19},"end":{"line":331,"column":40}},"123":{"start":{"line":333,"column":28},"end":{"line":333,"column":56}},"124":{"start":{"line":335,"column":20},"end":{"line":335,"column":47}},"125":{"start":{"line":336,"column":27},"end":{"line":338,"column":39}},"126":{"start":{"line":340,"column":4},"end":{"line":340,"column":45}},"127":{"start":{"line":347,"column":15},"end":{"line":347,"column":41}},"128":{"start":{"line":348,"column":16},"end":{"line":348,"column":42}},"129":{"start":{"line":349,"column":4},"end":{"line":349,"column":34}},"130":{"start":{"line":364,"column":15},"end":{"line":364,"column":25}},"131":{"start":{"line":365,"column":16},"end":{"line":365,"column":50}},"132":{"start":{"line":366,"column":21},"end":{"line":366,"column":43}},"133":{"start":{"line":367,"column":23},"end":{"line":367,"column":60}},"134":{"start":{"line":369,"column":21},"end":{"line":369,"column":44}},"135":{"start":{"line":370,"column":4},"end":{"line":370,"column":41}},"136":{"start":{"line":373,"column":2},"end":{"line":414,"column":5}},"137":{"start":{"line":375,"column":6},"end":{"line":377,"column":7}},"138":{"start":{"line":376,"column":8},"end":{"line":376,"column":61}},"139":{"start":{"line":378,"column":6},"end":{"line":378,"column":39}}},"fnMap":{"0":{"name":"pluralizeUnit","decl":{"start":{"line":5,"column":9},"end":{"line":5,"column":22}},"loc":{"start":{"line":5,"column":29},"end":{"line":7,"column":1}},"line":5},"1":{"name":"(anonymous_1)","decl":{"start":{"line":9,"column":24},"end":{"line":9,"column":25}},"loc":{"start":{"line":9,"column":60},"end":{"line":16,"column":1}},"line":9},"2":{"name":"(anonymous_2)","decl":{"start":{"line":18,"column":24},"end":{"line":18,"column":25}},"loc":{"start":{"line":19,"column":2},"end":{"line":19,"column":77}},"line":19},"3":{"name":"(anonymous_3)","decl":{"start":{"line":21,"column":24},"end":{"line":21,"column":25}},"loc":{"start":{"line":22,"column":2},"end":{"line":22,"column":77}},"line":22},"4":{"name":"(anonymous_4)","decl":{"start":{"line":24,"column":29},"end":{"line":24,"column":30}},"loc":{"start":{"line":25,"column":2},"end":{"line":25,"column":43}},"line":25},"5":{"name":"(anonymous_5)","decl":{"start":{"line":27,"column":27},"end":{"line":27,"column":28}},"loc":{"start":{"line":27,"column":56},"end":{"line":27,"column":95}},"line":27},"6":{"name":"fixUnit","decl":{"start":{"line":53,"column":9},"end":{"line":53,"column":16}},"loc":{"start":{"line":53,"column":23},"end":{"line":61,"column":1}},"line":53},"7":{"name":"LuxonLocalizer","decl":{"start":{"line":66,"column":24},"end":{"line":66,"column":38}},"loc":{"start":{"line":66,"column":78},"end":{"line":415,"column":1}},"line":66},"8":{"name":"formatDate","decl":{"start":{"line":67,"column":11},"end":{"line":67,"column":21}},"loc":{"start":{"line":67,"column":37},"end":{"line":69,"column":3}},"line":67},"9":{"name":"formatDateWithCulture","decl":{"start":{"line":71,"column":11},"end":{"line":71,"column":32}},"loc":{"start":{"line":71,"column":57},"end":{"line":73,"column":3}},"line":71},"10":{"name":"defineComparators","decl":{"start":{"line":76,"column":11},"end":{"line":76,"column":28}},"loc":{"start":{"line":76,"column":41},"end":{"line":81,"column":3}},"line":76},"11":{"name":"startOfDTWeek","decl":{"start":{"line":87,"column":11},"end":{"line":87,"column":24}},"loc":{"start":{"line":87,"column":32},"end":{"line":97,"column":3}},"line":87},"12":{"name":"endOfDTWeek","decl":{"start":{"line":99,"column":11},"end":{"line":99,"column":22}},"loc":{"start":{"line":99,"column":30},"end":{"line":110,"column":3}},"line":99},"13":{"name":"startOfDT","decl":{"start":{"line":113,"column":11},"end":{"line":113,"column":20}},"loc":{"start":{"line":113,"column":46},"end":{"line":120,"column":3}},"line":113},"14":{"name":"firstOfWeek","decl":{"start":{"line":122,"column":11},"end":{"line":122,"column":22}},"loc":{"start":{"line":122,"column":25},"end":{"line":124,"column":3}},"line":122},"15":{"name":"startOf","decl":{"start":{"line":127,"column":11},"end":{"line":127,"column":18}},"loc":{"start":{"line":127,"column":44},"end":{"line":129,"column":3}},"line":127},"16":{"name":"endOfDT","decl":{"start":{"line":132,"column":11},"end":{"line":132,"column":18}},"loc":{"start":{"line":132,"column":44},"end":{"line":139,"column":3}},"line":132},"17":{"name":"endOf","decl":{"start":{"line":141,"column":11},"end":{"line":141,"column":16}},"loc":{"start":{"line":141,"column":42},"end":{"line":143,"column":3}},"line":141},"18":{"name":"eq","decl":{"start":{"line":145,"column":11},"end":{"line":145,"column":13}},"loc":{"start":{"line":145,"column":26},"end":{"line":149,"column":3}},"line":145},"19":{"name":"neq","decl":{"start":{"line":151,"column":11},"end":{"line":151,"column":14}},"loc":{"start":{"line":151,"column":27},"end":{"line":153,"column":3}},"line":151},"20":{"name":"gt","decl":{"start":{"line":155,"column":11},"end":{"line":155,"column":13}},"loc":{"start":{"line":155,"column":26},"end":{"line":158,"column":3}},"line":155},"21":{"name":"lt","decl":{"start":{"line":160,"column":11},"end":{"line":160,"column":13}},"loc":{"start":{"line":160,"column":26},"end":{"line":163,"column":3}},"line":160},"22":{"name":"gte","decl":{"start":{"line":165,"column":11},"end":{"line":165,"column":14}},"loc":{"start":{"line":165,"column":27},"end":{"line":168,"column":3}},"line":165},"23":{"name":"lte","decl":{"start":{"line":170,"column":11},"end":{"line":170,"column":14}},"loc":{"start":{"line":170,"column":27},"end":{"line":173,"column":3}},"line":170},"24":{"name":"inRange","decl":{"start":{"line":175,"column":11},"end":{"line":175,"column":18}},"loc":{"start":{"line":175,"column":58},"end":{"line":181,"column":3}},"line":175},"25":{"name":"min","decl":{"start":{"line":183,"column":11},"end":{"line":183,"column":14}},"loc":{"start":{"line":183,"column":29},"end":{"line":188,"column":3}},"line":183},"26":{"name":"max","decl":{"start":{"line":190,"column":11},"end":{"line":190,"column":14}},"loc":{"start":{"line":190,"column":29},"end":{"line":195,"column":3}},"line":190},"27":{"name":"merge","decl":{"start":{"line":197,"column":11},"end":{"line":197,"column":16}},"loc":{"start":{"line":197,"column":29},"end":{"line":210,"column":3}},"line":197},"28":{"name":"add","decl":{"start":{"line":212,"column":11},"end":{"line":212,"column":14}},"loc":{"start":{"line":212,"column":34},"end":{"line":217,"column":3}},"line":212},"29":{"name":"range","decl":{"start":{"line":219,"column":11},"end":{"line":219,"column":16}},"loc":{"start":{"line":219,"column":43},"end":{"line":230,"column":3}},"line":219},"30":{"name":"ceil","decl":{"start":{"line":232,"column":11},"end":{"line":232,"column":15}},"loc":{"start":{"line":232,"column":28},"end":{"line":237,"column":3}},"line":232},"31":{"name":"diff","decl":{"start":{"line":239,"column":11},"end":{"line":239,"column":15}},"loc":{"start":{"line":239,"column":36},"end":{"line":247,"column":3}},"line":239},"32":{"name":"firstVisibleDay","decl":{"start":{"line":249,"column":11},"end":{"line":249,"column":26}},"loc":{"start":{"line":249,"column":33},"end":{"line":252,"column":3}},"line":249},"33":{"name":"lastVisibleDay","decl":{"start":{"line":254,"column":11},"end":{"line":254,"column":25}},"loc":{"start":{"line":254,"column":32},"end":{"line":257,"column":3}},"line":254},"34":{"name":"visibleDays","decl":{"start":{"line":259,"column":11},"end":{"line":259,"column":22}},"loc":{"start":{"line":259,"column":29},"end":{"line":270,"column":3}},"line":259},"35":{"name":"getSlotDate","decl":{"start":{"line":282,"column":11},"end":{"line":282,"column":22}},"loc":{"start":{"line":282,"column":56},"end":{"line":286,"column":3}},"line":282},"36":{"name":"getTotalMin","decl":{"start":{"line":289,"column":11},"end":{"line":289,"column":22}},"loc":{"start":{"line":289,"column":35},"end":{"line":291,"column":3}},"line":289},"37":{"name":"getMinutesFromMidnight","decl":{"start":{"line":293,"column":11},"end":{"line":293,"column":33}},"loc":{"start":{"line":293,"column":41},"end":{"line":299,"column":3}},"line":293},"38":{"name":"continuesPrior","decl":{"start":{"line":302,"column":11},"end":{"line":302,"column":25}},"loc":{"start":{"line":302,"column":40},"end":{"line":304,"column":3}},"line":302},"39":{"name":"continuesAfter","decl":{"start":{"line":306,"column":11},"end":{"line":306,"column":25}},"loc":{"start":{"line":306,"column":44},"end":{"line":308,"column":3}},"line":306},"40":{"name":"sortEvents","decl":{"start":{"line":311,"column":11},"end":{"line":311,"column":21}},"loc":{"start":{"line":314,"column":5},"end":{"line":328,"column":3}},"line":314},"41":{"name":"inEventRange","decl":{"start":{"line":330,"column":11},"end":{"line":330,"column":23}},"loc":{"start":{"line":330,"column":96},"end":{"line":341,"column":3}},"line":330},"42":{"name":"isSameDate","decl":{"start":{"line":346,"column":11},"end":{"line":346,"column":21}},"loc":{"start":{"line":346,"column":36},"end":{"line":350,"column":3}},"line":346},"43":{"name":"browserTZOffset","decl":{"start":{"line":358,"column":11},"end":{"line":358,"column":26}},"loc":{"start":{"line":358,"column":29},"end":{"line":371,"column":3}},"line":358},"44":{"name":"(anonymous_44)","decl":{"start":{"line":374,"column":4},"end":{"line":374,"column":5}},"loc":{"start":{"line":374,"column":35},"end":{"line":379,"column":5}},"line":374}},"branchMap":{"0":{"loc":{"start":{"line":6,"column":9},"end":{"line":6,"column":44}},"type":"cond-expr","locations":[{"start":{"line":6,"column":27},"end":{"line":6,"column":31}},{"start":{"line":6,"column":34},"end":{"line":6,"column":44}}],"line":6},"1":{"loc":{"start":{"line":11,"column":22},"end":{"line":11,"column":48}},"type":"cond-expr","locations":[{"start":{"line":11,"column":34},"end":{"line":11,"column":40}},{"start":{"line":11,"column":43},"end":{"line":11,"column":48}}],"line":11},"2":{"loc":{"start":{"line":14,"column":22},"end":{"line":14,"column":60}},"type":"cond-expr","locations":[{"start":{"line":14,"column":34},"end":{"line":14,"column":38}},{"start":{"line":14,"column":41},"end":{"line":14,"column":60}}],"line":14},"3":{"loc":{"start":{"line":54,"column":17},"end":{"line":54,"column":64}},"type":"cond-expr","locations":[{"start":{"line":54,"column":24},"end":{"line":54,"column":57}},{"start":{"line":54,"column":60},"end":{"line":54,"column":64}}],"line":54},"4":{"loc":{"start":{"line":55,"column":2},"end":{"line":59,"column":3}},"type":"if","locations":[{"start":{"line":55,"column":2},"end":{"line":59,"column":3}},{"start":{"line":57,"column":9},"end":{"line":59,"column":3}}],"line":55},"5":{"loc":{"start":{"line":57,"column":9},"end":{"line":59,"column":3}},"type":"if","locations":[{"start":{"line":57,"column":9},"end":{"line":59,"column":3}},{"start":{},"end":{}}],"line":57},"6":{"loc":{"start":{"line":66,"column":49},"end":{"line":66,"column":76}},"type":"default-arg","locations":[{"start":{"line":66,"column":74},"end":{"line":66,"column":76}}],"line":66},"7":{"loc":{"start":{"line":66,"column":51},"end":{"line":66,"column":69}},"type":"default-arg","locations":[{"start":{"line":66,"column":68},"end":{"line":66,"column":69}}],"line":66},"8":{"loc":{"start":{"line":78,"column":16},"end":{"line":78,"column":92}},"type":"cond-expr","locations":[{"start":{"line":78,"column":27},"end":{"line":78,"column":67}},{"start":{"line":78,"column":70},"end":{"line":78,"column":92}}],"line":78},"9":{"loc":{"start":{"line":79,"column":16},"end":{"line":79,"column":92}},"type":"cond-expr","locations":[{"start":{"line":79,"column":27},"end":{"line":79,"column":67}},{"start":{"line":79,"column":70},"end":{"line":79,"column":92}}],"line":79},"10":{"loc":{"start":{"line":89,"column":4},"end":{"line":91,"column":5}},"type":"if","locations":[{"start":{"line":89,"column":4},"end":{"line":91,"column":5}},{"start":{},"end":{}}],"line":89},"11":{"loc":{"start":{"line":92,"column":4},"end":{"line":94,"column":5}},"type":"if","locations":[{"start":{"line":92,"column":4},"end":{"line":94,"column":5}},{"start":{},"end":{}}],"line":92},"12":{"loc":{"start":{"line":95,"column":21},"end":{"line":95,"column":84}},"type":"cond-expr","locations":[{"start":{"line":95,"column":44},"end":{"line":95,"column":51}},{"start":{"line":95,"column":54},"end":{"line":95,"column":84}}],"line":95},"13":{"loc":{"start":{"line":101,"column":16},"end":{"line":101,"column":61}},"type":"cond-expr","locations":[{"start":{"line":101,"column":39},"end":{"line":101,"column":40}},{"start":{"line":101,"column":43},"end":{"line":101,"column":61}}],"line":101},"14":{"loc":{"start":{"line":102,"column":4},"end":{"line":104,"column":5}},"type":"if","locations":[{"start":{"line":102,"column":4},"end":{"line":104,"column":5}},{"start":{},"end":{}}],"line":102},"15":{"loc":{"start":{"line":105,"column":4},"end":{"line":107,"column":5}},"type":"if","locations":[{"start":{"line":105,"column":4},"end":{"line":107,"column":5}},{"start":{},"end":{}}],"line":105},"16":{"loc":{"start":{"line":108,"column":21},"end":{"line":108,"column":93}},"type":"cond-expr","locations":[{"start":{"line":108,"column":44},"end":{"line":108,"column":85}},{"start":{"line":108,"column":88},"end":{"line":108,"column":93}}],"line":108},"17":{"loc":{"start":{"line":113,"column":21},"end":{"line":113,"column":38}},"type":"default-arg","locations":[{"start":{"line":113,"column":28},"end":{"line":113,"column":38}}],"line":113},"18":{"loc":{"start":{"line":115,"column":4},"end":{"line":118,"column":5}},"type":"if","locations":[{"start":{"line":115,"column":4},"end":{"line":118,"column":5}},{"start":{},"end":{}}],"line":115},"19":{"loc":{"start":{"line":117,"column":13},"end":{"line":117,"column":81}},"type":"cond-expr","locations":[{"start":{"line":117,"column":41},"end":{"line":117,"column":58}},{"start":{"line":117,"column":61},"end":{"line":117,"column":81}}],"line":117},"20":{"loc":{"start":{"line":127,"column":19},"end":{"line":127,"column":36}},"type":"default-arg","locations":[{"start":{"line":127,"column":26},"end":{"line":127,"column":36}}],"line":127},"21":{"loc":{"start":{"line":132,"column":19},"end":{"line":132,"column":36}},"type":"default-arg","locations":[{"start":{"line":132,"column":26},"end":{"line":132,"column":36}}],"line":132},"22":{"loc":{"start":{"line":134,"column":4},"end":{"line":137,"column":5}},"type":"if","locations":[{"start":{"line":134,"column":4},"end":{"line":137,"column":5}},{"start":{},"end":{}}],"line":134},"23":{"loc":{"start":{"line":136,"column":13},"end":{"line":136,"column":77}},"type":"cond-expr","locations":[{"start":{"line":136,"column":41},"end":{"line":136,"column":56}},{"start":{"line":136,"column":59},"end":{"line":136,"column":77}}],"line":136},"24":{"loc":{"start":{"line":141,"column":17},"end":{"line":141,"column":34}},"type":"default-arg","locations":[{"start":{"line":141,"column":24},"end":{"line":141,"column":34}}],"line":141},"25":{"loc":{"start":{"line":175,"column":44},"end":{"line":175,"column":56}},"type":"default-arg","locations":[{"start":{"line":175,"column":51},"end":{"line":175,"column":56}}],"line":175},"26":{"loc":{"start":{"line":180,"column":11},"end":{"line":180,"column":43}},"type":"binary-expr","locations":[{"start":{"line":180,"column":11},"end":{"line":180,"column":25}},{"start":{"line":180,"column":29},"end":{"line":180,"column":43}}],"line":180},"27":{"loc":{"start":{"line":198,"column":4},"end":{"line":198,"column":36}},"type":"if","locations":[{"start":{"line":198,"column":4},"end":{"line":198,"column":36}},{"start":{},"end":{}}],"line":198},"28":{"loc":{"start":{"line":198,"column":8},"end":{"line":198,"column":22}},"type":"binary-expr","locations":[{"start":{"line":198,"column":8},"end":{"line":198,"column":13}},{"start":{"line":198,"column":17},"end":{"line":198,"column":22}}],"line":198},"29":{"loc":{"start":{"line":219,"column":29},"end":{"line":219,"column":41}},"type":"default-arg","locations":[{"start":{"line":219,"column":36},"end":{"line":219,"column":41}}],"line":219},"30":{"loc":{"start":{"line":236,"column":11},"end":{"line":236,"column":60}},"type":"cond-expr","locations":[{"start":{"line":236,"column":29},"end":{"line":236,"column":34}},{"start":{"line":236,"column":37},"end":{"line":236,"column":60}}],"line":236},"31":{"loc":{"start":{"line":239,"column":22},"end":{"line":239,"column":34}},"type":"default-arg","locations":[{"start":{"line":239,"column":29},"end":{"line":239,"column":34}}],"line":239},"32":{"loc":{"start":{"line":322,"column":6},"end":{"line":326,"column":19}},"type":"binary-expr","locations":[{"start":{"line":322,"column":6},"end":{"line":322,"column":15}},{"start":{"line":323,"column":6},"end":{"line":323,"column":43}},{"start":{"line":324,"column":6},"end":{"line":324,"column":27}},{"start":{"line":325,"column":6},"end":{"line":325,"column":23}},{"start":{"line":326,"column":6},"end":{"line":326,"column":19}}],"line":322},"33":{"loc":{"start":{"line":336,"column":27},"end":{"line":338,"column":39}},"type":"cond-expr","locations":[{"start":{"line":337,"column":8},"end":{"line":337,"column":38}},{"start":{"line":338,"column":8},"end":{"line":338,"column":39}}],"line":336},"34":{"loc":{"start":{"line":340,"column":11},"end":{"line":340,"column":44}},"type":"binary-expr","locations":[{"start":{"line":340,"column":11},"end":{"line":340,"column":26}},{"start":{"line":340,"column":30},"end":{"line":340,"column":44}}],"line":340},"35":{"loc":{"start":{"line":365,"column":16},"end":{"line":365,"column":50}},"type":"cond-expr","locations":[{"start":{"line":365,"column":42},"end":{"line":365,"column":45}},{"start":{"line":365,"column":48},"end":{"line":365,"column":50}}],"line":365},"36":{"loc":{"start":{"line":370,"column":11},"end":{"line":370,"column":40}},"type":"cond-expr","locations":[{"start":{"line":370,"column":35},"end":{"line":370,"column":36}},{"start":{"line":370,"column":39},"end":{"line":370,"column":40}}],"line":370},"37":{"loc":{"start":{"line":375,"column":6},"end":{"line":377,"column":7}},"type":"if","locations":[{"start":{"line":375,"column":6},"end":{"line":377,"column":7}},{"start":{},"end":{}}],"line":375}},"s":{"0":6102,"1":1,"2":2,"3":2,"4":2,"5":2,"6":1,"7":2,"8":1,"9":0,"10":1,"11":0,"12":1,"13":0,"14":1,"15":7892,"16":7892,"17":0,"18":7892,"19":1790,"20":7892,"21":0,"22":1305,"23":3750,"24":3750,"25":3750,"26":3750,"27":45,"28":45,"29":0,"30":45,"31":45,"32":0,"33":0,"34":45,"35":45,"36":45,"37":0,"38":45,"39":45,"40":0,"41":0,"42":1937,"43":1937,"44":1937,"45":1937,"46":0,"47":5,"48":318,"49":78,"50":78,"51":78,"52":78,"53":0,"54":39,"55":1682,"56":1682,"57":1622,"58":168,"59":168,"60":39,"61":39,"62":31,"63":31,"64":1830,"65":1830,"66":180,"67":180,"68":180,"69":180,"70":180,"71":31,"72":31,"73":31,"74":31,"75":31,"76":31,"77":31,"78":31,"79":40,"80":0,"81":40,"82":40,"83":40,"84":1763,"85":1763,"86":33,"87":33,"88":33,"89":33,"90":277,"91":277,"92":33,"93":50,"94":50,"95":50,"96":101,"97":101,"98":101,"99":101,"100":39,"101":39,"102":39,"103":39,"104":37,"105":37,"106":37,"107":37,"108":1323,"109":1323,"110":37,"111":980,"112":20,"113":20,"114":20,"115":20,"116":31,"117":31,"118":0,"119":0,"120":0,"121":0,"122":160,"123":160,"124":160,"125":160,"126":160,"127":2581,"128":2581,"129":2581,"130":10,"131":10,"132":10,"133":10,"134":10,"135":10,"136":10,"137":1305,"138":1305,"139":0},"f":{"0":6102,"1":2,"2":2,"3":0,"4":0,"5":0,"6":7892,"7":10,"8":0,"9":1305,"10":3750,"11":45,"12":45,"13":1937,"14":5,"15":318,"16":78,"17":39,"18":1682,"19":1622,"20":168,"21":39,"22":31,"23":1830,"24":180,"25":31,"26":31,"27":40,"28":1763,"29":33,"30":50,"31":101,"32":39,"33":39,"34":37,"35":980,"36":20,"37":20,"38":31,"39":31,"40":0,"41":160,"42":2581,"43":10,"44":1305},"b":{"0":[1449,4653],"1":[2,0],"2":[2,0],"3":[6102,1790],"4":[0,7892],"5":[1790,6102],"6":[0],"7":[0],"8":[1960,1790],"9":[1960,1790],"10":[0,45],"11":[45,0],"12":[0,0],"13":[45,0],"14":[0,45],"15":[45,0],"16":[0,0],"17":[0],"18":[1937,0],"19":[6,1931],"20":[40],"21":[0],"22":[78,0],"23":[6,72],"24":[0],"25":[84],"26":[180,124],"27":[0,40],"28":[40,0],"29":[5],"30":[0,50],"31":[0],"32":[0,0,0,0,0],"33":[160,0],"34":[160,108],"35":[0,10],"36":[0,10],"37":[1305,0]},"_coverageSchema":"1a1c01bbd47fc00a2c39e90264f33305004495a9","hash":"6388e20658a89cba7b32dec068ebe7b82602f209"}
,"/Users/fernandoleemons/Leemons/bubbles/packages/calendars/src/BigCalendar/components/EventWrapper.constants.js": {"path":"/Users/fernandoleemons/Leemons/bubbles/packages/calendars/src/BigCalendar/components/EventWrapper.constants.js","statementMap":{"0":{"start":{"line":4,"column":2},"end":{"line":4,"column":118}},"1":{"start":{"line":6,"column":32},"end":{"line":6,"column":76}},"2":{"start":{"line":6,"column":40},"end":{"line":6,"column":75}},"3":{"start":{"line":8,"column":38},"end":{"line":23,"column":1}}},"fnMap":{"0":{"name":"(anonymous_0)","decl":{"start":{"line":6,"column":32},"end":{"line":6,"column":33}},"loc":{"start":{"line":6,"column":40},"end":{"line":6,"column":75}},"line":6}},"branchMap":{"0":{"loc":{"start":{"line":6,"column":40},"end":{"line":6,"column":75}},"type":"cond-expr","locations":[{"start":{"line":6,"column":64},"end":{"line":6,"column":65}},{"start":{"line":6,"column":68},"end":{"line":6,"column":75}}],"line":6}},"s":{"0":1,"1":1,"2":0,"3":1},"f":{"0":0},"b":{"0":[0,0]},"_coverageSchema":"1a1c01bbd47fc00a2c39e90264f33305004495a9","hash":"3a792c1d5a92a6eb016254e3d95208c5aa580de5"}
,"/Users/fernandoleemons/Leemons/bubbles/packages/calendars/src/BigCalendar/components/EventWrapper.js": {"path":"/Users/fernandoleemons/Leemons/bubbles/packages/calendars/src/BigCalendar/components/EventWrapper.js","statementMap":{"0":{"start":{"line":8,"column":21},"end":{"line":136,"column":1}},"1":{"start":{"line":28,"column":2},"end":{"line":30,"column":3}},"2":{"start":{"line":29,"column":4},"end":{"line":29,"column":20}},"3":{"start":{"line":32,"column":22},"end":{"line":32,"column":44}},"4":{"start":{"line":34,"column":16},"end":{"line":34,"column":38}},"5":{"start":{"line":35,"column":18},"end":{"line":35,"column":42}},"6":{"start":{"line":36,"column":14},"end":{"line":36,"column":34}},"7":{"start":{"line":37,"column":16},"end":{"line":37,"column":38}},"8":{"start":{"line":39,"column":20},"end":{"line":39,"column":66}},"9":{"start":{"line":41,"column":42},"end":{"line":41,"column":47}},"10":{"start":{"line":43,"column":28},"end":{"line":43,"column":33}},"11":{"start":{"line":44,"column":18},"end":{"line":44,"column":73}},"12":{"start":{"line":46,"column":21},"end":{"line":66,"column":7}},"13":{"start":{"line":68,"column":20},"end":{"line":68,"column":69}},"14":{"start":{"line":69,"column":21},"end":{"line":69,"column":40}},"15":{"start":{"line":70,"column":17},"end":{"line":91,"column":3}},"16":{"start":{"line":93,"column":2},"end":{"line":97,"column":3}},"17":{"start":{"line":94,"column":4},"end":{"line":94,"column":54}},"18":{"start":{"line":95,"column":9},"end":{"line":97,"column":3}},"19":{"start":{"line":96,"column":4},"end":{"line":96,"column":30}},"20":{"start":{"line":99,"column":2},"end":{"line":135,"column":4}},"21":{"start":{"line":138,"column":0},"end":{"line":138,"column":48}}},"fnMap":{"0":{"name":"(anonymous_0)","decl":{"start":{"line":8,"column":21},"end":{"line":8,"column":22}},"loc":{"start":{"line":27,"column":6},"end":{"line":136,"column":1}},"line":27}},"branchMap":{"0":{"loc":{"start":{"line":28,"column":2},"end":{"line":30,"column":3}},"type":"if","locations":[{"start":{"line":28,"column":2},"end":{"line":30,"column":3}},{"start":{},"end":{}}],"line":28},"1":{"loc":{"start":{"line":44,"column":18},"end":{"line":44,"column":73}},"type":"binary-expr","locations":[{"start":{"line":44,"column":18},"end":{"line":44,"column":39}},{"start":{"line":44,"column":43},"end":{"line":44,"column":73}}],"line":44},"2":{"loc":{"start":{"line":46,"column":21},"end":{"line":66,"column":7}},"type":"cond-expr","locations":[{"start":{"line":47,"column":6},"end":{"line":55,"column":7}},{"start":{"line":56,"column":6},"end":{"line":66,"column":7}}],"line":46},"3":{"loc":{"start":{"line":54,"column":9},"end":{"line":54,"column":31}},"type":"cond-expr","locations":[{"start":{"line":54,"column":15},"end":{"line":54,"column":22}},{"start":{"line":54,"column":25},"end":{"line":54,"column":31}}],"line":54},"4":{"loc":{"start":{"line":61,"column":25},"end":{"line":63,"column":16}},"type":"cond-expr","locations":[{"start":{"line":62,"column":12},"end":{"line":62,"column":68}},{"start":{"line":63,"column":12},"end":{"line":63,"column":16}}],"line":61},"5":{"loc":{"start":{"line":65,"column":9},"end":{"line":65,"column":31}},"type":"cond-expr","locations":[{"start":{"line":65,"column":15},"end":{"line":65,"column":22}},{"start":{"line":65,"column":25},"end":{"line":65,"column":31}}],"line":65},"6":{"loc":{"start":{"line":68,"column":20},"end":{"line":68,"column":69}},"type":"binary-expr","locations":[{"start":{"line":68,"column":20},"end":{"line":68,"column":38}},{"start":{"line":68,"column":42},"end":{"line":68,"column":69}}],"line":68},"7":{"loc":{"start":{"line":71,"column":11},"end":{"line":71,"column":29}},"type":"binary-expr","locations":[{"start":{"line":71,"column":11},"end":{"line":71,"column":21}},{"start":{"line":71,"column":25},"end":{"line":71,"column":29}}],"line":71},"8":{"loc":{"start":{"line":72,"column":10},"end":{"line":89,"column":12}},"type":"cond-expr","locations":[{"start":{"line":73,"column":6},"end":{"line":88,"column":12}},{"start":{"line":89,"column":8},"end":{"line":89,"column":12}}],"line":72},"9":{"loc":{"start":{"line":93,"column":2},"end":{"line":97,"column":3}},"type":"if","locations":[{"start":{"line":93,"column":2},"end":{"line":97,"column":3}},{"start":{"line":95,"column":9},"end":{"line":97,"column":3}}],"line":93},"10":{"loc":{"start":{"line":95,"column":9},"end":{"line":97,"column":3}},"type":"if","locations":[{"start":{"line":95,"column":9},"end":{"line":97,"column":3}},{"start":{},"end":{}}],"line":95},"11":{"loc":{"start":{"line":95,"column":13},"end":{"line":95,"column":42}},"type":"binary-expr","locations":[{"start":{"line":95,"column":13},"end":{"line":95,"column":26}},{"start":{"line":95,"column":30},"end":{"line":95,"column":42}}],"line":95},"12":{"loc":{"start":{"line":105,"column":13},"end":{"line":105,"column":92}},"type":"cond-expr","locations":[{"start":{"line":105,"column":23},"end":{"line":105,"column":80}},{"start":{"line":105,"column":83},"end":{"line":105,"column":92}}],"line":105},"13":{"loc":{"start":{"line":105,"column":24},"end":{"line":105,"column":69}},"type":"cond-expr","locations":[{"start":{"line":105,"column":52},"end":{"line":105,"column":64}},{"start":{"line":105,"column":67},"end":{"line":105,"column":69}}],"line":105},"14":{"loc":{"start":{"line":107,"column":8},"end":{"line":107,"column":64}},"type":"cond-expr","locations":[{"start":{"line":107,"column":28},"end":{"line":107,"column":50}},{"start":{"line":107,"column":53},"end":{"line":107,"column":64}}],"line":107},"15":{"loc":{"start":{"line":117,"column":7},"end":{"line":133,"column":7}},"type":"cond-expr","locations":[{"start":{"line":118,"column":8},"end":{"line":118,"column":23}},{"start":{"line":120,"column":8},"end":{"line":132,"column":16}}],"line":117}},"s":{"0":1,"1":31,"2":31,"3":0,"4":0,"5":0,"6":0,"7":0,"8":0,"9":0,"10":0,"11":0,"12":0,"13":0,"14":0,"15":0,"16":0,"17":0,"18":0,"19":0,"20":0,"21":1},"f":{"0":31},"b":{"0":[31,0],"1":[0,0],"2":[0,0],"3":[0,0],"4":[0,0],"5":[0,0],"6":[0,0],"7":[0,0],"8":[0,0],"9":[0,0],"10":[0,0],"11":[0,0],"12":[0,0],"13":[0,0],"14":[0,0],"15":[0,0]},"_coverageSchema":"1a1c01bbd47fc00a2c39e90264f33305004495a9","hash":"a70ec73833fd1020daa0f642e8588164b8c1e86f"}
,"/Users/fernandoleemons/Leemons/bubbles/packages/calendars/src/BigCalendar/components/EventWrapper.styles.js": {"path":"/Users/fernandoleemons/Leemons/bubbles/packages/calendars/src/BigCalendar/components/EventWrapper.styles.js","statementMap":{"0":{"start":{"line":4,"column":34},"end":{"line":28,"column":3}},"1":{"start":{"line":4,"column":72},"end":{"line":28,"column":1}}},"fnMap":{"0":{"name":"(anonymous_0)","decl":{"start":{"line":4,"column":47},"end":{"line":4,"column":48}},"loc":{"start":{"line":4,"column":72},"end":{"line":28,"column":1}},"line":4}},"branchMap":{},"s":{"0":1,"1":0},"f":{"0":0},"b":{},"_coverageSchema":"1a1c01bbd47fc00a2c39e90264f33305004495a9","hash":"728b83002b72a5cfd75160c18482cdcdc65bb71c"}
,"/Users/fernandoleemons/Leemons/bubbles/packages/calendars/src/BigCalendar/components/AgentView/AgentView.constants.js": {"path":"/Users/fernandoleemons/Leemons/bubbles/packages/calendars/src/BigCalendar/components/AgentView/AgentView.constants.js","statementMap":{"0":{"start":{"line":3,"column":33},"end":{"line":14,"column":1}},"1":{"start":{"line":16,"column":36},"end":{"line":18,"column":1}},"2":{"start":{"line":21,"column":2},"end":{"line":21,"column":118}}},"fnMap":{},"branchMap":{},"s":{"0":0,"1":0,"2":0},"f":{},"b":{}}
,"/Users/fernandoleemons/Leemons/bubbles/packages/calendars/src/BigCalendar/components/AgentView/AgentView.js": {"path":"/Users/fernandoleemons/Leemons/bubbles/packages/calendars/src/BigCalendar/components/AgentView/AgentView.js","statementMap":{"0":{"start":{"line":17,"column":2},"end":{"line":17,"column":118}},"1":{"start":{"line":19,"column":20},"end":{"line":24,"column":1}},"2":{"start":{"line":20,"column":17},"end":{"line":20,"column":28}},"3":{"start":{"line":21,"column":15},"end":{"line":21,"column":24}},"4":{"start":{"line":22,"column":21},"end":{"line":22,"column":49}},"5":{"start":{"line":23,"column":2},"end":{"line":23,"column":20}},"6":{"start":{"line":39,"column":20},"end":{"line":39,"column":32}},"7":{"start":{"line":40,"column":21},"end":{"line":40,"column":33}},"8":{"start":{"line":41,"column":21},"end":{"line":41,"column":33}},"9":{"start":{"line":42,"column":21},"end":{"line":42,"column":33}},"10":{"start":{"line":43,"column":19},"end":{"line":43,"column":31}},"11":{"start":{"line":45,"column":2},"end":{"line":52,"column":9}},"12":{"start":{"line":46,"column":17},"end":{"line":46,"column":55}},"13":{"start":{"line":47,"column":4},"end":{"line":47,"column":47}},"14":{"start":{"line":48,"column":4},"end":{"line":51,"column":7}},"15":{"start":{"line":54,"column":2},"end":{"line":56,"column":5}},"16":{"start":{"line":55,"column":4},"end":{"line":55,"column":20}},"17":{"start":{"line":58,"column":20},"end":{"line":182,"column":3}},"18":{"start":{"line":59,"column":47},"end":{"line":59,"column":57}},"19":{"start":{"line":67,"column":4},"end":{"line":67,"column":68}},"20":{"start":{"line":67,"column":34},"end":{"line":67,"column":66}},"21":{"start":{"line":69,"column":4},"end":{"line":181,"column":11}},"22":{"start":{"line":70,"column":18},"end":{"line":70,"column":40}},"23":{"start":{"line":71,"column":16},"end":{"line":71,"column":36}},"24":{"start":{"line":72,"column":18},"end":{"line":72,"column":40}},"25":{"start":{"line":74,"column":24},"end":{"line":74,"column":89}},"26":{"start":{"line":76,"column":22},"end":{"line":76,"column":76}},"27":{"start":{"line":77,"column":20},"end":{"line":77,"column":22}},"28":{"start":{"line":78,"column":6},"end":{"line":82,"column":7}},"29":{"start":{"line":79,"column":8},"end":{"line":79,"column":48}},"30":{"start":{"line":80,"column":8},"end":{"line":80,"column":55}},"31":{"start":{"line":81,"column":8},"end":{"line":81,"column":51}},"32":{"start":{"line":84,"column":8},"end":{"line":102,"column":9}},"33":{"start":{"line":104,"column":24},"end":{"line":104,"column":85}},"34":{"start":{"line":105,"column":25},"end":{"line":105,"column":50}},"35":{"start":{"line":107,"column":24},"end":{"line":110,"column":7}},"36":{"start":{"line":112,"column":17},"end":{"line":112,"column":55}},"37":{"start":{"line":113,"column":17},"end":{"line":113,"column":55}},"38":{"start":{"line":114,"column":6},"end":{"line":114,"column":31}},"39":{"start":{"line":116,"column":21},"end":{"line":138,"column":7}},"40":{"start":{"line":140,"column":6},"end":{"line":144,"column":7}},"41":{"start":{"line":141,"column":8},"end":{"line":141,"column":64}},"42":{"start":{"line":142,"column":13},"end":{"line":144,"column":7}},"43":{"start":{"line":143,"column":8},"end":{"line":143,"column":34}},"44":{"start":{"line":146,"column":6},"end":{"line":180,"column":8}},"45":{"start":{"line":154,"column":28},"end":{"line":154,"column":68}},"46":{"start":{"line":155,"column":34},"end":{"line":155,"column":84}},"47":{"start":{"line":184,"column":25},"end":{"line":239,"column":3}},"48":{"start":{"line":185,"column":21},"end":{"line":185,"column":23}},"49":{"start":{"line":186,"column":22},"end":{"line":186,"column":37}},"50":{"start":{"line":187,"column":14},"end":{"line":187,"column":39}},"51":{"start":{"line":189,"column":14},"end":{"line":189,"column":34}},"52":{"start":{"line":190,"column":16},"end":{"line":190,"column":38}},"53":{"start":{"line":192,"column":4},"end":{"line":202,"column":5}},"54":{"start":{"line":193,"column":6},"end":{"line":201,"column":7}},"55":{"start":{"line":194,"column":8},"end":{"line":194,"column":60}},"56":{"start":{"line":195,"column":13},"end":{"line":201,"column":7}},"57":{"start":{"line":196,"column":8},"end":{"line":196,"column":74}},"58":{"start":{"line":197,"column":13},"end":{"line":201,"column":7}},"59":{"start":{"line":198,"column":8},"end":{"line":198,"column":60}},"60":{"start":{"line":199,"column":13},"end":{"line":201,"column":7}},"61":{"start":{"line":200,"column":8},"end":{"line":200,"column":58}},"62":{"start":{"line":204,"column":16},"end":{"line":204,"column":21}},"63":{"start":{"line":205,"column":16},"end":{"line":205,"column":21}},"64":{"start":{"line":206,"column":4},"end":{"line":209,"column":5}},"65":{"start":{"line":207,"column":6},"end":{"line":207,"column":41}},"66":{"start":{"line":208,"column":6},"end":{"line":208,"column":19}},"67":{"start":{"line":210,"column":4},"end":{"line":213,"column":5}},"68":{"start":{"line":211,"column":6},"end":{"line":211,"column":43}},"69":{"start":{"line":212,"column":6},"end":{"line":212,"column":19}},"70":{"start":{"line":215,"column":20},"end":{"line":218,"column":20}},"71":{"start":{"line":220,"column":4},"end":{"line":238,"column":6}},"72":{"start":{"line":241,"column":24},"end":{"line":267,"column":3}},"73":{"start":{"line":242,"column":4},"end":{"line":242,"column":34}},"74":{"start":{"line":242,"column":27},"end":{"line":242,"column":34}},"75":{"start":{"line":244,"column":17},"end":{"line":244,"column":34}},"76":{"start":{"line":245,"column":19},"end":{"line":245,"column":46}},"77":{"start":{"line":247,"column":4},"end":{"line":247,"column":26}},"78":{"start":{"line":247,"column":19},"end":{"line":247,"column":26}},"79":{"start":{"line":249,"column":24},"end":{"line":249,"column":89}},"80":{"start":{"line":251,"column":18},"end":{"line":251,"column":20}},"81":{"start":{"line":252,"column":17},"end":{"line":252,"column":24}},"82":{"start":{"line":254,"column":4},"end":{"line":254,"column":79}},"83":{"start":{"line":256,"column":4},"end":{"line":259,"column":5}},"84":{"start":{"line":257,"column":6},"end":{"line":257,"column":57}},"85":{"start":{"line":258,"column":6},"end":{"line":258,"column":57}},"86":{"start":{"line":261,"column":4},"end":{"line":266,"column":5}},"87":{"start":{"line":262,"column":6},"end":{"line":262,"column":49}},"88":{"start":{"line":263,"column":6},"end":{"line":263,"column":56}},"89":{"start":{"line":265,"column":6},"end":{"line":265,"column":52}},"90":{"start":{"line":269,"column":21},"end":{"line":269,"column":30}},"91":{"start":{"line":270,"column":12},"end":{"line":270,"column":46}},"92":{"start":{"line":272,"column":14},"end":{"line":272,"column":47}},"93":{"start":{"line":274,"column":2},"end":{"line":282,"column":4}},"94":{"start":{"line":275,"column":4},"end":{"line":281,"column":5}},"95":{"start":{"line":284,"column":2},"end":{"line":284,"column":67}},"96":{"start":{"line":284,"column":24},"end":{"line
[...]
":{"line":68,"column":78}}],"line":68},"5":{"loc":{"start":{"line":104,"column":28},"end":{"line":106,"column":14}},"type":"cond-expr","locations":[{"start":{"line":105,"column":8},"end":{"line":105,"column":74}},{"start":{"line":106,"column":8},"end":{"line":106,"column":14}}],"line":104},"6":{"loc":{"start":{"line":152,"column":24},"end":{"line":152,"column":64}},"type":"default-arg","locations":[{"start":{"line":152,"column":50},"end":{"line":152,"column":64}}],"line":152},"7":{"loc":{"start":{"line":159,"column":4},"end":{"line":161,"column":5}},"type":"if","locations":[{"start":{"line":159,"column":4},"end":{"line":161,"column":5}},{"start":{},"end":{}}],"line":159},"8":{"loc":{"start":{"line":160,"column":12},"end":{"line":160,"column":46}},"type":"cond-expr","locations":[{"start":{"line":160,"column":18},"end":{"line":160,"column":30}},{"start":{"line":160,"column":33},"end":{"line":160,"column":46}}],"line":160},"9":{"loc":{"start":{"line":175,"column":11},"end":{"line":175,"column":51}},"type":"binary-expr","locations":[{"start":{"line":175,"column":11},"end":{"line":175,"column":27}},{"start":{"line":175,"column":31},"end":{"line":175,"column":51}}],"line":175},"10":{"loc":{"start":{"line":179,"column":56},"end":{"line":179,"column":65}},"type":"binary-expr","locations":[{"start":{"line":179,"column":56},"end":{"line":179,"column":58}},{"start":{"line":179,"column":62},"end":{"line":179,"column":65}}],"line":179},"11":{"loc":{"start":{"line":180,"column":13},"end":{"line":190,"column":13}},"type":"binary-expr","locations":[{"start":{"line":180,"column":13},"end":{"line":180,"column":21}},{"start":{"line":181,"column":14},"end":{"line":189,"column":20}}],"line":180},"12":{"loc":{"start":{"line":199,"column":13},"end":{"line":223,"column":20}},"type":"cond-expr","locations":[{"start":{"line":200,"column":14},"end":{"line":222,"column":16}},{"start":{"line":223,"column":16},"end":{"line":223,"column":20}}],"line":199},"13":{"loc":{"start":{"line":206,"column":24},"end":{"line":206,"column":51}},"type":"binary-expr","locations":[{"start":{"line":206,"column":24},"end":{"line":206,"column":45}},{"start":{"line":206,"column":49},"end":{"line":206,"column":51}}],"line":206},"14":{"loc":{"start":{"line":207,"column":28},"end":{"line":207,"column":42}},"type":"binary-expr","locations":[{"start":{"line":207,"column":28},"end":{"line":207,"column":36}},{"start":{"line":207,"column":40},"end":{"line":207,"column":42}}],"line":207}},"s":{"0":2,"1":0,"2":0,"3":4,"4":4,"5":4,"6":16,"7":16,"8":16,"9":16,"10":16,"11":16,"12":0,"13":2,"14":16,"15":16,"16":16,"17":16,"18":16,"19":16,"20":16,"21":16,"22":0,"23":2,"24":0,"25":0,"26":0,"27":0,"28":0,"29":4,"30":4,"31":4,"32":0,"33":4,"34":4,"35":4,"36":1},"f":{"0":0,"1":4,"2":16,"3":0,"4":16,"5":0,"6":0,"7":0,"8":4,"9":4},"b":{"0":[4],"1":[2,14],"2":[2,14],"3":[16,0],"4":[16,16],"5":[0,0],"6":[4],"7":[0,4],"8":[0,0],"9":[4,0],"10":[4,0],"11":[4,0],"12":[4,0],"13":[4,0],"14":[4,0]},"_coverageSchema":"1a1c01bbd47fc00a2c39e90264f33305004495a9","hash":"4f62095ef285328ec23da9edc55a07801c0761c4"}
,"/Users/fernandoleemons/Leemons/bubbles/packages/calendars/src/BigCalendar/components/Toolbar/Toolbar.constants.js": {"path":"/Users/fernandoleemons/Leemons/bubbles/packages/calendars/src/BigCalendar/components/Toolbar/Toolbar.constants.js","statementMap":{"0":{"start":{"line":3,"column":33},"end":{"line":19,"column":1}},"1":{"start":{"line":21,"column":37},"end":{"line":21,"column":39}}},"fnMap":{},"branchMap":{},"s":{"0":1,"1":1},"f":{},"b":{},"_coverageSchema":"1a1c01bbd47fc00a2c39e90264f33305004495a9","hash":"c8513d7aefd21b2f5544651e6d85d39fcca3f1c4"}
,"/Users/fernandoleemons/Leemons/bubbles/packages/calendars/src/BigCalendar/components/Toolbar/Toolbar.js": {"path":"/Users/fernandoleemons/Leemons/bubbles/packages/calendars/src/BigCalendar/components/Toolbar/Toolbar.js","statementMap":{"0":{"start":{"line":24,"column":16},"end":{"line":127,"column":1}},"1":{"start":{"line":41,"column":22},"end":{"line":41,"column":39}},"2":{"start":{"line":42,"column":2},"end":{"line":126,"column":4}},"3":{"start":{"line":51,"column":29},"end":{"line":51,"column":55}},"4":{"start":{"line":58,"column":27},"end":{"line":58,"column":56}},"5":{"start":{"line":64,"column":27},"end":{"line":64,"column":52}},"6":{"start":{"line":75,"column":24},"end":{"line":75,"column":65}},"7":{"start":{"line":76,"column":31},"end":{"line":76,"column":95}},"8":{"start":{"line":97,"column":14},"end":{"line":97,"column":83}},"9":{"start":{"line":107,"column":31},"end":{"line":107,"column":42}},"10":{"start":{"line":129,"column":0},"end":{"line":129,"column":38}}},"fnMap":{"0":{"name":"(anonymous_0)","decl":{"start":{"line":24,"column":16},"end":{"line":24,"column":17}},"loc":{"start":{"line":40,"column":6},"end":{"line":127,"column":1}},"line":40},"1":{"name":"(anonymous_1)","decl":{"start":{"line":51,"column":23},"end":{"line":51,"column":24}},"loc":{"start":{"line":51,"column":29},"end":{"line":51,"column":55}},"line":51},"2":{"name":"(anonymous_2)","decl":{"start":{"line":58,"column":21},"end":{"line":58,"column":22}},"loc":{"start":{"line":58,"column":27},"end":{"line":58,"column":56}},"line":58},"3":{"name":"(anonymous_3)","decl":{"start":{"line":64,"column":21},"end":{"line":64,"column":22}},"loc":{"start":{"line":64,"column":27},"end":{"line":64,"column":52}},"line":64},"4":{"name":"(anonymous_4)","decl":{"start":{"line":75,"column":17},"end":{"line":75,"column":18}},"loc":{"start":{"line":75,"column":24},"end":{"line":75,"column":65}},"line":75},"5":{"name":"(anonymous_5)","decl":{"start":{"line":76,"column":19},"end":{"line":76,"column":20}},"loc":{"start":{"line":76,"column":31},"end":{"line":76,"column":95}},"line":76},"6":{"name":"(anonymous_6)","decl":{"start":{"line":96,"column":22},"end":{"line":96,"column":23}},"loc":{"start":{"line":97,"column":14},"end":{"line":97,"column":83}},"line":97},"7":{"name":"(anonymous_7)","decl":{"start":{"line":107,"column":22},"end":{"line":107,"column":23}},"loc":{"start":{"line":107,"column":31},"end":{"line":107,"column":42}},"line":107}},"branchMap":{"0":{"loc":{"start":{"line":91,"column":9},"end":{"line":100,"column":16}},"type":"cond-expr","locations":[{"start":{"line":92,"column":10},"end":{"line":99,"column":12}},{"start":{"line":100,"column":12},"end":{"line":100,"column":16}}],"line":91},"1":{"loc":{"start":{"line":91,"column":9},"end":{"line":91,"column":58}},"type":"binary-expr","locations":[{"start":{"line":91,"column":9},"end":{"line":91,"column":30}},{"start":{"line":91,"column":34},"end":{"line":91,"column":58}}],"line":91},"2":{"loc":{"start":{"line":97,"column":14},"end":{"line":97,"column":83}},"type":"cond-expr","locations":[{"start":{"line":97,"column":54},"end":{"line":97,"column":76}},{"start":{"line":97,"column":79},"end":{"line":97,"column":83}}],"line":97},"3":{"loc":{"start":{"line":101,"column":9},"end":{"line":109,"column":16}},"type":"cond-expr","locations":[{"start":{"line":102,"column":10},"end":{"line":108,"column":12}},{"start":{"line":109,"column":12},"end":{"line":109,"column":16}}],"line":101},"4":{"loc":{"start":{"line":111,"column":9},"end":{"line":122,"column":16}},"type":"cond-expr","locations":[{"start":{"line":112,"column":10},"end":{"line":121,"column":23}},{"start":{"line":122,"column":12},"end":{"line":122,"column":16}}],"line":111}},"s":{"0":1,"1":29,"2":29,"3":1,"4":0,"5":1,"6":29,"7":29,"8":1,"9":3,"10":1},"f":{"0":29,"1":1,"2":0,"3":1,"4":29,"5":29,"6":1,"7":3},"b":{"0":[28,1],"1":[29,28],"2":[1,0],"3":[29,0],"4":[29,0]},"_coverageSchema":"1a1c01bbd47fc00a2c39e90264f33305004495a9","hash":"6b6d497caf073dc859e92cba08c1ba348b12371c"}
,"/Users/fernandoleemons/Leemons/bubbles/packages/calendars/src/BigCalendar/components/Toolbar/Toolbar.styles.js": {"path":"/Users/fernandoleemons/Leemons/bubbles/packages/calendars/src/BigCalendar/components/Toolbar/Toolbar.styles.js","statementMap":{"0":{"start":{"line":4,"column":29},"end":{"line":22,"column":3}},"1":{"start":{"line":4,"column":54},"end":{"line":22,"column":1}}},"fnMap":{"0":{"name":"(anonymous_0)","decl":{"start":{"line":4,"column":42},"end":{"line":4,"column":43}},"loc":{"start":{"line":4,"column":54},"end":{"line":22,"column":1}},"line":4}},"branchMap":{},"s":{"0":1,"1":29},"f":{"0":29},"b":{},"_coverageSchema":"1a1c01bbd47fc00a2c39e90264f33305004495a9","hash":"37486b8606dcb36ea717d22f8220d3039ae2df02"}
,"/Users/fernandoleemons/Leemons/bubbles/packages/calendars/src/BigCalendar/components/Toolbar/ViewNamesGroup.constants.js": {"path":"/Users/fernandoleemons/Leemons/bubbles/packages/calendars/src/BigCalendar/components/Toolbar/ViewNamesGroup.constants.js","statementMap":{"0":{"start":{"line":3,"column":40},"end":{"line":9,"column":1}},"1":{"start":{"line":11,"column":44},"end":{"line":11,"column":46}}},"fnMap":{},"branchMap":{},"s":{"0":1,"1":1},"f":{},"b":{},"_coverageSchema":"1a1c01bbd47fc00a2c39e90264f33305004495a9","hash":"4ce108619bba2580f996173fdbdb977517ebe842"}
,"/Users/fernandoleemons/Leemons/bubbles/packages/calendars/src/BigCalendar/components/Toolbar/ViewNamesGroup.js": {"path":"/Users/fernandoleemons/Leemons/bubbles/packages/calendars/src/BigCalendar/components/Toolbar/ViewNamesGroup.js","statementMap":{"0":{"start":{"line":5,"column":23},"end":{"line":41,"column":1}},"1":{"start":{"line":6,"column":28},"end":{"line":6,"column":45}},"2":{"start":{"line":7,"column":26},"end":{"line":7,"column":38}},"3":{"start":{"line":9,"column":2},"end":{"line":15,"column":24}},"4":{"start":{"line":10,"column":20},"end":{"line":10,"column":22}},"5":{"start":{"line":11,"column":4},"end":{"line":13,"column":5}},"6":{"start":{"line":12,"column":6},"end":{"line":12,"column":84}},"7":{"start":{"line":12,"column":30},"end":{"line":12,"column":82}},"8":{"start":{"line":14,"column":4},"end":{"line":14,"column":21}},"9":{"start":{"line":17,"column":2},"end":{"line":17,"column":48}},"10":{"start":{"line":17,"column":18},"end":{"line":17,"column":35}},"11":{"start":{"line":19,"column":25},"end":{"line":22,"column":3}},"12":{"start":{"line":20,"column":4},"end":{"line":20,"column":18}},"13":{"start":{"line":21,"column":4},"end":{"line":21,"column":54}},"14":{"start":{"line":21,"column":40},"end":{"line":21,"column":54}},"15":{"start":{"line":24,"column":2},"end":{"line":39,"column":3}},"16":{"start":{"line":25,"column":4},"end":{"line":38,"column":6}},"17":{"start":{"line":40,"column":2},"end":{"line":40,"column":14}},"18":{"start":{"line":43,"column":0},"end":{"line":43,"column":52}}},"fnMap":{"0":{"name":"(anonymous_0)","decl":{"start":{"line":5,"column":23},"end":{"line":5,"column":24}},"loc":{"start":{"line":5,"column":76},"end":{"line":41,"column":1}},"line":5},"1":{"name":"(anonymous_1)","decl":{"start":{"line":9,"column":12},"end":{"line":9,"column":13}},"loc":{"start":{"line":9,"column":18},"end":{"line":15,"column":3}},"line":9},"2":{"name":"(anonymous_2)","decl":{"start":{"line":12,"column":20},"end":{"line":12,"column":21}},"loc":{"start":{"line":12,"column":30},"end":{"line":12,"column":82}},"line":12},"3":{"name":"(anonymous_3)","decl":{"start":{"line":17,"column":12},"end":{"line":17,"column":13}},"loc":{"start":{"line":17,"column":18},"end":{"line":17,"column":35}},"line":17},"4":{"name":"(anonymous_4)","decl":{"start":{"line":19,"column":25},"end":{"line":19,"column":26}},"loc":{"start":{"line":19,"column":34},"end":{"line":22,"column":3}},"line":19}},"branchMap":{"0":{"loc":{"start":{"line":11,"column":4},"end":{"line":13,"column":5}},"type":"if","locations":[{"start":{"line":11,"column":4},"end":{"line":13,"column":5}},{"start":{},"end":{}}],"line":11},"1":{"loc":{"start":{"line":11,"column":8},"end":{"line":11,"column":45}},"type":"binary-expr","locations":[{"start":{"line":11,"column":8},"end":{"line":11,"column":16}},{"start":{"line":11,"column":20},"end":{"line":11,"column":25}},{"start":{"line":11,"column":29},"end":{"line":11,"column":45}}],"line":11},"2":{"loc":{"start":{"line":21,"column":4},"end":{"line":21,"column":54}},"type":"if","locations":[{"start":{"line":21,"column":4},"end":{"line":21,"column":54}},{"start":{},"end":{}}],"line":21},"3":{"loc":{"start":{"line":24,"column":2},"end":{"line":39,"column":3}},"type":"if","locations":[{"start":{"line":24,"column":2},"end":{"line":39,"column":3}},{"start":{},"end":{}}],"line":24},"4":{"loc":{"start":{"line":24,"column":6},"end":{"line":24,"column":53}},"type":"binary-expr","locations":[{"start":{"line":24,"column":6},"end":{"line":24,"column":13}},{"start":{"line":24,"column":17},"end":{"line":24,"column":25}},{"start":{"line":24,"column":29},"end":{"line":24,"column":34}},{"start":{"line":24,"column":38},"end":{"line":24,"column":53}}],"line":24}},"s":{"0":1,"1":46,"2":46,"3":46,"4":29,"5":29,"6":29,"7":116,"8":29,"9":46,"10":28,"11":46,"12":3,"13":3,"14":3,"15":46,"16":18,"17":28,"18":1},"f":{"0":46,"1":29,"2":116,"3":28,"4":3},"b":{"0":[29,0],"1":[29,29,29],"2":[3,0],"3":[18,28],"4":[46,46,46,46]},"_coverageSchema":"1a1c01bbd47fc00a2c39e90264f33305004495a9","hash":"1717cf9fabec18b4bbafd39a6f5d8da3fa3ae7f1"}
,"/Users/fernandoleemons/Leemons/bubbles/packages/calendars/src/BigCalendar/components/WeekView/WeekView.js": {"path":"/Users/fernandoleemons/Leemons/bubbles/packages/calendars/src/BigCalendar/components/WeekView/WeekView.js","statementMap":{"0":{"start":{"line":9,"column":4},"end":{"line":12,"column":7}},"1":{"start":{"line":28,"column":8},"end":{"line":28,"column":18}},"2":{"start":{"line":29,"column":16},"end":{"line":29,"column":48}},"3":{"start":{"line":31,"column":57},"end":{"line":31,"column":78}},"4":{"start":{"line":33,"column":4},"end":{"line":35,"column":5}},"5":{"start":{"line":34,"column":6},"end":{"line":34,"column":76}},"6":{"start":{"line":34,"column":41},"end":{"line":34,"column":74}},"7":{"start":{"line":36,"column":4},"end":{"line":38,"column":5}},"8":{"start":{"line":37,"column":6},"end":{"line":37,"column":87}},"9":{"start":{"line":37,"column":41},"end":{"line":37,"column":85}},"10":{"start":{"line":40,"column":4},"end":{"line":43,"column":5}},"11":{"start":{"line":41,"column":17},"end":{"line":41,"column":35}},"12":{"start":{"line":42,"column":6},"end":{"line":42,"column":61}},"13":{"start":{"line":44,"column":4},"end":{"line":47,"column":5}},"14":{"start":{"line":45,"column":17},"end":{"line":45,"column":35}},"15":{"start":{"line":46,"column":6},"end":{"line":46,"column":61}},"16":{"start":{"line":49,"column":4},"end":{"line":59,"column":6}},"17":{"start":{"line":63,"column":0},"end":{"line":71,"column":2}},"18":{"start":{"line":73,"column":0},"end":{"line":73,"column":46}},"19":{"start":{"line":75,"column":0},"end":{"line":86,"column":2}},"20":{"start":{"line":76,"column":2},"end":{"line":85,"column":3}},"21":{"start":{"line":78,"column":6},"end":{"line":78,"column":45}},"22":{"start":{"line":81,"column":6},"end":{"line":81,"column":44}},"23":{"start":{"line":84,"column":6},"end":{"line":84,"column":18}},"24":{"start":{"line":88,"column":0},"end":{"line":94,"column":2}},"25":{"start":{"line":89,"column":22},"end":{"line":89,"column":45}},"26":{"start":{"line":90,"column":16},"end":{"line":90,"column":60}},"27":{"start":{"line":91,"column":14},"end":{"line":91,"column":56}},"28":{"start":{"line":93,"column":2},"end":{"line":93,"column":37}},"29":{"start":{"line":96,"column":0},"end":{"line":99,"column":2}},"30":{"start":{"line":97,"column":27},"end":{"line":97,"column":62}},"31":{"start":{"line":98,"column":2},"end":{"line":98,"column":78}}},"fnMap":{"0":{"name":"(anonymous_0)","decl":{"start":{"line":8,"column":2},"end":{"line":8,"column":3}},"loc":{"start":{"line":8,"column":22},"end":{"line":13,"column":3}},"line":8},"1":{"name":"(anonymous_1)","decl":{"start":{"line":15,"column":2},"end":{"line":15,"column":3}},"loc":{"start":{"line":15,"column":11},"end":{"line":60,"column":3}},"line":15},"2":{"name":"(anonymous_2)","decl":{"start":{"line":34,"column":30},"end":{"line":34,"column":31}},"loc":{"start":{"line":34,"column":41},"end":{"line":34,"column":74}},"line":34},"3":{"name":"(anonymous_3)","decl":{"start":{"line":37,"column":30},"end":{"line":37,"column":31}},"loc":{"start":{"line":37,"column":41},"end":{"line":37,"column":85}},"line":37},"4":{"name":"(anonymous_4)","decl":{"start":{"line":75,"column":20},"end":{"line":75,"column":21}},"loc":{"start":{"line":75,"column":53},"end":{"line":86,"column":1}},"line":75},"5":{"name":"(anonymous_5)","decl":{"start":{"line":88,"column":17},"end":{"line":88,"column":18}},"loc":{"start":{"line":88,"column":42},"end":{"line":94,"column":1}},"line":88},"6":{"name":"(anonymous_6)","decl":{"start":{"line":96,"column":17},"end":{"line":96,"column":18}},"loc":{"start":{"line":96,"column":42},"end":{"line":99,"column":1}},"line":96}},"branchMap":{"0":{"loc":{"start":{"line":24,"column":6},"end":{"line":24,"column":48}},"type":"default-arg","locations":[{"start":{"line":24,"column":12},"end":{"line":24,"column":48}}],"line":24},"1":{"loc":{"start":{"line":25,"column":6},"end":{"line":25,"column":46}},"type":"default-arg","locations":[{"start":{"line":25,"column":12},"end":{"line":25,"column":46}}],"line":25},"2":{"loc":{"start":{"line":26,"column":6},"end":{"line":26,"column":57}},"type":"default-arg","locations":[{"start":{"line":26,"column":21},"end":{"line":26,"column":57}}],"line":26},"3":{"loc":{"start":{"line":33,"column":4},"end":{"line":35,"column":5}},"type":"if","locations":[{"start":{"line":33,"column":4},"end":{"line":35,"column":5}},{"start":{},"end":{}}],"line":33},"4":{"loc":{"start":{"line":36,"column":4},"end":{"line":38,"column":5}},"type":"if","locations":[{"start":{"line":36,"column":4},"end":{"line":38,"column":5}},{"start":{},"end":{}}],"line":36},"5":{"loc":{"start":{"line":36,"column":8},"end":{"line":36,"column":45}},"type":"binary-expr","locations":[{"start":{"line":36,"column":8},"end":{"line":36,"column":21}},{"start":{"line":36,"column":25},"end":{"line":36,"column":45}}],"line":36},"6":{"loc":{"start":{"line":37,"column":41},"end":{"line":37,"column":85}},"type":"binary-expr","locations":[{"start":{"line":37,"column":41},"end":{"line":37,"column":61}},{"start":{"line":37,"column":65},"end":{"line":37,"column":85}}],"line":37},"7":{"loc":{"start":{"line":40,"column":4},"end":{"line":43,"column":5}},"type":"if","locations":[{"start":{"line":40,"column":4},"end":{"line":43,"column":5}},{"start":{},"end":{}}],"line":40},"8":{"loc":{"start":{"line":44,"column":4},"end":{"line":47,"column":5}},"type":"if","locations":[{"start":{"line":44,"column":4},"end":{"line":47,"column":5}},{"start":{},"end":{}}],"line":44},"9":{"loc":{"start":{"line":76,"column":2},"end":{"line":85,"column":3}},"type":"switch","locations":[{"start":{"line":77,"column":4},"end":{"line":78,"column":45}},{"start":{"line":80,"column":4},"end":{"line":81,"column":44}},{"start":{"line":83,"column":4},"end":{"line":84,"column":18}}],"line":76}},"s":{"0":1,"1":2,"2":2,"3":2,"4":2,"5":0,"6":0,"7":2,"8":0,"9":0,"10":2,"11":0,"12":0,"13":2,"14":0,"15":0,"16":2,"17":1,"18":1,"19":1,"20":0,"21":0,"22":0,"23":0,"24":1,"25":5,"26":5,"27":5,"28":5,"29":1,"30":2,"31":2},"f":{"0":1,"1":2,"2":0,"3":0,"4":0,"5":5,"6":2},"b":{"0":[2],"1":[2],"2":[0],"3":[0,2],"4":[0,2],"5":[2,0],"6":[0,0],"7":[0,2],"8":[0,2],"9":[0,0,0]},"_coverageSchema":"1a1c01bbd47fc00a2c39e90264f33305004495a9","hash":"2f31b44cf112a7f23bcdaec1d5a420da056f76d4"}
,"/Users/fernandoleemons/Leemons/bubbles/packages/calendars/src/BigCalendar/mocks/events-month-view.js": {"path":"/Users/fernandoleemons/Leemons/bubbles/packages/calendars/src/BigCalendar/mocks/events-month-view.js","statementMap":{},"fnMap":{},"branchMap":{},"s":{},"f":{},"b":{}}
,"/Users/fernandoleemons/Leemons/bubbles/packages/calendars/src/BigCalendar/mocks/events.js": {"path":"/Users/fernandoleemons/Leemons/bubbles/packages/calendars/src/BigCalendar/mocks/events.js","statementMap":{},"fnMap":{},"branchMap":{},"s":{},"f":{},"b":{},"_coverageSchema":"1a1c01bbd47fc00a2c39e90264f33305004495a9","hash":"675707a1cb2fb5e9b98b96afc458dae791ec240f"}
}
