TN:
SF:src/index.js
FNF:0
FNH:0
LF:0
LH:0
BRF:0
BRH:0
end_of_record
TN:
SF:src/BigCalendar/BigCalendar.constants.js
FNF:0
FNH:0
DA:5,1
DA:6,1
DA:7,1
DA:8,1
DA:10,1
DA:12,1
DA:46,1
LF:7
LH:7
BRF:0
BRH:0
end_of_record
TN:
SF:src/BigCalendar/BigCalendar.js
FN:28,(anonymous_0)
FN:56,(anonymous_1)
FN:57,(anonymous_2)
FN:58,(anonymous_3)
FN:59,(anonymous_4)
FN:60,(anonymous_5)
FN:61,(anonymous_6)
FN:70,(anonymous_7)
FN:102,(anonymous_8)
FN:106,(anonymous_9)
FN:114,(anonymous_10)
FN:117,(anonymous_11)
FN:147,(anonymous_12)
FN:179,(anonymous_13)
FN:184,(anonymous_14)
FN:212,(anonymous_15)
FN:217,(anonymous_16)
FN:225,(anonymous_17)
FN:231,(anonymous_18)
FN:256,(anonymous_19)
FNF:20
FNH:13
FNDA:28,(anonymous_0)
FNDA:0,(anonymous_1)
FNDA:0,(anonymous_2)
FNDA:17,(anonymous_3)
FNDA:0,(anonymous_4)
FNDA:1,(anonymous_5)
FNDA:0,(anonymous_6)
FNDA:10,(anonymous_7)
FNDA:10,(anonymous_8)
FNDA:1142,(anonymous_9)
FNDA:26,(anonymous_10)
FNDA:176,(anonymous_11)
FNDA:0,(anonymous_12)
FNDA:0,(anonymous_13)
FNDA:17,(anonymous_14)
FNDA:1,(anonymous_15)
FNDA:0,(anonymous_16)
FNDA:10,(anonymous_17)
FNDA:10,(anonymous_18)
FNDA:30,(anonymous_19)
DA:27,1
DA:65,28
DA:66,28
DA:67,28
DA:68,28
DA:70,28
DA:86,28
DA:87,0
DA:88,0
DA:90,28
DA:91,28
DA:94,28
DA:95,0
DA:101,28
DA:102,10
DA:106,1142
DA:114,28
DA:115,26
DA:116,26
DA:117,16
DA:118,176
DA:119,0
DA:123,0
DA:146,0
DA:147,0
DA:148,0
DA:149,0
DA:150,0
DA:157,176
DA:162,176
DA:167,176
DA:168,29
DA:173,26
DA:179,28
DA:180,0
DA:181,0
DA:184,28
DA:185,17
DA:186,17
DA:187,1
DA:188,1
DA:189,1
DA:193,16
DA:194,1
DA:195,1
DA:196,1
DA:200,15
DA:201,0
DA:204,17
DA:205,17
DA:206,17
DA:207,17
DA:208,17
DA:212,28
DA:213,1
DA:214,1
DA:217,28
DA:218,0
DA:219,0
DA:225,28
DA:226,10
DA:227,0
DA:228,0
DA:229,0
DA:231,10
DA:232,10
DA:233,0
DA:234,0
DA:242,28
DA:248,28
DA:257,30
DA:305,1
DA:306,1
DA:311,1
LF:74
LH:54
BRDA:46,0,0,28
BRDA:48,1,0,28
BRDA:49,2,0,28
BRDA:51,3,0,28
BRDA:52,4,0,28
BRDA:53,5,0,28
BRDA:56,6,0,28
BRDA:57,7,0,28
BRDA:58,8,0,28
BRDA:59,9,0,26
BRDA:60,10,0,28
BRDA:61,11,0,26
BRDA:86,12,0,0
BRDA:86,12,1,28
BRDA:94,13,0,0
BRDA:94,13,1,28
BRDA:116,14,0,16
BRDA:116,14,1,10
BRDA:118,15,0,0
BRDA:118,15,1,176
BRDA:167,16,0,29
BRDA:167,16,1,147
BRDA:167,17,0,176
BRDA:167,17,1,45
BRDA:186,18,0,1
BRDA:186,18,1,16
BRDA:186,19,0,17
BRDA:186,19,1,2
BRDA:193,20,0,1
BRDA:193,20,1,15
BRDA:193,21,0,16
BRDA:193,21,1,1
BRDA:200,22,0,0
BRDA:200,22,1,15
BRDA:204,23,0,17
BRDA:204,23,1,0
BRDA:226,24,0,0
BRDA:226,24,1,10
BRDA:226,25,0,10
BRDA:226,25,1,10
BRDA:232,26,0,0
BRDA:232,26,1,10
BRDA:232,27,0,10
BRDA:232,27,1,0
BRDA:255,28,0,28
BRDA:255,28,1,0
BRF:46
BRH:37
end_of_record
TN:
SF:src/BigCalendar/BigCalendar.stories.js
FN:35,(anonymous_0)
FN:66,(anonymous_1)
FN:84,(anonymous_2)
FN:93,(anonymous_3)
FNF:4
FNH:0
FNDA:0,(anonymous_0)
FNDA:0,(anonymous_1)
FNDA:0,(anonymous_2)
FNDA:0,(anonymous_3)
DA:33,0
DA:35,0
DA:37,0
DA:38,0
DA:39,0
DA:54,0
DA:57,0
DA:59,0
DA:66,0
DA:68,0
DA:70,0
DA:84,0
DA:85,0
DA:86,0
DA:87,0
DA:88,0
DA:89,0
DA:90,0
DA:91,0
DA:93,0
DA:94,0
DA:96,0
DA:106,0
DA:107,0
DA:108,0
DA:109,0
DA:110,0
DA:111,0
DA:112,0
DA:115,0
DA:147,0
DA:149,0
LF:32
LH:0
BRDA:38,0,0,0
BRDA:38,0,1,0
BRF:2
BRH:0
end_of_record
TN:
SF:src/BigCalendar/BigCalendar.styles.js
FN:5,(anonymous_0)
FN:35,(anonymous_1)
FN:104,(anonymous_2)
FN:127,(anonymous_3)
FN:133,(anonymous_4)
FN:178,(anonymous_5)
FN:282,(anonymous_6)
FN:387,(anonymous_7)
FNF:8
FNH:8
FNDA:28,(anonymous_0)
FNDA:28,(anonymous_1)
FNDA:28,(anonymous_2)
FNDA:28,(anonymous_3)
FNDA:28,(anonymous_4)
FNDA:28,(anonymous_5)
FNDA:28,(anonymous_6)
FNDA:28,(anonymous_7)
DA:5,28
DA:35,28
DA:104,28
DA:127,28
DA:133,28
DA:178,28
DA:282,28
DA:386,1
DA:387,28
LF:9
LH:9
BRDA:11,0,0,28
BRDA:11,0,1,0
BRDA:12,1,0,28
BRDA:12,1,1,0
BRDA:24,2,0,28
BRDA:24,2,1,0
BRDA:25,3,0,28
BRDA:25,3,1,0
BRDA:39,4,0,28
BRDA:39,4,1,28
BRDA:42,5,0,28
BRDA:42,5,1,28
BRDA:45,6,0,28
BRDA:45,6,1,0
BRDA:45,7,0,0
BRDA:45,7,1,0
BRDA:46,8,0,28
BRDA:46,8,1,0
BRDA:46,9,0,0
BRDA:46,9,1,0
BRDA:47,10,0,28
BRDA:47,10,1,0
BRDA:47,11,0,0
BRDA:47,11,1,0
BRDA:51,12,0,28
BRDA:51,12,1,0
BRDA:54,13,0,28
BRDA:54,13,1,0
BRDA:57,14,0,28
BRDA:57,14,1,0
BRDA:64,15,0,0
BRDA:64,15,1,28
BRDA:77,16,0,28
BRDA:77,16,1,0
BRDA:78,17,0,28
BRDA:78,17,1,0
BRDA:79,18,0,28
BRDA:79,18,1,0
BRDA:80,19,0,28
BRDA:80,19,1,0
BRDA:83,20,0,28
BRDA:83,20,1,0
BRDA:89,21,0,28
BRDA:89,21,1,0
BRDA:95,22,0,28
BRDA:95,22,1,0
BRDA:98,23,0,28
BRDA:98,23,1,28
BRDA:99,24,0,28
BRDA:99,24,1,28
BRDA:100,25,0,28
BRDA:100,25,1,28
BRDA:106,26,0,0
BRDA:106,26,1,28
BRDA:107,27,0,0
BRDA:107,27,1,28
BRDA:110,28,0,28
BRDA:110,28,1,28
BRDA:111,29,0,0
BRDA:111,29,1,28
BRDA:113,30,0,28
BRDA:113,30,1,0
BRDA:113,31,0,0
BRDA:113,31,1,0
BRDA:114,32,0,0
BRDA:114,32,1,28
BRDA:114,33,0,28
BRDA:114,33,1,0
BRDA:115,34,0,0
BRDA:115,34,1,28
BRDA:115,35,0,28
BRDA:115,35,1,0
BRDA:119,36,0,28
BRDA:119,36,1,28
BRDA:120,37,0,28
BRDA:120,37,1,0
BRDA:120,38,0,0
BRDA:120,38,1,0
BRDA:129,39,0,0
BRDA:129,39,1,28
BRDA:393,40,0,0
BRDA:393,40,1,28
BRF:82
BRH:43
end_of_record
TN:
SF:src/BigCalendar/index.js
FNF:0
FNH:0
LF:0
LH:0
BRF:0
BRH:0
end_of_record
TN:
SF:src/BigCalendar/addons/LuxonLocalizer.js
FN:5,pluralizeUnit
FN:9,(anonymous_1)
FN:18,(anonymous_2)
FN:21,(anonymous_3)
FN:24,(anonymous_4)
FN:27,(anonymous_5)
FN:53,fixUnit
FN:66,LuxonLocalizer
FN:67,formatDate
FN:71,formatDateWithCulture
FN:76,defineComparators
FN:87,startOfDTWeek
FN:99,endOfDTWeek
FN:113,startOfDT
FN:122,firstOfWeek
FN:127,startOf
FN:132,endOfDT
FN:141,endOf
FN:145,eq
FN:151,neq
FN:155,gt
FN:160,lt
FN:165,gte
FN:170,lte
FN:175,inRange
FN:183,min
FN:190,max
FN:197,merge
FN:212,add
FN:219,range
FN:232,ceil
FN:239,diff
FN:249,firstVisibleDay
FN:254,lastVisibleDay
FN:259,visibleDays
FN:282,getSlotDate
FN:289,getTotalMin
FN:293,getMinutesFromMidnight
FN:302,continuesPrior
FN:306,continuesAfter
FN:311,sortEvents
FN:330,inEventRange
FN:346,isSameDate
FN:358,browserTZOffset
FN:374,(anonymous_44)
FNF:45
FNH:40
FNDA:6102,pluralizeUnit
FNDA:2,(anonymous_1)
FNDA:2,(anonymous_2)
FNDA:0,(anonymous_3)
FNDA:0,(anonymous_4)
FNDA:0,(anonymous_5)
FNDA:7892,fixUnit
FNDA:10,LuxonLocalizer
FNDA:0,formatDate
FNDA:1305,formatDateWithCulture
FNDA:3750,defineComparators
FNDA:45,startOfDTWeek
FNDA:45,endOfDTWeek
FNDA:1937,startOfDT
FNDA:5,firstOfWeek
FNDA:318,startOf
FNDA:78,endOfDT
FNDA:39,endOf
FNDA:1682,eq
FNDA:1622,neq
FNDA:168,gt
FNDA:39,lt
FNDA:31,gte
FNDA:1830,lte
FNDA:180,inRange
FNDA:31,min
FNDA:31,max
FNDA:40,merge
FNDA:1763,add
FNDA:33,range
FNDA:50,ceil
FNDA:101,diff
FNDA:39,firstVisibleDay
FNDA:39,lastVisibleDay
FNDA:37,visibleDays
FNDA:980,getSlotDate
FNDA:20,getTotalMin
FNDA:20,getMinutesFromMidnight
FNDA:31,continuesPrior
FNDA:31,continuesAfter
FNDA:0,sortEvents
FNDA:160,inEventRange
FNDA:2581,isSameDate
FNDA:10,browserTZOffset
FNDA:1305,(anonymous_44)
DA:6,6102
DA:9,1
DA:10,2
DA:11,2
DA:12,2
DA:13,2
DA:18,1
DA:19,2
DA:21,1
DA:22,0
DA:24,1
DA:25,0
DA:27,1
DA:29,1
DA:54,7892
DA:55,7892
DA:56,0
DA:57,7892
DA:58,1790
DA:60,7892
DA:68,0
DA:72,1305
DA:77,3750
DA:78,3750
DA:79,3750
DA:80,3750
DA:88,45
DA:89,45
DA:90,0
DA:92,45
DA:93,45
DA:95,0
DA:96,0
DA:100,45
DA:101,45
DA:102,45
DA:103,0
DA:105,45
DA:106,45
DA:108,0
DA:109,0
DA:114,1937
DA:115,1937
DA:116,1937
DA:117,1937
DA:119,0
DA:123,5
DA:128,318
DA:133,78
DA:134,78
DA:135,78
DA:136,78
DA:138,0
DA:142,39
DA:146,1682
DA:148,1682
DA:152,1622
DA:156,168
DA:157,168
DA:161,39
DA:162,39
DA:166,31
DA:167,31
DA:171,1830
DA:172,1830
DA:176,180
DA:177,180
DA:178,180
DA:179,180
DA:180,180
DA:184,31
DA:185,31
DA:186,31
DA:187,31
DA:191,31
DA:192,31
DA:193,31
DA:194,31
DA:198,40
DA:200,40
DA:201,40
DA:202,40
DA:213,1763
DA:214,1763
DA:220,33
DA:221,33
DA:222,33
DA:224,33
DA:225,277
DA:226,277
DA:229,33
DA:233,50
DA:234,50
DA:236,50
DA:240,101
DA:242,101
DA:243,101
DA:244,101
DA:250,39
DA:251,39
DA:255,39
DA:256,39
DA:260,37
DA:261,37
DA:262,37
DA:264,37
DA:265,1323
DA:266,1323
DA:269,37
DA:283,980
DA:290,20
DA:294,20
DA:295,20
DA:296,20
DA:303,31
DA:307,31
DA:315,0
DA:317,0
DA:319,0
DA:321,0
DA:331,160
DA:333,160
DA:335,160
DA:336,160
DA:340,160
DA:347,2581
DA:348,2581
DA:349,2581
DA:364,10
DA:365,10
DA:366,10
DA:367,10
DA:369,10
DA:370,10
DA:373,10
DA:375,1305
DA:376,1305
DA:378,0
LF:138
LH:121
BRDA:6,0,0,1449
BRDA:6,0,1,4653
BRDA:11,1,0,2
BRDA:11,1,1,0
BRDA:14,2,0,2
BRDA:14,2,1,0
BRDA:54,3,0,6102
BRDA:54,3,1,1790
BRDA:55,4,0,0
BRDA:55,4,1,7892
BRDA:57,5,0,1790
BRDA:57,5,1,6102
BRDA:66,6,0,0
BRDA:66,7,0,0
BRDA:78,8,0,1960
BRDA:78,8,1,1790
BRDA:79,9,0,1960
BRDA:79,9,1,1790
BRDA:89,10,0,0
BRDA:89,10,1,45
BRDA:92,11,0,45
BRDA:92,11,1,0
BRDA:95,12,0,0
BRDA:95,12,1,0
BRDA:101,13,0,45
BRDA:101,13,1,0
BRDA:102,14,0,0
BRDA:102,14,1,45
BRDA:105,15,0,45
BRDA:105,15,1,0
BRDA:108,16,0,0
BRDA:108,16,1,0
BRDA:113,17,0,0
BRDA:115,18,0,1937
BRDA:115,18,1,0
BRDA:117,19,0,6
BRDA:117,19,1,1931
BRDA:127,20,0,40
BRDA:132,21,0,0
BRDA:134,22,0,78
BRDA:134,22,1,0
BRDA:136,23,0,6
BRDA:136,23,1,72
BRDA:141,24,0,0
BRDA:175,25,0,84
BRDA:180,26,0,180
BRDA:180,26,1,124
BRDA:198,27,0,0
BRDA:198,27,1,40
BRDA:198,28,0,40
BRDA:198,28,1,0
BRDA:219,29,0,5
BRDA:236,30,0,0
BRDA:236,30,1,50
BRDA:239,31,0,0
BRDA:322,32,0,0
BRDA:322,32,1,0
BRDA:322,32,2,0
BRDA:322,32,3,0
BRDA:322,32,4,0
BRDA:336,33,0,160
BRDA:336,33,1,0
BRDA:340,34,0,160
BRDA:340,34,1,108
BRDA:365,35,0,0
BRDA:365,35,1,10
BRDA:370,36,0,0
BRDA:370,36,1,10
BRDA:375,37,0,1305
BRDA:375,37,1,0
BRF:70
BRH:38
end_of_record
TN:
SF:src/BigCalendar/components/EventWrapper.constants.js
FN:6,(anonymous_0)
FNF:1
FNH:0
FNDA:0,(anonymous_0)
DA:4,1
DA:6,1
DA:8,1
LF:3
LH:3
BRDA:6,0,0,0
BRDA:6,0,1,0
BRF:2
BRH:0
end_of_record
TN:
SF:src/BigCalendar/components/EventWrapper.js
FN:8,(anonymous_0)
FNF:1
FNH:1
FNDA:31,(anonymous_0)
DA:8,1
DA:28,31
DA:29,31
DA:32,0
DA:34,0
DA:35,0
DA:36,0
DA:37,0
DA:39,0
DA:41,0
DA:43,0
DA:44,0
DA:46,0
DA:68,0
DA:69,0
DA:70,0
DA:93,0
DA:94,0
DA:95,0
DA:96,0
DA:99,0
DA:138,1
LF:22
LH:4
BRDA:28,0,0,31
BRDA:28,0,1,0
BRDA:44,1,0,0
BRDA:44,1,1,0
BRDA:46,2,0,0
BRDA:46,2,1,0
BRDA:54,3,0,0
BRDA:54,3,1,0
BRDA:61,4,0,0
BRDA:61,4,1,0
BRDA:65,5,0,0
BRDA:65,5,1,0
BRDA:68,6,0,0
BRDA:68,6,1,0
BRDA:71,7,0,0
BRDA:71,7,1,0
BRDA:72,8,0,0
BRDA:72,8,1,0
BRDA:93,9,0,0
BRDA:93,9,1,0
BRDA:95,10,0,0
BRDA:95,10,1,0
BRDA:95,11,0,0
BRDA:95,11,1,0
BRDA:105,12,0,0
BRDA:105,12,1,0
BRDA:105,13,0,0
BRDA:105,13,1,0
BRDA:107,14,0,0
BRDA:107,14,1,0
BRDA:117,15,0,0
BRDA:117,15,1,0
BRF:32
BRH:1
end_of_record
TN:
SF:src/BigCalendar/components/EventWrapper.styles.js
FN:4,(anonymous_0)
FNF:1
FNH:0
FNDA:0,(anonymous_0)
DA:4,1
LF:1
LH:1
BRF:0
BRH:0
end_of_record
TN:
SF:src/BigCalendar/components/AgentView/AgentView.constants.js
FNF:0
FNH:0
DA:3,0
DA:16,0
DA:21,0
LF:3
LH:0
BRF:0
BRH:0
end_of_record
TN:
SF:src/BigCalendar/components/AgentView/AgentView.js
FN:19,(anonymous_0)
FN:26,Agenda
FN:45,(anonymous_2)
FN:54,(anonymous_3)
FN:58,(anonymous_4)
FN:67,(anonymous_5)
FN:69,(anonymous_6)
FN:154,(anonymous_7)
FN:155,(anonymous_8)
FN:184,(anonymous_9)
FN:241,(anonymous_10)
FN:274,(anonymous_11)
FN:284,(anonymous_12)
FN:305,(anonymous_13)
FN:333,(anonymous_14)
FN:338,(anonymous_15)
FN:351,(anonymous_16)
FNF:17
FNH:14
FNDA:93,(anonymous_0)
FNDA:2,Agenda
FNDA:1,(anonymous_2)
FNDA:2,(anonymous_3)
FNDA:62,(anonymous_4)
FNDA:93,(anonymous_5)
FNDA:8,(anonymous_6)
FNDA:0,(anonymous_7)
FNDA:0,(anonymous_8)
FNDA:8,(anonymous_9)
FNDA:2,(anonymous_10)
FNDA:4,(anonymous_11)
FNDA:1,(anonymous_12)
FNDA:62,(anonymous_13)
FNDA:1,(anonymous_14)
FNDA:0,(anonymous_15)
FNDA:2,(anonymous_16)
DA:17,1
DA:19,1
DA:20,93
DA:21,93
DA:22,93
DA:23,93
DA:39,2
DA:40,2
DA:41,2
DA:42,2
DA:43,2
DA:45,2
DA:46,1
DA:47,1
DA:48,1
DA:54,2
DA:55,2
DA:58,2
DA:59,62
DA:67,93
DA:69,62
DA:70,8
DA:71,8
DA:72,8
DA:74,8
DA:76,8
DA:77,8
DA:78,8
DA:79,8
DA:80,8
DA:81,8
DA:84,8
DA:104,8
DA:105,8
DA:107,8
DA:112,8
DA:113,8
DA:114,8
DA:116,8
DA:140,8
DA:141,0
DA:142,8
DA:143,0
DA:146,8
DA:154,0
DA:155,0
DA:184,2
DA:185,8
DA:186,8
DA:187,8
DA:189,8
DA:190,8
DA:192,8
DA:193,8
DA:194,0
DA:195,8
DA:196,0
DA:197,8
DA:198,2
DA:199,6
DA:200,2
DA:204,8
DA:205,8
DA:206,8
DA:207,6
DA:208,6
DA:210,8
DA:211,6
DA:212,6
DA:215,8
DA:220,8
DA:241,2
DA:242,2
DA:244,2
DA:245,2
DA:247,2
DA:249,2
DA:251,2
DA:252,2
DA:254,2
DA:256,2
DA:257,2
DA:258,2
DA:261,2
DA:262,0
DA:263,0
DA:265,2
DA:269,2
DA:270,2
DA:272,2
DA:274,2
DA:275,4
DA:284,2
DA:286,2
DA:305,62
DA:316,1
DA:329,1
DA:333,1
DA:334,1
DA:335,1
DA:338,1
DA:339,0
DA:341,0
DA:344,0
DA:347,0
DA:351,1
DA:352,2
DA:353,2
LF:108
LH:96
BRDA:22,0,0,93
BRDA:22,0,1,70
BRDA:76,1,0,8
BRDA:76,1,1,8
BRDA:78,2,0,8
BRDA:78,2,1,0
BRDA:84,3,0,8
BRDA:84,3,1,0
BRDA:87,4,0,0
BRDA:87,4,1,8
BRDA:104,5,0,8
BRDA:104,5,1,0
BRDA:109,6,0,8
BRDA:109,6,1,0
BRDA:117,7,0,8
BRDA:117,7,1,8
BRDA:118,8,0,8
BRDA:118,8,1,0
BRDA:137,9,0,8
BRDA:137,9,1,0
BRDA:140,10,0,0
BRDA:140,10,1,8
BRDA:142,11,0,0
BRDA:142,11,1,8
BRDA:142,12,0,8
BRDA:142,12,1,8
BRDA:154,13,0,0
BRDA:154,13,1,0
BRDA:155,14,0,0
BRDA:155,14,1,0
BRDA:158,15,0,0
BRDA:158,15,1,8
BRDA:192,16,0,8
BRDA:192,16,1,0
BRDA:193,17,0,0
BRDA:193,17,1,8
BRDA:195,18,0,0
BRDA:195,18,1,8
BRDA:197,19,0,2
BRDA:197,19,1,6
BRDA:199,20,0,2
BRDA:199,20,1,4
BRDA:206,21,0,6
BRDA:206,21,1,2
BRDA:210,22,0,6
BRDA:210,22,1,2
BRDA:215,23,0,8
BRDA:215,23,1,0
BRDA:222,24,0,0
BRDA:222,24,1,8
BRDA:227,25,0,4
BRDA:227,25,1,4
BRDA:227,26,0,8
BRDA:227,26,1,6
BRDA:227,26,2,6
BRDA:227,26,3,2
BRDA:230,27,0,0
BRDA:230,27,1,4
BRDA:232,28,0,2
BRDA:232,28,1,2
BRDA:242,29,0,0
BRDA:242,29,1,2
BRDA:247,30,0,0
BRDA:247,30,1,2
BRDA:256,31,0,2
BRDA:256,31,1,0
BRDA:256,32,0,2
BRDA:256,32,1,0
BRDA:261,33,0,0
BRDA:261,33,1,2
BRDA:288,34,0,2
BRDA:288,34,1,0
BRDA:333,35,0,1
BRDA:338,36,0,0
BRDA:339,37,0,0
BRDA:339,37,1,0
BRDA:339,37,2,0
BRDA:351,38,0,0
BRF:78
BRH:47
end_of_record
TN:
SF:src/BigCalendar/components/Date/BackgroundCells.js
FN:13,(anonymous_0)
FN:21,(anonymous_1)
FN:25,(anonymous_2)
FN:29,(anonymous_3)
FN:35,(anonymous_4)
FN:42,(anonymous_5)
FN:51,(anonymous_6)
FN:67,(anonymous_7)
FN:80,(anonymous_8)
FN:84,(anonymous_9)
FN:92,(anonymous_10)
FN:112,(anonymous_11)
FN:116,(anonymous_12)
FN:138,(anonymous_13)
FN:144,(anonymous_14)
FN:165,(anonymous_15)
FN:187,(anonymous_16)
FN:193,(anonymous_17)
FN:195,(anonymous_18)
FN:197,(anonymous_19)
FN:205,(anonymous_20)
FN:211,(anonymous_21)
FNF:22
FNH:7
FNDA:64,(anonymous_0)
FNDA:64,(anonymous_1)
FNDA:64,(anonymous_2)
FNDA:12,(anonymous_3)
FNDA:0,(anonymous_4)
FNDA:0,(anonymous_5)
FNDA:76,(anonymous_6)
FNDA:0,(anonymous_7)
FNDA:0,(anonymous_8)
FNDA:0,(anonymous_9)
FNDA:510,(anonymous_10)
FNDA:0,(anonymous_11)
FNDA:0,(anonymous_12)
FNDA:0,(anonymous_13)
FNDA:0,(anonymous_14)
FNDA:0,(anonymous_15)
FNDA:0,(anonymous_16)
FNDA:0,(anonymous_17)
FNDA:0,(anonymous_18)
FNDA:0,(anonymous_19)
FNDA:64,(anonymous_20)
FNDA:0,(anonymous_21)
DA:14,64
DA:16,64
DA:22,64
DA:26,64
DA:30,12
DA:32,12
DA:36,0
DA:37,0
DA:38,0
DA:43,0
DA:44,0
DA:45,0
DA:46,0
DA:47,0
DA:62,76
DA:64,76
DA:65,76
DA:67,76
DA:68,0
DA:69,0
DA:71,0
DA:72,0
DA:73,0
DA:75,0
DA:78,76
DA:80,76
DA:81,0
DA:82,0
DA:83,0
DA:84,0
DA:85,0
DA:86,0
DA:90,76
DA:93,510
DA:94,510
DA:96,510
DA:97,510
DA:99,510
DA:101,510
DA:103,510
DA:112,0
DA:116,0
DA:139,0
DA:140,0
DA:144,0
DA:145,0
DA:146,0
DA:147,0
DA:149,0
DA:150,0
DA:152,0
DA:161,0
DA:162,0
DA:165,0
DA:166,0
DA:168,0
DA:169,0
DA:171,0
DA:172,0
DA:173,0
DA:175,0
DA:176,0
DA:177,0
DA:180,0
DA:187,0
DA:188,0
DA:190,0
DA:193,0
DA:195,0
DA:197,0
DA:198,0
DA:199,0
DA:200,0
DA:201,0
DA:206,64
DA:207,0
DA:208,0
DA:212,0
DA:213,0
DA:225,1
LF:80
LH:22
BRDA:22,0,0,64
BRDA:22,0,1,0
BRDA:30,1,0,0
BRDA:30,1,1,12
BRDA:30,2,0,12
BRDA:30,2,1,0
BRDA:32,3,0,0
BRDA:32,3,1,12
BRDA:32,4,0,12
BRDA:32,4,1,12
BRDA:37,5,0,0
BRDA:37,5,1,0
BRDA:46,6,0,0
BRDA:46,6,1,0
BRDA:85,7,0,0
BRDA:85,7,1,0
BRDA:93,8,0,510
BRDA:93,8,1,0
BRDA:93,8,2,0
BRDA:96,9,0,510
BRDA:96,9,1,0
BRDA:110,10,0,510
BRDA:110,10,1,494
BRDA:114,11,0,0
BRDA:114,11,1,510
BRDA:127,12,0,0
BRDA:127,12,1,0
BRDA:145,13,0,0
BRDA:145,13,1,0
BRDA:149,14,0,0
BRDA:149,14,1,0
BRDA:171,15,0,0
BRDA:171,15,1,0
BRDA:175,16,0,0
BRDA:175,16,1,0
BRDA:188,17,0,0
BRDA:188,17,1,0
BRDA:206,18,0,64
BRDA:206,18,1,0
BRDA:212,19,0,0
BRDA:212,19,1,0
BRDA:212,20,0,0
BRDA:212,20,1,0
BRDA:213,21,0,0
BRDA:213,21,1,0
BRF:45
BRH:12
end_of_record
TN:
SF:src/BigCalendar/components/Date/DateContentRow.js
FN:17,(anonymous_0)
FN:23,(anonymous_1)
FN:29,(anonymous_2)
FN:41,(anonymous_3)
FN:45,(anonymous_4)
FN:49,(anonymous_5)
FN:54,(anonymous_6)
FN:62,(anonymous_7)
FN:75,(anonymous_8)
FN:98,(anonymous_9)
FN:146,(anonymous_10)
FN:229,(anonymous_11)
FNF:12
FNH:9
FNDA:55,(anonymous_0)
FNDA:0,(anonymous_1)
FNDA:0,(anonymous_2)
FNDA:252,(anonymous_3)
FNDA:124,(anonymous_4)
FNDA:0,(anonymous_5)
FNDA:12,(anonymous_6)
FNDA:944,(anonymous_7)
FNDA:62,(anonymous_8)
FNDA:138,(anonymous_9)
FNDA:31,(anonymous_10)
FNDA:35,(anonymous_11)
DA:18,55
DA:20,54
DA:23,54
DA:24,0
DA:26,0
DA:29,54
DA:30,0
DA:31,0
DA:32,0
DA:35,0
DA:37,0
DA:38,0
DA:41,54
DA:42,252
DA:45,54
DA:46,124
DA:49,54
DA:50,0
DA:51,0
DA:55,12
DA:56,12
DA:57,12
DA:59,12
DA:62,54
DA:63,944
DA:64,944
DA:65,944
DA:67,944
DA:75,54
DA:76,62
DA:77,62
DA:78,62
DA:128,138
DA:130,138
DA:141,138
DA:143,76
DA:144,76
DA:146,76
DA:147,31
DA:148,0
DA:150,31
DA:154,76
DA:159,76
DA:161,76
DA:162,76
DA:164,76
DA:188,76
DA:230,35
DA:257,1
DA:289,1
LF:50
LH:39
BRDA:35,0,0,0
BRDA:35,0,1,0
BRDA:51,1,0,0
BRDA:51,1,1,0
BRDA:56,2,0,12
BRDA:56,2,1,0
BRDA:81,3,0,62
BRDA:81,3,1,62
BRDA:141,4,0,62
BRDA:141,4,1,76
BRDA:147,5,0,0
BRDA:147,5,1,31
BRDA:156,6,0,0
BRDA:156,6,1,76
BRDA:156,7,0,76
BRDA:156,7,1,72
BRDA:161,8,0,0
BRDA:161,8,1,76
BRDA:189,9,0,76
BRDA:189,9,1,76
BRDA:214,10,0,0
BRDA:214,10,1,76
BRDA:218,11,0,76
BRDA:218,11,1,0
BRDA:242,12,0,76
BRDA:242,12,1,0
BRF:26
BRH:15
end_of_record
TN:
SF:src/BigCalendar/components/DayView/DayColumn.js
FN:25,(anonymous_0)
FN:31,(anonymous_1)
FN:39,(anonymous_2)
FN:44,(anonymous_3)
FN:51,(anonymous_4)
FN:78,(anonymous_5)
FN:83,(anonymous_6)
FN:90,(anonymous_7)
FN:95,(anonymous_8)
FN:108,(anonymous_9)
FN:144,(anonymous_10)
FN:185,(anonymous_11)
FN:212,(anonymous_12)
FN:243,(anonymous_13)
FN:244,(anonymous_14)
FN:246,(anonymous_15)
FN:253,(anonymous_16)
FN:256,(anonymous_17)
FN:260,(anonymous_18)
FN:284,(anonymous_19)
FN:312,(anonymous_20)
FN:328,(anonymous_21)
FN:334,(anonymous_22)
FN:336,(anonymous_23)
FN:338,(anonymous_24)
FN:345,(anonymous_25)
FN:352,(anonymous_26)
FN:358,(anonymous_27)
FN:378,(anonymous_28)
FN:382,(anonymous_29)
FN:386,(anonymous_30)
FNF:31
FNH:10
FNDA:8,(anonymous_0)
FNDA:8,(anonymous_1)
FNDA:8,(anonymous_2)
FNDA:8,(anonymous_3)
FNDA:8,(anonymous_4)
FNDA:0,(anonymous_5)
FNDA:0,(anonymous_6)
FNDA:8,(anonymous_7)
FNDA:0,(anonymous_8)
FNDA:16,(anonymous_9)
FNDA:384,(anonymous_10)
FNDA:32,(anonymous_11)
FNDA:0,(anonymous_12)
FNDA:0,(anonymous_13)
FNDA:0,(anonymous_14)
FNDA:0,(anonymous_15)
FNDA:0,(anonymous_16)
FNDA:0,(anonymous_17)
FNDA:0,(anonymous_18)
FNDA:0,(anonymous_19)
FNDA:0,(anonymous_20)
FNDA:0,(anonymous_21)
FNDA:0,(anonymous_22)
FNDA:0,(anonymous_23)
FNDA:0,(anonymous_24)
FNDA:0,(anonymous_25)
FNDA:8,(anonymous_26)
FNDA:0,(anonymous_27)
FNDA:0,(anonymous_28)
FNDA:0,(anonymous_29)
FNDA:0,(anonymous_30)
DA:21,8
DA:23,8
DA:26,8
DA:28,8
DA:32,8
DA:34,8
DA:35,0
DA:40,8
DA:41,8
DA:45,8
DA:46,8
DA:48,8
DA:52,8
DA:53,8
DA:55,8
DA:56,0
DA:58,0
DA:60,0
DA:64,0
DA:66,8
DA:70,0
DA:79,0
DA:80,0
DA:83,0
DA:84,0
DA:85,0
DA:86,0
DA:91,8
DA:92,8
DA:96,0
DA:97,0
DA:99,0
DA:100,0
DA:101,0
DA:102,0
DA:104,0
DA:119,16
DA:121,16
DA:122,16
DA:124,16
DA:126,16
DA:128,16
DA:130,16
DA:145,384
DA:185,8
DA:197,32
DA:199,32
DA:200,32
DA:202,32
DA:212,32
DA:213,0
DA:214,0
DA:215,0
DA:218,0
DA:219,0
DA:221,0
DA:222,0
DA:224,0
DA:225,0
DA:227,0
DA:228,0
DA:230,0
DA:243,0
DA:244,0
DA:246,0
DA:253,8
DA:254,0
DA:255,0
DA:256,0
DA:260,0
DA:261,0
DA:262,0
DA:263,0
DA:264,0
DA:266,0
DA:267,0
DA:272,0
DA:275,0
DA:280,0
DA:284,0
DA:285,0
DA:287,0
DA:288,0
DA:291,0
DA:292,0
DA:293,0
DA:294,0
DA:295,0
DA:298,0
DA:303,0
DA:312,0
DA:313,0
DA:314,0
DA:315,0
DA:322,0
DA:325,0
DA:326,0
DA:328,0
DA:329,0
DA:331,0
DA:334,0
DA:336,0
DA:338,0
DA:339,0
DA:340,0
DA:341,0
DA:345,0
DA:346,0
DA:347,0
DA:352,8
DA:353,8
DA:354,0
DA:355,0
DA:358,8
DA:359,0
DA:360,0
DA:362,0
DA:363,0
DA:364,0
DA:367,0
DA:378,8
DA:379,0
DA:382,8
DA:383,0
DA:386,8
DA:387,0
DA:391,1
DA:431,1
LF:128
LH:40
BRDA:32,0,0,8
BRDA:32,0,1,0
BRDA:34,1,0,0
BRDA:34,1,1,8
BRDA:45,2,0,0
BRDA:45,2,1,8
BRDA:45,3,0,8
BRDA:45,3,1,0
BRDA:46,4,0,0
BRDA:46,4,1,8
BRDA:46,5,0,8
BRDA:46,5,1,8
BRDA:55,6,0,0
BRDA:55,6,1,8
BRDA:55,7,0,8
BRDA:55,7,1,8
BRDA:58,8,0,0
BRDA:58,8,1,0
BRDA:60,9,0,0
BRDA:60,9,1,0
BRDA:60,9,2,0
BRDA:66,10,0,0
BRDA:66,10,1,8
BRDA:67,11,0,8
BRDA:67,11,1,0
BRDA:67,11,2,0
BRDA:78,12,0,0
BRDA:79,13,0,0
BRDA:79,13,1,0
BRDA:79,14,0,0
BRDA:79,14,1,0
BRDA:99,15,0,0
BRDA:99,15,1,0
BRDA:99,16,0,0
BRDA:99,16,1,0
BRDA:128,17,0,16
BRDA:128,17,1,16
BRDA:138,18,0,16
BRDA:138,18,1,0
BRDA:139,19,0,16
BRDA:139,19,1,0
BRDA:140,20,0,16
BRDA:140,20,1,0
BRDA:161,21,0,16
BRDA:161,21,1,0
BRDA:170,22,0,16
BRDA:170,22,1,0
BRDA:175,23,0,16
BRDA:175,23,1,0
BRDA:175,23,2,0
BRDA:206,24,0,0
BRDA:206,24,1,32
BRDA:221,25,0,0
BRDA:221,25,1,0
BRDA:222,26,0,0
BRDA:222,26,1,0
BRDA:224,27,0,0
BRDA:224,27,1,0
BRDA:224,28,0,0
BRDA:224,28,1,0
BRDA:227,29,0,0
BRDA:227,29,1,0
BRDA:228,30,0,0
BRDA:228,30,1,0
BRDA:262,31,0,0
BRDA:262,31,1,0
BRDA:266,32,0,0
BRDA:266,32,1,0
BRDA:267,33,0,0
BRDA:267,33,1,0
BRDA:268,34,0,0
BRDA:268,34,1,0
BRDA:268,34,2,0
BRDA:275,35,0,0
BRDA:275,35,1,0
BRDA:276,36,0,0
BRDA:276,36,1,0
BRDA:276,36,2,0
BRDA:287,37,0,0
BRDA:287,37,1,0
BRDA:292,38,0,0
BRDA:292,38,1,0
BRDA:294,39,0,0
BRDA:294,39,1,0
BRDA:313,40,0,0
BRDA:313,40,1,0
BRDA:329,41,0,0
BRDA:329,41,1,0
BRDA:339,42,0,0
BRDA:339,42,1,0
BRDA:346,43,0,0
BRDA:346,43,1,0
BRDA:353,44,0,8
BRDA:353,44,1,0
BRF:94
BRH:22
end_of_record
TN:
SF:src/BigCalendar/components/DayView/DayEventLayout.js
FN:11,isFunction
FN:16,getStyledEvents
FNF:2
FNH:2
FNDA:32,isFunction
FNDA:32,getStyledEvents
DA:6,1
DA:12,32
DA:20,32
DA:22,32
DA:24,32
DA:26,0
DA:29,32
LF:7
LH:6
BRDA:12,0,0,32
BRDA:12,0,1,32
BRDA:12,0,2,32
BRDA:12,0,3,32
BRDA:22,1,0,32
BRDA:22,1,1,0
BRDA:24,2,0,0
BRDA:24,2,1,32
BRF:8
BRH:6
end_of_record
TN:
SF:src/BigCalendar/components/DayView/DayView.js
FN:9,(anonymous_0)
FN:47,(anonymous_1)
FN:51,(anonymous_2)
FN:64,(anonymous_3)
FNF:4
FNH:3
FNDA:1,(anonymous_0)
FNDA:2,(anonymous_1)
FNDA:0,(anonymous_2)
FNDA:1,(anonymous_3)
DA:22,1
DA:23,1
DA:25,1
DA:39,1
DA:47,1
DA:48,2
DA:51,1
DA:52,0
DA:54,0
DA:57,0
DA:60,0
DA:64,1
LF:12
LH:8
BRDA:18,0,0,1
BRDA:19,1,0,1
BRDA:20,2,0,0
BRDA:52,3,0,0
BRDA:52,3,1,0
BRDA:52,3,2,0
BRF:6
BRH:2
end_of_record
TN:
SF:src/BigCalendar/components/DayView/layout-algorithms/no-overlap.js
FN:4,getMaxIdxDFS
FN:16,(anonymous_1)
FN:24,(anonymous_2)
FNF:3
FNH:0
FNDA:0,getMaxIdxDFS
FNDA:0,(anonymous_1)
FNDA:0,(anonymous_2)
DA:5,0
DA:6,0
DA:7,0
DA:9,0
DA:10,0
DA:11,0
DA:13,0
DA:17,0
DA:24,0
DA:25,0
DA:26,0
DA:27,0
DA:28,0
DA:31,0
DA:32,0
DA:33,0
DA:34,0
DA:35,0
DA:36,0
DA:39,0
DA:40,0
DA:41,0
DA:42,0
DA:44,0
DA:45,0
DA:46,0
DA:47,0
DA:50,0
DA:52,0
DA:53,0
DA:58,0
DA:59,0
DA:60,0
DA:61,0
DA:63,0
DA:64,0
DA:66,0
DA:69,0
DA:70,0
DA:72,0
DA:74,0
DA:75,0
DA:76,0
DA:77,0
DA:79,0
DA:82,0
DA:83,0
DA:84,0
DA:87,0
DA:88,0
DA:89,0
DA:90,0
DA:92,0
DA:97,0
DA:98,0
DA:99,0
DA:100,0
DA:103,0
LF:58
LH:0
BRDA:6,0,0,0
BRDA:6,0,1,0
BRDA:7,1,0,0
BRDA:7,1,1,0
BRDA:11,2,0,0
BRDA:11,2,1,0
BRDA:27,3,0,0
BRDA:27,3,1,0
BRDA:27,4,0,0
BRDA:27,4,1,0
BRDA:28,5,0,0
BRDA:28,5,1,0
BRDA:50,6,0,0
BRDA:50,6,1,0
BRDA:50,7,0,0
BRDA:50,7,1,0
BRDA:50,7,2,0
BRDA:50,7,3,0
BRDA:64,8,0,0
BRDA:64,8,1,0
BRDA:72,9,0,0
BRDA:72,9,1,0
BRDA:90,10,0,0
BRDA:90,10,1,0
BRDA:92,11,0,0
BRDA:92,11,1,0
BRDA:97,12,0,0
BRDA:97,12,1,0
BRF:28
BRH:0
end_of_record
TN:
SF:src/BigCalendar/components/DayView/layout-algorithms/overlap.js
FN:4,(anonymous_0)
FN:22,(anonymous_1)
FN:28,(anonymous_2)
FN:51,(anonymous_3)
FN:71,(anonymous_4)
FN:88,onSameRow
FN:97,sortByRender
FN:98,(anonymous_7)
FN:127,getStyledEvents
FN:136,(anonymous_9)
FN:148,(anonymous_10)
FN:182,(anonymous_11)
FNF:12
FNH:2
FNDA:0,(anonymous_0)
FNDA:0,(anonymous_1)
FNDA:0,(anonymous_2)
FNDA:0,(anonymous_3)
FNDA:0,(anonymous_4)
FNDA:0,onSameRow
FNDA:32,sortByRender
FNDA:0,(anonymous_7)
FNDA:32,getStyledEvents
FNDA:0,(anonymous_9)
FNDA:0,(anonymous_10)
FNDA:0,(anonymous_11)
DA:5,0
DA:10,0
DA:11,0
DA:12,0
DA:13,0
DA:14,0
DA:15,0
DA:16,0
DA:25,0
DA:27,0
DA:28,0
DA:32,0
DA:35,0
DA:39,0
DA:40,0
DA:44,0
DA:52,0
DA:53,0
DA:56,0
DA:57,0
DA:61,0
DA:62,0
DA:66,0
DA:67,0
DA:68,0
DA:73,0
DA:76,0
DA:79,0
DA:80,0
DA:81,0
DA:89,0
DA:98,32
DA:100,32
DA:101,32
DA:102,0
DA:103,0
DA:105,0
DA:106,0
DA:109,0
DA:114,0
DA:115,0
DA:116,0
DA:120,0
DA:124,32
DA:136,32
DA:137,32
DA:142,32
DA:143,32
DA:144,0
DA:147,0
DA:148,0
DA:152,0
DA:153,0
DA:154,0
DA:155,0
DA:159,0
DA:163,0
DA:164,0
DA:165,0
DA:166,0
DA:170,0
DA:172,0
DA:173,0
DA:176,0
DA:177,0
DA:182,32
LF:66
LH:9
BRDA:25,0,0,0
BRDA:25,0,1,0
BRDA:39,1,0,0
BRDA:39,1,1,0
BRDA:56,2,0,0
BRDA:56,2,1,0
BRDA:61,3,0,0
BRDA:61,3,1,0
BRDA:62,4,0,0
BRDA:62,4,1,0
BRDA:68,5,0,0
BRDA:68,5,1,0
BRDA:73,6,0,0
BRDA:73,6,1,0
BRDA:76,7,0,0
BRDA:76,7,1,0
BRDA:91,8,0,0
BRDA:91,8,1,0
BRDA:91,8,2,0
BRDA:109,9,0,0
BRDA:109,9,1,0
BRDA:114,10,0,0
BRDA:114,10,1,0
BRDA:148,11,0,0
BRDA:148,11,1,0
BRDA:152,12,0,0
BRDA:152,12,1,0
BRDA:164,13,0,0
BRDA:164,13,1,0
BRDA:165,14,0,0
BRDA:165,14,1,0
BRDA:170,15,0,0
BRDA:170,15,1,0
BRF:33
BRH:0
end_of_record
TN:
SF:src/BigCalendar/components/Event/EventCell.js
FN:12,eventCellStylesRoot
FN:91,eventCellStylesIcon
FN:108,(anonymous_2)
FN:160,(anonymous_3)
FN:276,sameDay
FN:284,EventCell
FN:418,(anonymous_6)
FN:481,(anonymous_7)
FN:486,(anonymous_8)
FN:491,(anonymous_9)
FN:532,(anonymous_10)
FNF:11
FNH:8
FNDA:39,eventCellStylesRoot
FNDA:39,eventCellStylesIcon
FNDA:62,(anonymous_2)
FNDA:31,(anonymous_3)
FNDA:31,sameDay
FNDA:32,EventCell
FNDA:31,(anonymous_6)
FNDA:1,(anonymous_7)
FNDA:0,(anonymous_8)
FNDA:0,(anonymous_9)
FNDA:0,(anonymous_10)
DA:10,1
DA:30,39
DA:70,39
DA:71,0
DA:75,39
DA:76,0
DA:77,0
DA:88,39
DA:92,39
DA:108,1
DA:109,62
DA:111,62
DA:121,62
DA:159,1
DA:179,31
DA:197,31
DA:198,31
DA:199,31
DA:208,31
DA:209,31
DA:210,31
DA:211,0
DA:213,31
DA:214,0
DA:218,31
DA:277,31
DA:306,32
DA:307,31
DA:309,31
DA:311,31
DA:312,31
DA:313,31
DA:314,31
DA:315,31
DA:316,31
DA:317,31
DA:318,31
DA:321,31
DA:323,31
DA:325,31
DA:329,31
DA:330,31
DA:332,31
DA:333,31
DA:335,31
DA:336,31
DA:338,31
DA:357,31
DA:383,31
DA:384,0
DA:385,31
DA:386,0
DA:389,31
DA:390,31
DA:392,31
DA:393,28
DA:394,26
DA:400,28
DA:401,25
DA:408,3
DA:412,31
DA:418,31
DA:467,31
DA:468,31
DA:471,31
DA:482,1
DA:483,1
DA:487,0
DA:488,0
DA:492,0
DA:493,0
DA:503,31
DA:511,31
DA:512,31
DA:513,0
DA:514,0
DA:515,0
DA:516,0
DA:517,0
DA:520,0
DA:521,0
DA:522,0
DA:523,0
DA:525,0
DA:528,31
DA:533,0
DA:563,1
LF:87
LH:65
BRDA:15,0,0,39
BRDA:16,1,0,39
BRDA:17,2,0,39
BRDA:34,3,0,28
BRDA:34,3,1,11
BRDA:35,4,0,0
BRDA:35,4,1,28
BRDA:37,5,0,28
BRDA:37,5,1,0
BRDA:41,6,0,31
BRDA:41,6,1,8
BRDA:42,7,0,31
BRDA:42,7,1,8
BRDA:45,8,0,0
BRDA:45,8,1,39
BRDA:45,9,0,39
BRDA:45,9,1,0
BRDA:46,10,0,0
BRDA:46,10,1,0
BRDA:46,11,0,0
BRDA:46,11,1,0
BRDA:47,12,0,0
BRDA:47,12,1,0
BRDA:49,13,0,39
BRDA:49,13,1,39
BRDA:49,14,0,31
BRDA:49,14,1,8
BRDA:51,15,0,0
BRDA:51,15,1,39
BRDA:51,16,0,39
BRDA:51,16,1,39
BRDA:51,16,2,39
BRDA:51,16,3,0
BRDA:52,17,0,0
BRDA:52,17,1,0
BRDA:53,18,0,31
BRDA:53,18,1,8
BRDA:55,19,0,39
BRDA:55,19,1,0
BRDA:55,19,2,0
BRDA:55,20,0,0
BRDA:55,20,1,0
BRDA:56,21,0,39
BRDA:56,21,1,0
BRDA:56,21,2,0
BRDA:56,22,0,0
BRDA:56,22,1,0
BRDA:57,23,0,39
BRDA:57,23,1,0
BRDA:57,23,2,0
BRDA:57,24,0,0
BRDA:57,24,1,0
BRDA:58,25,0,39
BRDA:58,25,1,0
BRDA:58,25,2,0
BRDA:58,26,0,0
BRDA:58,26,1,0
BRDA:60,27,0,39
BRDA:60,27,1,0
BRDA:60,27,2,0
BRDA:60,27,3,0
BRDA:62,28,0,0
BRDA:62,28,1,0
BRDA:62,29,0,0
BRDA:62,29,1,0
BRDA:63,30,0,39
BRDA:63,30,1,0
BRDA:64,31,0,39
BRDA:64,31,1,39
BRDA:64,31,2,39
BRDA:66,32,0,39
BRDA:66,32,1,0
BRDA:66,32,2,0
BRDA:67,33,0,39
BRDA:67,33,1,0
BRDA:67,33,2,0
BRDA:70,34,0,0
BRDA:70,34,1,39
BRDA:70,35,0,39
BRDA:70,35,1,0
BRDA:71,36,0,0
BRDA:71,36,1,0
BRDA:71,37,0,0
BRDA:71,37,1,0
BRDA:72,38,0,0
BRDA:72,38,1,0
BRDA:75,39,0,0
BRDA:75,39,1,39
BRDA:75,40,0,39
BRDA:75,40,1,0
BRDA:94,41,0,31
BRDA:94,41,1,8
BRDA:95,42,0,31
BRDA:95,42,1,8
BRDA:114,43,0,62
BRDA:114,43,1,0
BRDA:115,44,0,62
BRDA:115,44,1,0
BRDA:117,45,0,0
BRDA:117,45,1,62
BRDA:123,46,0,0
BRDA:123,46,1,62
BRDA:125,47,0,62
BRDA:125,47,1,0
BRDA:126,48,0,62
BRDA:126,48,1,0
BRDA:130,49,0,0
BRDA:130,49,1,62
BRDA:131,50,0,0
BRDA:131,50,1,0
BRDA:134,51,0,0
BRDA:134,51,1,62
BRDA:135,52,0,0
BRDA:135,52,1,0
BRDA:139,53,0,0
BRDA:139,53,1,62
BRDA:141,54,0,0
BRDA:141,54,1,62
BRDA:142,55,0,0
BRDA:142,55,1,62
BRDA:147,56,0,0
BRDA:147,56,1,62
BRDA:147,57,0,0
BRDA:147,57,1,62
BRDA:153,58,0,0
BRDA:153,58,1,62
BRDA:153,59,0,0
BRDA:153,59,1,62
BRDA:198,60,0,31
BRDA:198,60,1,0
BRDA:210,61,0,0
BRDA:210,61,1,31
BRDA:213,62,0,0
BRDA:213,62,1,31
BRDA:278,63,0,31
BRDA:278,63,1,31
BRDA:278,63,2,31
BRDA:316,64,0,31
BRDA:316,64,1,29
BRDA:317,65,0,31
BRDA:317,65,1,31
BRDA:321,66,0,31
BRDA:321,66,1,31
BRDA:321,66,2,19
BRDA:329,67,0,31
BRDA:329,67,1,0
BRDA:335,68,0,31
BRDA:335,68,1,0
BRDA:336,69,0,31
BRDA:336,69,1,31
BRDA:340,70,0,31
BRDA:340,70,1,31
BRDA:341,71,0,31
BRDA:341,71,1,31
BRDA:344,72,0,31
BRDA:344,72,1,31
BRDA:345,73,0,31
BRDA:345,73,1,31
BRDA:347,74,0,31
BRDA:347,74,1,3
BRDA:347,74,2,28
BRDA:353,75,0,31
BRDA:353,75,1,31
BRDA:353,75,2,0
BRDA:358,76,0,31
BRDA:358,76,1,31
BRDA:360,77,0,31
BRDA:360,77,1,0
BRDA:360,78,0,31
BRDA:360,78,1,31
BRDA:380,79,0,31
BRDA:380,79,1,0
BRDA:383,80,0,0
BRDA:383,80,1,31
BRDA:385,81,0,0
BRDA:385,81,1,31
BRDA:385,82,0,31
BRDA:385,82,1,31
BRDA:392,83,0,28
BRDA:392,83,1,3
BRDA:393,84,0,26
BRDA:393,84,1,2
BRDA:393,85,0,28
BRDA:393,85,1,26
BRDA:393,85,2,26
BRDA:400,86,0,25
BRDA:400,86,1,3
BRDA:400,87,0,28
BRDA:400,87,1,25
BRDA:415,88,0,31
BRDA:415,88,1,0
BRDA:423,89,0,25
BRDA:423,89,1,6
BRDA:428,90,0,0
BRDA:428,90,1,31
BRDA:441,91,0,0
BRDA:441,91,1,31
BRDA:445,92,0,0
BRDA:445,92,1,31
BRDA:445,93,0,31
BRDA:445,93,1,31
BRDA:451,94,0,29
BRDA:451,94,1,2
BRDA:467,95,0,31
BRDA:467,95,1,0
BRDA:468,96,0,31
BRDA:468,96,1,0
BRDA:482,97,0,1
BRDA:482,97,1,0
BRDA:483,98,0,1
BRDA:483,98,1,1
BRDA:487,99,0,0
BRDA:487,99,1,0
BRDA:488,100,0,0
BRDA:488,100,1,0
BRDA:492,101,0,0
BRDA:492,101,1,0
BRDA:493,102,0,0
BRDA:493,102,1,0
BRDA:497,103,0,0
BRDA:497,103,1,31
BRDA:497,104,0,0
BRDA:497,104,1,31
BRDA:498,105,0,31
BRDA:498,105,1,0
BRDA:498,105,2,0
BRDA:499,106,0,31
BRDA:499,106,1,0
BRDA:499,106,2,0
BRDA:503,107,0,0
BRDA:503,107,1,31
BRDA:512,108,0,0
BRDA:512,108,1,31
BRDA:513,109,0,0
BRDA:513,109,1,0
BRDA:514,110,0,0
BRDA:514,110,1,0
BRDA:516,111,0,0
BRDA:516,111,1,0
BRDA:522,112,0,0
BRDA:522,112,1,0
BRDA:530,113,0,0
BRDA:530,113,1,31
BRF:243
BRH:130
end_of_record
TN:
SF:src/BigCalendar/components/Event/EventEndingRow.js
FN:9,(anonymous_0)
FN:10,(anonymous_1)
FN:11,(anonymous_2)
FN:14,(anonymous_3)
FN:29,(anonymous_4)
FN:68,(anonymous_5)
FN:71,(anonymous_6)
FN:78,(anonymous_7)
FN:87,(anonymous_8)
FN:96,(anonymous_9)
FNF:10
FNH:0
FNDA:0,(anonymous_0)
FNDA:0,(anonymous_1)
FNDA:0,(anonymous_2)
FNDA:0,(anonymous_3)
FNDA:0,(anonymous_4)
FNDA:0,(anonymous_5)
FNDA:0,(anonymous_6)
FNDA:0,(anonymous_7)
FNDA:0,(anonymous_8)
FNDA:0,(anonymous_9)
DA:9,1
DA:10,1
DA:11,0
DA:18,0
DA:19,0
DA:21,0
DA:22,0
DA:23,0
DA:25,0
DA:26,0
DA:29,0
DA:31,0
DA:32,0
DA:34,0
DA:37,0
DA:39,0
DA:40,0
DA:42,0
DA:43,0
DA:46,0
DA:49,0
DA:51,0
DA:52,0
DA:55,0
DA:57,0
DA:61,0
DA:69,0
DA:71,0
DA:72,0
DA:74,0
DA:79,0
DA:80,0
DA:82,0
DA:87,0
DA:97,0
DA:98,0
DA:99,0
DA:103,1
DA:110,1
LF:39
LH:4
BRDA:9,0,0,0
BRDA:9,0,1,0
BRDA:29,1,0,0
BRDA:29,1,1,0
BRDA:31,2,0,0
BRDA:31,2,1,0
BRDA:39,3,0,0
BRDA:39,3,1,0
BRDA:42,4,0,0
BRDA:42,4,1,0
BRDA:51,5,0,0
BRDA:51,5,1,0
BRDA:82,6,0,0
BRDA:82,6,1,0
BRF:14
BRH:0
end_of_record
TN:
SF:src/BigCalendar/components/Event/EventRow.js
FN:7,EventRow
FN:20,(anonymous_1)
FNF:2
FNH:2
FNDA:36,EventRow
FNDA:31,(anonymous_1)
DA:16,36
DA:18,35
DA:20,35
DA:21,31
DA:22,31
DA:23,31
DA:24,0
DA:26,0
DA:27,0
DA:30,0
DA:33,0
DA:34,0
DA:35,0
DA:36,0
DA:39,0
DA:41,0
DA:43,0
DA:45,0
DA:46,0
DA:61,31
DA:62,31
DA:63,31
DA:70,31
DA:72,31
DA:75,35
DA:80,1
DA:85,1
LF:27
LH:14
BRDA:23,0,0,0
BRDA:23,0,1,31
BRDA:28,1,0,0
BRDA:28,1,1,0
BRDA:31,2,0,0
BRDA:31,2,1,0
BRDA:35,3,0,0
BRDA:35,3,1,0
BRDA:62,4,0,16
BRDA:62,4,1,15
BRF:10
BRH:3
end_of_record
TN:
SF:src/BigCalendar/components/Event/EventRowMixin.js
FN:33,(anonymous_0)
FN:75,(anonymous_1)
FNF:2
FNH:2
FNDA:31,(anonymous_0)
FNDA:47,(anonymous_1)
DA:9,1
DA:46,31
DA:48,31
DA:49,31
DA:51,31
DA:76,47
DA:78,47
DA:79,47
DA:81,47
DA:89,47
DA:90,0
DA:91,0
DA:92,0
DA:93,0
DA:94,0
DA:97,47
DA:98,31
DA:99,31
DA:100,31
DA:101,0
DA:102,0
DA:126,0
DA:129,31
DA:130,0
DA:131,0
DA:132,0
DA:133,0
DA:134,0
DA:135,0
DA:136,0
DA:137,0
DA:138,0
DA:152,0
DA:153,0
DA:154,0
DA:155,0
DA:156,0
DA:157,0
DA:158,0
DA:160,0
DA:161,0
DA:172,0
DA:183,0
DA:197,0
DA:199,0
DA:212,47
LF:46
LH:16
BRDA:75,0,0,16
BRDA:75,1,0,16
BRDA:78,2,0,47
BRDA:78,2,1,0
BRDA:78,2,2,0
BRDA:79,3,0,47
BRDA:79,3,1,0
BRDA:79,3,2,0
BRDA:85,4,0,47
BRDA:85,4,1,47
BRDA:85,4,2,0
BRDA:86,5,0,47
BRDA:86,5,1,0
BRDA:89,6,0,0
BRDA:89,6,1,47
BRDA:89,7,0,47
BRDA:89,7,1,0
BRDA:97,8,0,31
BRDA:97,8,1,16
BRDA:97,9,0,47
BRDA:97,9,1,31
BRDA:100,10,0,0
BRDA:100,10,1,31
BRDA:101,11,0,0
BRDA:101,11,1,0
BRDA:118,12,0,0
BRDA:118,12,1,0
BRDA:118,12,2,0
BRDA:119,13,0,0
BRDA:119,13,1,0
BRDA:129,14,0,0
BRDA:129,14,1,31
BRDA:133,15,0,0
BRDA:133,15,1,0
BRDA:137,16,0,0
BRDA:137,16,1,0
BRDA:144,17,0,0
BRDA:144,17,1,0
BRDA:144,17,2,0
BRDA:145,18,0,0
BRDA:145,18,1,0
BRDA:152,19,0,0
BRDA:152,19,1,0
BRDA:153,20,0,0
BRDA:153,20,1,0
BRDA:158,21,0,0
BRDA:158,21,1,0
BRDA:189,22,0,0
BRDA:189,22,1,0
BRDA:189,22,2,0
BRDA:190,23,0,0
BRDA:190,23,1,0
BRF:52
BRH:15
end_of_record
TN:
SF:src/BigCalendar/components/MonthRangeView/MonthRangeView.constants.js
FN:5,(anonymous_0)
FNF:1
FNH:0
FNDA:0,(anonymous_0)
DA:3,1
DA:8,1
LF:2
LH:2
BRF:0
BRH:0
end_of_record
TN:
SF:src/BigCalendar/components/MonthRangeView/MonthRangeView.js
FN:11,(anonymous_0)
FN:23,(anonymous_1)
FN:32,(anonymous_2)
FN:43,(anonymous_3)
FN:59,(anonymous_4)
FN:71,(anonymous_5)
FN:77,(anonymous_6)
FN:79,(anonymous_7)
FNF:8
FNH:0
FNDA:0,(anonymous_0)
FNDA:0,(anonymous_1)
FNDA:0,(anonymous_2)
FNDA:0,(anonymous_3)
FNDA:0,(anonymous_4)
FNDA:0,(anonymous_5)
FNDA:0,(anonymous_6)
FNDA:0,(anonymous_7)
DA:11,1
DA:12,0
DA:14,0
DA:15,0
DA:16,0
DA:17,0
DA:21,0
DA:23,0
DA:24,0
DA:30,0
DA:33,0
DA:34,0
DA:35,0
DA:36,0
DA:37,0
DA:38,0
DA:39,0
DA:40,0
DA:41,0
DA:43,0
DA:44,0
DA:45,0
DA:71,1
DA:72,0
DA:73,0
DA:74,0
DA:77,1
DA:79,1
DA:81,1
DA:82,1
LF:30
LH:6
BRDA:15,0,0,0
BRDA:15,0,1,0
BRDA:37,1,0,0
BRDA:37,1,1,0
BRDA:38,2,0,0
BRDA:38,2,1,0
BRDA:52,3,0,0
BRDA:52,3,1,0
BRF:8
BRH:0
end_of_record
TN:
SF:src/BigCalendar/components/MonthRangeView/MonthRangeView.styles.js
FN:4,(anonymous_0)
FNF:1
FNH:0
FNDA:0,(anonymous_0)
DA:4,1
LF:1
LH:1
BRDA:9,0,0,0
BRDA:9,0,1,0
BRDA:10,1,0,0
BRDA:10,1,1,0
BRDA:11,2,0,0
BRDA:11,2,1,0
BRDA:12,3,0,0
BRDA:12,3,1,0
BRDA:15,4,0,0
BRDA:15,4,1,0
BRDA:16,5,0,0
BRDA:16,5,1,0
BRDA:17,6,0,0
BRDA:17,6,1,0
BRF:14
BRH:0
end_of_record
TN:
SF:src/BigCalendar/components/MonthView/MonthView.js
FN:19,(anonymous_0)
FN:21,(anonymous_1)
FN:27,(anonymous_2)
FN:32,(anonymous_3)
FN:45,(anonymous_4)
FN:46,(anonymous_5)
FN:47,(anonymous_6)
FN:58,(anonymous_7)
FN:70,(anonymous_8)
FN:77,(anonymous_9)
FN:91,(anonymous_10)
FN:93,(anonymous_11)
FN:103,(anonymous_12)
FN:107,(anonymous_13)
FN:111,(anonymous_14)
FN:113,(anonymous_15)
FN:131,(anonymous_16)
FN:154,(anonymous_17)
FN:162,(anonymous_18)
FN:165,(anonymous_19)
FN:175,(anonymous_20)
FN:213,(anonymous_21)
FN:224,(anonymous_22)
FN:273,(anonymous_23)
FN:279,(anonymous_24)
FN:285,(anonymous_25)
FN:291,(anonymous_26)
FN:303,(anonymous_27)
FN:313,(anonymous_28)
FN:316,(anonymous_29)
FN:340,(anonymous_30)
FN:347,(anonymous_31)
FN:351,(anonymous_32)
FN:354,(anonymous_33)
FN:360,(anonymous_34)
FN:365,(anonymous_35)
FN:370,(anonymous_36)
FN:375,(anonymous_37)
FN:393,(anonymous_38)
FN:399,(anonymous_39)
FN:404,(anonymous_40)
FN:420,(anonymous_41)
FN:473,(anonymous_42)
FN:479,(anonymous_43)
FN:492,(anonymous_44)
FNF:45
FNH:24
FNDA:0,(anonymous_0)
FNDA:0,(anonymous_1)
FNDA:0,(anonymous_2)
FNDA:0,(anonymous_3)
FNDA:134,(anonymous_4)
FNDA:156,(anonymous_5)
FNDA:30,(anonymous_6)
FNDA:11,(anonymous_7)
FNDA:14,(anonymous_8)
FNDA:10,(anonymous_9)
FNDA:0,(anonymous_10)
FNDA:0,(anonymous_11)
FNDA:16,(anonymous_12)
FNDA:10,(anonymous_13)
FNDA:0,(anonymous_14)
FNDA:26,(anonymous_15)
FNDA:134,(anonymous_16)
FNDA:35,(anonymous_17)
FNDA:114,(anonymous_18)
FNDA:116,(anonymous_19)
FNDA:0,(anonymous_20)
FNDA:928,(anonymous_21)
FNDA:1072,(anonymous_22)
FNDA:0,(anonymous_23)
FNDA:26,(anonymous_24)
FNDA:7,(anonymous_25)
FNDA:180,(anonymous_26)
FNDA:0,(anonymous_27)
FNDA:0,(anonymous_28)
FNDA:0,(anonymous_29)
FNDA:12,(anonymous_30)
FNDA:0,(anonymous_31)
FNDA:0,(anonymous_32)
FNDA:0,(anonymous_33)
FNDA:1,(anonymous_34)
FNDA:0,(anonymous_35)
FNDA:0,(anonymous_36)
FNDA:0,(anonymous_37)
FNDA:0,(anonymous_38)
FNDA:0,(anonymous_39)
FNDA:0,(anonymous_40)
FNDA:1,(anonymous_41)
FNDA:2,(anonymous_42)
FNDA:1,(anonymous_43)
FNDA:24,(anonymous_44)
DA:19,1
DA:20,0
DA:21,0
DA:22,0
DA:27,0
DA:28,0
DA:29,0
DA:30,0
DA:32,0
DA:33,0
DA:34,0
DA:35,0
DA:37,0
DA:38,0
DA:39,0
DA:41,0
DA:45,1
DA:46,156
DA:47,134
DA:48,30
DA:49,30
DA:50,30
DA:51,24
DA:52,24
DA:53,24
DA:59,11
DA:61,10
DA:62,10
DA:63,10
DA:64,10
DA:71,14
DA:72,14
DA:80,10
DA:81,10
DA:82,10
DA:87,10
DA:89,10
DA:92,0
DA:93,0
DA:94,0
DA:95,0
DA:104,16
DA:108,10
DA:111,10
DA:114,26
DA:115,26
DA:116,26
DA:118,26
DA:120,26
DA:131,10
DA:148,134
DA:150,134
DA:151,134
DA:153,134
DA:154,35
DA:157,134
DA:158,134
DA:160,134
DA:161,134
DA:162,134
DA:163,134
DA:164,26
DA:165,116
DA:167,134
DA:168,134
DA:171,134
DA:175,134
DA:177,134
DA:213,10
DA:214,928
DA:215,928
DA:216,928
DA:217,928
DA:218,928
DA:219,928
DA:220,928
DA:222,928
DA:223,928
DA:224,494
DA:225,1072
DA:226,1070
DA:227,1070
DA:228,1070
DA:231,1070
DA:237,1070
DA:238,1070
DA:243,928
DA:273,0
DA:280,26
DA:281,26
DA:282,26
DA:283,26
DA:284,26
DA:285,7
DA:288,26
DA:289,26
DA:291,26
DA:292,180
DA:295,180
DA:304,0
DA:305,0
DA:307,0
DA:313,0
DA:317,0
DA:341,12
DA:347,10
DA:348,0
DA:350,0
DA:351,0
DA:354,10
DA:355,0
DA:356,0
DA:357,0
DA:360,10
DA:361,1
DA:362,1
DA:365,10
DA:366,0
DA:367,0
DA:370,10
DA:371,0
DA:372,0
DA:375,10
DA:376,0
DA:378,0
DA:380,0
DA:381,0
DA:383,0
DA:386,0
DA:387,0
DA:390,0
DA:393,10
DA:394,0
DA:400,0
DA:402,0
DA:404,0
DA:406,0
DA:407,0
DA:408,0
DA:410,0
DA:421,1
DA:422,1
DA:426,1
DA:473,1
DA:474,2
DA:475,2
DA:476,2
DA:479,1
DA:480,1
DA:482,0
DA:485,1
DA:488,0
DA:492,24
LF:153
LH:100
BRDA:28,0,0,0
BRDA:28,0,1,0
BRDA:29,1,0,0
BRDA:29,1,1,0
BRDA:33,2,0,0
BRDA:33,2,1,0
BRDA:34,3,0,0
BRDA:34,3,1,0
BRDA:34,4,0,0
BRDA:34,4,1,0
BRDA:37,5,0,0
BRDA:37,5,1,0
BRDA:38,6,0,0
BRDA:38,6,1,0
BRDA:38,7,0,0
BRDA:38,7,1,0
BRDA:50,8,0,6
BRDA:50,8,1,24
BRDA:87,9,0,10
BRDA:87,9,1,0
BRDA:92,10,0,0
BRDA:92,10,1,0
BRDA:104,11,0,2
BRDA:104,11,1,14
BRDA:126,12,0,26
BRDA:126,12,1,0
BRDA:153,13,0,5
BRDA:153,13,1,129
BRDA:154,14,0,35
BRDA:154,14,1,30
BRDA:162,15,0,26
BRDA:162,15,1,108
BRDA:163,16,0,26
BRDA:163,16,1,108
BRDA:167,17,0,0
BRDA:167,17,1,134
BRDA:167,18,0,134
BRDA:167,18,1,0
BRDA:168,19,0,0
BRDA:168,19,1,134
BRDA:168,20,0,134
BRDA:168,20,1,0
BRDA:171,21,0,0
BRDA:171,21,1,134
BRDA:180,22,0,26
BRDA:180,22,1,108
BRDA:187,23,0,0
BRDA:187,23,1,134
BRDA:219,24,0,928
BRDA:219,24,1,928
BRDA:223,25,0,494
BRDA:223,25,1,434
BRDA:223,26,0,928
BRDA:223,26,1,928
BRDA:225,27,0,2
BRDA:225,27,1,1070
BRDA:227,28,0,1070
BRDA:227,28,1,0
BRDA:229,29,0,0
BRDA:229,29,1,1070
BRDA:237,30,0,1070
BRDA:237,30,1,84
BRDA:239,31,0,1070
BRDA:239,31,1,84
BRDA:250,32,0,928
BRDA:250,32,1,0
BRDA:250,32,2,0
BRDA:252,33,0,928
BRDA:252,33,1,0
BRDA:252,33,2,0
BRDA:255,34,0,0
BRDA:255,34,1,928
BRDA:255,35,0,928
BRDA:255,35,1,0
BRDA:255,35,2,0
BRDA:281,36,0,26
BRDA:281,36,1,26
BRDA:284,37,0,1
BRDA:284,37,1,25
BRDA:285,38,0,7
BRDA:285,38,1,6
BRDA:292,39,0,0
BRDA:292,39,1,180
BRDA:304,40,0,0
BRDA:304,40,1,0
BRDA:304,40,2,0
BRDA:380,41,0,0
BRDA:380,41,1,0
BRDA:386,42,0,0
BRDA:386,42,1,0
BRDA:387,43,0,0
BRDA:387,43,1,0
BRDA:480,44,0,0
BRDA:480,44,1,1
BRDA:480,44,2,0
BRF:95
BRH:48
end_of_record
TN:
SF:src/BigCalendar/components/TimeGrid/TimeGrid.js
FN:18,(anonymous_0)
FN:29,(anonymous_1)
FN:39,(anonymous_2)
FN:43,(anonymous_3)
FN:55,(anonymous_4)
FN:61,(anonymous_5)
FN:66,(anonymous_6)
FN:76,(anonymous_7)
FN:85,(anonymous_8)
FN:96,(anonymous_9)
FN:100,(anonymous_10)
FN:106,(anonymous_11)
FN:122,(anonymous_12)
FN:129,(anonymous_13)
FN:130,(anonymous_14)
FN:131,(anonymous_15)
FN:135,(anonymous_16)
FN:159,(anonymous_17)
FN:193,(anonymous_18)
FN:213,(anonymous_19)
FN:219,(anonymous_20)
FN:272,(anonymous_21)
FN:277,(anonymous_22)
FN:281,(anonymous_23)
FN:290,(anonymous_24)
FN:299,(anonymous_25)
FN:308,(anonymous_26)
FN:316,(anonymous_27)
FN:322,(anonymous_28)
FNF:29
FNH:20
FNDA:4,(anonymous_0)
FNDA:2,(anonymous_1)
FNDA:2,(anonymous_2)
FNDA:2,(anonymous_3)
FNDA:0,(anonymous_4)
FNDA:0,(anonymous_5)
FNDA:2,(anonymous_6)
FNDA:2,(anonymous_7)
FNDA:1,(anonymous_8)
FNDA:4,(anonymous_9)
FNDA:0,(anonymous_10)
FNDA:0,(anonymous_11)
FNDA:4,(anonymous_12)
FNDA:4,(anonymous_13)
FNDA:16,(anonymous_14)
FNDA:0,(anonymous_15)
FNDA:0,(anonymous_16)
FNDA:4,(anonymous_17)
FNDA:4,(anonymous_18)
FNDA:0,(anonymous_19)
FNDA:0,(anonymous_20)
FNDA:0,(anonymous_21)
FNDA:4,(anonymous_22)
FNDA:2,(anonymous_23)
FNDA:4,(anonymous_24)
FNDA:2,(anonymous_25)
FNDA:2,(anonymous_26)
FNDA:2,(anonymous_27)
FNDA:3,(anonymous_28)
DA:18,1
DA:19,4
DA:20,4
DA:22,4
DA:23,4
DA:25,4
DA:30,2
DA:32,2
DA:34,2
DA:35,2
DA:36,2
DA:40,2
DA:44,2
DA:46,2
DA:47,2
DA:50,2
DA:52,2
DA:55,2
DA:56,0
DA:57,0
DA:61,2
DA:62,0
DA:63,0
DA:67,2
DA:69,2
DA:71,2
DA:72,2
DA:77,2
DA:78,2
DA:81,2
DA:86,1
DA:88,1
DA:92,0
DA:96,2
DA:97,4
DA:100,2
DA:102,0
DA:103,0
DA:106,2
DA:107,0
DA:109,0
DA:110,0
DA:111,0
DA:113,0
DA:123,4
DA:125,4
DA:126,4
DA:127,4
DA:129,4
DA:130,4
DA:131,16
DA:132,0
DA:135,16
DA:136,0
DA:139,16
DA:178,4
DA:180,4
DA:182,4
DA:184,4
DA:185,4
DA:187,4
DA:189,4
DA:190,4
DA:191,4
DA:193,4
DA:196,4
DA:197,4
DA:198,4
DA:199,4
DA:201,4
DA:206,4
DA:208,0
DA:213,4
DA:214,0
DA:215,0
DA:219,4
DA:221,4
DA:273,0
DA:274,0
DA:278,4
DA:279,2
DA:281,4
DA:282,2
DA:284,2
DA:285,0
DA:291,4
DA:292,2
DA:293,2
DA:295,2
DA:300,2
DA:302,2
DA:303,2
DA:305,2
DA:308,2
DA:309,2
DA:311,2
DA:312,2
DA:314,2
DA:315,2
DA:316,2
DA:317,2
DA:322,3
DA:325,1
DA:366,1
LF:104
LH:84
BRDA:25,0,0,4
BRDA:25,0,1,4
BRDA:46,1,0,2
BRDA:46,1,1,0
BRDA:56,2,0,0
BRDA:56,2,1,0
BRDA:71,3,0,2
BRDA:71,3,1,0
BRDA:77,4,0,2
BRDA:77,4,1,0
BRDA:88,5,0,0
BRDA:88,5,1,1
BRDA:89,6,0,1
BRDA:89,6,1,1
BRDA:97,7,0,4
BRDA:97,7,1,2
BRDA:131,8,0,16
BRDA:131,8,1,0
BRDA:135,9,0,16
BRDA:135,9,1,0
BRDA:145,10,0,16
BRDA:145,10,1,0
BRDA:182,11,0,4
BRDA:182,11,1,4
BRDA:197,12,0,4
BRDA:197,12,1,0
BRDA:201,13,0,4
BRDA:201,13,1,0
BRDA:202,14,0,4
BRDA:202,14,1,4
BRDA:202,14,2,4
BRDA:214,15,0,0
BRDA:214,15,1,0
BRDA:278,16,0,2
BRDA:278,16,1,2
BRDA:284,17,0,0
BRDA:284,17,1,2
BRDA:284,18,0,2
BRDA:284,18,1,0
BRDA:291,19,0,2
BRDA:291,19,1,2
BRDA:299,20,0,2
BRDA:309,21,0,0
BRDA:309,21,1,2
BRDA:314,22,0,2
BRDA:314,22,1,0
BRF:46
BRH:29
end_of_record
TN:
SF:src/BigCalendar/components/TimeGrid/TimeGridHeader.constants.js
FNF:0
FNH:0
DA:3,1
DA:33,1
LF:2
LH:2
BRF:0
BRH:0
end_of_record
TN:
SF:src/BigCalendar/components/TimeGrid/TimeGridHeader.js
FN:13,(anonymous_0)
FN:18,(anonymous_1)
FN:29,(anonymous_2)
FN:51,(anonymous_3)
FN:62,(anonymous_4)
FN:83,(anonymous_5)
FN:89,(anonymous_6)
FN:105,(anonymous_7)
FN:134,(anonymous_8)
FN:178,(anonymous_9)
FNF:10
FNH:5
FNDA:0,(anonymous_0)
FNDA:4,(anonymous_1)
FNDA:16,(anonymous_2)
FNDA:0,(anonymous_3)
FNDA:16,(anonymous_4)
FNDA:0,(anonymous_5)
FNDA:0,(anonymous_6)
FNDA:0,(anonymous_7)
FNDA:4,(anonymous_8)
FNDA:4,(anonymous_9)
DA:13,2
DA:14,0
DA:15,0
DA:25,4
DA:27,4
DA:29,4
DA:30,16
DA:31,16
DA:36,16
DA:38,16
DA:40,16
DA:42,16
DA:51,0
DA:62,2
DA:63,16
DA:64,16
DA:65,16
DA:66,16
DA:67,16
DA:68,16
DA:69,16
DA:71,16
DA:83,0
DA:89,2
DA:101,0
DA:103,0
DA:104,0
DA:105,0
DA:108,0
DA:156,4
DA:158,4
DA:159,4
DA:160,0
DA:163,4
DA:165,4
DA:179,4
DA:231,1
LF:37
LH:27
BRDA:24,0,0,4
BRDA:33,1,0,2
BRDA:33,1,1,14
BRDA:36,2,0,2
BRDA:36,2,1,14
BRDA:50,3,0,16
BRDA:50,3,1,0
BRDA:68,4,0,16
BRDA:68,4,1,16
BRDA:104,5,0,0
BRDA:104,5,1,0
BRDA:152,6,0,4
BRDA:159,7,0,0
BRDA:159,7,1,4
BRDA:160,8,0,0
BRDA:160,8,1,0
BRDA:175,9,0,4
BRDA:175,9,1,0
BRDA:179,10,0,4
BRDA:179,10,1,0
BRDA:180,11,0,4
BRDA:180,11,1,0
BRDA:199,12,0,4
BRDA:199,12,1,0
BRDA:206,13,0,4
BRDA:206,13,1,0
BRDA:207,14,0,4
BRDA:207,14,1,0
BRF:28
BRH:16
end_of_record
TN:
SF:src/BigCalendar/components/Toolbar/Toolbar.constants.js
FNF:0
FNH:0
DA:3,1
DA:21,1
LF:2
LH:2
BRF:0
BRH:0
end_of_record
TN:
SF:src/BigCalendar/components/Toolbar/Toolbar.js
FN:24,(anonymous_0)
FN:51,(anonymous_1)
FN:58,(anonymous_2)
FN:64,(anonymous_3)
FN:75,(anonymous_4)
FN:76,(anonymous_5)
FN:96,(anonymous_6)
FN:107,(anonymous_7)
FNF:8
FNH:7
FNDA:29,(anonymous_0)
FNDA:1,(anonymous_1)
FNDA:0,(anonymous_2)
FNDA:1,(anonymous_3)
FNDA:29,(anonymous_4)
FNDA:29,(anonymous_5)
FNDA:1,(anonymous_6)
FNDA:3,(anonymous_7)
DA:24,1
DA:41,29
DA:42,29
DA:51,1
DA:58,0
DA:64,1
DA:75,29
DA:76,29
DA:97,1
DA:107,3
DA:129,1
LF:11
LH:10
BRDA:91,0,0,28
BRDA:91,0,1,1
BRDA:91,1,0,29
BRDA:91,1,1,28
BRDA:97,2,0,1
BRDA:97,2,1,0
BRDA:101,3,0,29
BRDA:101,3,1,0
BRDA:111,4,0,29
BRDA:111,4,1,0
BRF:10
BRH:7
end_of_record
TN:
SF:src/BigCalendar/components/Toolbar/Toolbar.styles.js
FN:4,(anonymous_0)
FNF:1
FNH:1
FNDA:29,(anonymous_0)
DA:4,29
LF:1
LH:1
BRF:0
BRH:0
end_of_record
TN:
SF:src/BigCalendar/components/Toolbar/ViewNamesGroup.constants.js
FNF:0
FNH:0
DA:3,1
DA:11,1
LF:2
LH:2
BRF:0
BRH:0
end_of_record
TN:
SF:src/BigCalendar/components/Toolbar/ViewNamesGroup.js
FN:5,(anonymous_0)
FN:9,(anonymous_1)
FN:12,(anonymous_2)
FN:17,(anonymous_3)
FN:19,(anonymous_4)
FNF:5
FNH:5
FNDA:46,(anonymous_0)
FNDA:29,(anonymous_1)
FNDA:116,(anonymous_2)
FNDA:28,(anonymous_3)
FNDA:3,(anonymous_4)
DA:5,1
DA:6,46
DA:7,46
DA:9,46
DA:10,29
DA:11,29
DA:12,116
DA:14,29
DA:17,46
DA:19,46
DA:20,3
DA:21,3
DA:24,46
DA:25,18
DA:40,28
DA:43,1
LF:16
LH:16
BRDA:11,0,0,29
BRDA:11,0,1,0
BRDA:11,1,0,29
BRDA:11,1,1,29
BRDA:11,1,2,29
BRDA:21,2,0,3
BRDA:21,2,1,0
BRDA:24,3,0,18
BRDA:24,3,1,28
BRDA:24,4,0,46
BRDA:24,4,1,46
BRDA:24,4,2,46
BRDA:24,4,3,46
BRF:13
BRH:11
end_of_record
TN:
SF:src/BigCalendar/components/WeekView/WeekView.js
FN:8,(anonymous_0)
FN:15,(anonymous_1)
FN:34,(anonymous_2)
FN:37,(anonymous_3)
FN:75,(anonymous_4)
FN:88,(anonymous_5)
FN:96,(anonymous_6)
FNF:7
FNH:4
FNDA:1,(anonymous_0)
FNDA:2,(anonymous_1)
FNDA:0,(anonymous_2)
FNDA:0,(anonymous_3)
FNDA:0,(anonymous_4)
FNDA:5,(anonymous_5)
FNDA:2,(anonymous_6)
DA:9,1
DA:28,2
DA:29,2
DA:31,2
DA:33,2
DA:34,0
DA:36,2
DA:37,0
DA:40,2
DA:41,0
DA:42,0
DA:44,2
DA:45,0
DA:46,0
DA:49,2
DA:63,1
DA:73,1
DA:75,1
DA:76,0
DA:78,0
DA:81,0
DA:84,0
DA:88,1
DA:89,5
DA:90,5
DA:91,5
DA:93,5
DA:96,1
DA:97,2
DA:98,2
LF:30
LH:20
BRDA:24,0,0,2
BRDA:25,1,0,2
BRDA:26,2,0,0
BRDA:33,3,0,0
BRDA:33,3,1,2
BRDA:36,4,0,0
BRDA:36,4,1,2
BRDA:36,5,0,2
BRDA:36,5,1,0
BRDA:37,6,0,0
BRDA:37,6,1,0
BRDA:40,7,0,0
BRDA:40,7,1,2
BRDA:44,8,0,0
BRDA:44,8,1,2
BRDA:76,9,0,0
BRDA:76,9,1,0
BRDA:76,9,2,0
BRF:18
BRH:7
end_of_record
TN:
SF:src/BigCalendar/mocks/events-month-view.js
FNF:0
FNH:0
LF:0
LH:0
BRF:0
BRH:0
end_of_record
TN:
SF:src/BigCalendar/mocks/events.js
FNF:0
FNH:0
LF:0
LH:0
BRF:0
BRH:0
end_of_record
